[2022-06-15 16:02:24.361] DEBUG UserDaoImpl.doRetrieve(UserDaoImpl.java:197) - statement:com.pcwk.ehr.user.doRetrieve
[2022-06-15 16:02:24.369] DEBUG UserDaoImpl.doRetrieve(UserDaoImpl.java:198) - ============================
[2022-06-15 16:02:24.369] DEBUG DataSourceUtils.doGetConnection(DataSourceUtils.java:116) - Fetching JDBC Connection from DataSource
[2022-06-15 16:02:24.376] DEBUG DefaultCacheAwareContextLoaderDelegate.loadContext(DefaultCacheAwareContextLoaderDelegate.java:137) - Retrieved ApplicationContext [265321659] from cache with key [[MergedContextConfiguration@5b94b04d testClass = JUnitUserDaoTest, locations = '{file:src/main/webapp/WEB-INF/spring/root-context.xml, file:src/main/webapp/WEB-INF/spring/appServlet/servlet-context.xml}', classes = '{}', contextInitializerClasses = '[]', activeProfiles = '{}', propertySourceLocations = '{}', propertySourceProperties = '{}', contextCustomizers = set[[empty]], contextLoader = 'org.springframework.test.context.support.DelegatingSmartContextLoader', parent = [null]]]
[2022-06-15 16:02:24.376] DEBUG DefaultContextCache.logStatistics(DefaultContextCache.java:290) - Spring test ApplicationContext cache statistics: [DefaultContextCache@537b32ef size = 1, maxSize = 32, parentContextCount = 0, hitCount = 4, missCount = 1]
[2022-06-15 16:02:24.378] DEBUG JUnitUserDaoTest.tearDown(JUnitUserDaoTest.java:198) - ========================
[2022-06-15 16:02:24.378] DEBUG JUnitUserDaoTest.tearDown(JUnitUserDaoTest.java:199) - =9.tearDown()=
[2022-06-15 16:02:24.378] DEBUG JUnitUserDaoTest.tearDown(JUnitUserDaoTest.java:200) - ========================
[2022-06-15 16:02:24.379] DEBUG DefaultCacheAwareContextLoaderDelegate.loadContext(DefaultCacheAwareContextLoaderDelegate.java:137) - Retrieved ApplicationContext [265321659] from cache with key [[MergedContextConfiguration@5b94b04d testClass = JUnitUserDaoTest, locations = '{file:src/main/webapp/WEB-INF/spring/root-context.xml, file:src/main/webapp/WEB-INF/spring/appServlet/servlet-context.xml}', classes = '{}', contextInitializerClasses = '[]', activeProfiles = '{}', propertySourceLocations = '{}', propertySourceProperties = '{}', contextCustomizers = set[[empty]], contextLoader = 'org.springframework.test.context.support.DelegatingSmartContextLoader', parent = [null]]]
[2022-06-15 16:02:24.379] DEBUG DefaultContextCache.logStatistics(DefaultContextCache.java:290) - Spring test ApplicationContext cache statistics: [DefaultContextCache@537b32ef size = 1, maxSize = 32, parentContextCount = 0, hitCount = 5, missCount = 1]
[2022-06-15 16:02:24.379] DEBUG AbstractDirtiesContextTestExecutionListener.beforeOrAfterTestMethod(AbstractDirtiesContextTestExecutionListener.java:108) - After test method: context [DefaultTestContext@385e9564 testClass = JUnitUserDaoTest, testInstance = com.pcwk.ehr.JUnitUserDaoTest@ed7f8b4, testMethod = addAndGet@JUnitUserDaoTest, testException = org.mybatis.spring.MyBatisSystemException: nested exception is org.apache.ibatis.reflection.ReflectionException: Could not set property 'intLevel' of 'class com.pcwk.ehr.user.domain.UserVO' with value '1130' Cause: java.lang.AssertionError: Unknown value : 1130, mergedContextConfiguration = [MergedContextConfiguration@5b94b04d testClass = JUnitUserDaoTest, locations = '{file:src/main/webapp/WEB-INF/spring/root-context.xml, file:src/main/webapp/WEB-INF/spring/appServlet/servlet-context.xml}', classes = '{}', contextInitializerClasses = '[]', activeProfiles = '{}', propertySourceLocations = '{}', propertySourceProperties = '{}', contextCustomizers = set[[empty]], contextLoader = 'org.springframework.test.context.support.DelegatingSmartContextLoader', parent = [null]], attributes = map['org.springframework.test.context.event.ApplicationEventsTestExecutionListener.recordApplicationEvents' -> false]], class annotated with @DirtiesContext [false] with mode [null], method annotated with @DirtiesContext [false] with mode [null].
[2022-06-15 16:02:24.382] DEBUG DefaultCacheAwareContextLoaderDelegate.loadContext(DefaultCacheAwareContextLoaderDelegate.java:137) - Retrieved ApplicationContext [265321659] from cache with key [[MergedContextConfiguration@5b94b04d testClass = JUnitUserDaoTest, locations = '{file:src/main/webapp/WEB-INF/spring/root-context.xml, file:src/main/webapp/WEB-INF/spring/appServlet/servlet-context.xml}', classes = '{}', contextInitializerClasses = '[]', activeProfiles = '{}', propertySourceLocations = '{}', propertySourceProperties = '{}', contextCustomizers = set[[empty]], contextLoader = 'org.springframework.test.context.support.DelegatingSmartContextLoader', parent = [null]]]
[2022-06-15 16:02:24.382] DEBUG DefaultContextCache.logStatistics(DefaultContextCache.java:290) - Spring test ApplicationContext cache statistics: [DefaultContextCache@537b32ef size = 1, maxSize = 32, parentContextCount = 0, hitCount = 6, missCount = 1]
[2022-06-15 16:02:24.382] DEBUG AbstractDirtiesContextTestExecutionListener.beforeOrAfterTestClass(AbstractDirtiesContextTestExecutionListener.java:143) - After test class: context [DefaultTestContext@385e9564 testClass = JUnitUserDaoTest, testInstance = [null], testMethod = [null], testException = [null], mergedContextConfiguration = [MergedContextConfiguration@5b94b04d testClass = JUnitUserDaoTest, locations = '{file:src/main/webapp/WEB-INF/spring/root-context.xml, file:src/main/webapp/WEB-INF/spring/appServlet/servlet-context.xml}', classes = '{}', contextInitializerClasses = '[]', activeProfiles = '{}', propertySourceLocations = '{}', propertySourceProperties = '{}', contextCustomizers = set[[empty]], contextLoader = 'org.springframework.test.context.support.DelegatingSmartContextLoader', parent = [null]], attributes = map['org.springframework.test.context.event.ApplicationEventsTestExecutionListener.recordApplicationEvents' -> false]], class annotated with @DirtiesContext [false] with mode [null].
[2022-06-15 16:02:34.712] DEBUG SpringJUnit4ClassRunner.<init>(SpringJUnit4ClassRunner.java:139) - SpringJUnit4ClassRunner constructor called with [class com.pcwk.ehr.JUnitUserDaoTest]
[2022-06-15 16:02:34.718] DEBUG BootstrapUtils.createCacheAwareContextLoaderDelegate(BootstrapUtils.java:108) - Instantiating CacheAwareContextLoaderDelegate from class [org.springframework.test.context.cache.DefaultCacheAwareContextLoaderDelegate]
[2022-06-15 16:02:34.723] DEBUG BootstrapUtils.createBootstrapContext(BootstrapUtils.java:88) - Instantiating BootstrapContext using constructor [public org.springframework.test.context.support.DefaultBootstrapContext(java.lang.Class,org.springframework.test.context.CacheAwareContextLoaderDelegate)]
[2022-06-15 16:02:34.744] DEBUG BootstrapUtils.resolveTestContextBootstrapper(BootstrapUtils.java:143) - Instantiating TestContextBootstrapper for test class [com.pcwk.ehr.JUnitUserDaoTest] from class [org.springframework.test.context.support.DefaultTestContextBootstrapper]
[2022-06-15 16:02:34.760] DEBUG AbstractDelegatingSmartContextLoader.delegateProcessing(AbstractDelegatingSmartContextLoader.java:263) - Delegating to GenericXmlContextLoader to process context configuration [ContextConfigurationAttributes@1b7cc17c declaringClass = 'com.pcwk.ehr.JUnitUserDaoTest', classes = '{}', locations = '{file:src/main/webapp/WEB-INF/spring/root-context.xml, file:src/main/webapp/WEB-INF/spring/appServlet/servlet-context.xml}', inheritLocations = true, initializers = '{}', inheritInitializers = true, name = [null], contextLoaderClass = 'org.springframework.test.context.ContextLoader'].
[2022-06-15 16:02:34.783] DEBUG ActiveProfilesUtils.resolveActiveProfiles(ActiveProfilesUtils.java:79) - Could not find an 'annotation declaring class' for annotation type [org.springframework.test.context.ActiveProfiles] and class [com.pcwk.ehr.JUnitUserDaoTest]
[2022-06-15 16:02:34.784] DEBUG AbstractTestContextBootstrapper.getTestExecutionListeners(AbstractTestContextBootstrapper.java:124) - @TestExecutionListeners is not present for class [com.pcwk.ehr.JUnitUserDaoTest]: using defaults.
[2022-06-15 16:02:34.784] INFO  AbstractTestContextBootstrapper.getDefaultTestExecutionListenerClassNames(AbstractTestContextBootstrapper.java:245) - Loaded default TestExecutionListener class names from location [META-INF/spring.factories]: [org.springframework.test.context.web.ServletTestExecutionListener, org.springframework.test.context.support.DirtiesContextBeforeModesTestExecutionListener, org.springframework.test.context.event.ApplicationEventsTestExecutionListener, org.springframework.test.context.support.DependencyInjectionTestExecutionListener, org.springframework.test.context.support.DirtiesContextTestExecutionListener, org.springframework.test.context.transaction.TransactionalTestExecutionListener, org.springframework.test.context.jdbc.SqlScriptsTestExecutionListener, org.springframework.test.context.event.EventPublishingTestExecutionListener]
[2022-06-15 16:02:34.798] INFO  AbstractTestContextBootstrapper.getTestExecutionListeners(AbstractTestContextBootstrapper.java:174) - Using TestExecutionListeners: [org.springframework.test.context.web.ServletTestExecutionListener@24313fcc, org.springframework.test.context.support.DirtiesContextBeforeModesTestExecutionListener@7d20d0b, org.springframework.test.context.event.ApplicationEventsTestExecutionListener@77f1baf5, org.springframework.test.context.support.DependencyInjectionTestExecutionListener@41a2befb, org.springframework.test.context.support.DirtiesContextTestExecutionListener@6c40365c, org.springframework.test.context.transaction.TransactionalTestExecutionListener@7bedc48a, org.springframework.test.context.jdbc.SqlScriptsTestExecutionListener@131ef10, org.springframework.test.context.event.EventPublishingTestExecutionListener@55b0dcab]
[2022-06-15 16:02:34.799] DEBUG ProfileValueUtils.retrieveProfileValueSource(ProfileValueUtils.java:70) - Retrieved @ProfileValueSourceConfiguration [null] for test class [com.pcwk.ehr.JUnitUserDaoTest]
[2022-06-15 16:02:34.800] DEBUG ProfileValueUtils.retrieveProfileValueSource(ProfileValueUtils.java:83) - Retrieved ProfileValueSource type [class org.springframework.test.annotation.SystemProfileValueSource] for class [com.pcwk.ehr.JUnitUserDaoTest]
[2022-06-15 16:02:34.801] DEBUG ProfileValueUtils.retrieveProfileValueSource(ProfileValueUtils.java:70) - Retrieved @ProfileValueSourceConfiguration [null] for test class [com.pcwk.ehr.JUnitUserDaoTest]
[2022-06-15 16:02:34.801] DEBUG ProfileValueUtils.retrieveProfileValueSource(ProfileValueUtils.java:83) - Retrieved ProfileValueSource type [class org.springframework.test.annotation.SystemProfileValueSource] for class [com.pcwk.ehr.JUnitUserDaoTest]
[2022-06-15 16:02:34.801] DEBUG ProfileValueUtils.retrieveProfileValueSource(ProfileValueUtils.java:70) - Retrieved @ProfileValueSourceConfiguration [null] for test class [com.pcwk.ehr.JUnitUserDaoTest]
[2022-06-15 16:02:34.801] DEBUG ProfileValueUtils.retrieveProfileValueSource(ProfileValueUtils.java:83) - Retrieved ProfileValueSource type [class org.springframework.test.annotation.SystemProfileValueSource] for class [com.pcwk.ehr.JUnitUserDaoTest]
[2022-06-15 16:02:34.812] DEBUG ProfileValueUtils.retrieveProfileValueSource(ProfileValueUtils.java:70) - Retrieved @ProfileValueSourceConfiguration [null] for test class [com.pcwk.ehr.JUnitUserDaoTest]
[2022-06-15 16:02:34.812] DEBUG ProfileValueUtils.retrieveProfileValueSource(ProfileValueUtils.java:83) - Retrieved ProfileValueSource type [class org.springframework.test.annotation.SystemProfileValueSource] for class [com.pcwk.ehr.JUnitUserDaoTest]
[2022-06-15 16:02:34.813] DEBUG ProfileValueUtils.retrieveProfileValueSource(ProfileValueUtils.java:70) - Retrieved @ProfileValueSourceConfiguration [null] for test class [com.pcwk.ehr.JUnitUserDaoTest]
[2022-06-15 16:02:34.813] DEBUG ProfileValueUtils.retrieveProfileValueSource(ProfileValueUtils.java:83) - Retrieved ProfileValueSource type [class org.springframework.test.annotation.SystemProfileValueSource] for class [com.pcwk.ehr.JUnitUserDaoTest]
[2022-06-15 16:02:34.814] DEBUG ProfileValueUtils.retrieveProfileValueSource(ProfileValueUtils.java:70) - Retrieved @ProfileValueSourceConfiguration [null] for test class [com.pcwk.ehr.JUnitUserDaoTest]
[2022-06-15 16:02:34.814] DEBUG ProfileValueUtils.retrieveProfileValueSource(ProfileValueUtils.java:83) - Retrieved ProfileValueSource type [class org.springframework.test.annotation.SystemProfileValueSource] for class [com.pcwk.ehr.JUnitUserDaoTest]
[2022-06-15 16:02:34.816] DEBUG AbstractDirtiesContextTestExecutionListener.beforeOrAfterTestClass(AbstractDirtiesContextTestExecutionListener.java:143) - Before test class: context [DefaultTestContext@385e9564 testClass = JUnitUserDaoTest, testInstance = [null], testMethod = [null], testException = [null], mergedContextConfiguration = [MergedContextConfiguration@5b94b04d testClass = JUnitUserDaoTest, locations = '{file:src/main/webapp/WEB-INF/spring/root-context.xml, file:src/main/webapp/WEB-INF/spring/appServlet/servlet-context.xml}', classes = '{}', contextInitializerClasses = '[]', activeProfiles = '{}', propertySourceLocations = '{}', propertySourceProperties = '{}', contextCustomizers = set[[empty]], contextLoader = 'org.springframework.test.context.support.DelegatingSmartContextLoader', parent = [null]], attributes = map[[empty]]], class annotated with @DirtiesContext [false] with mode [null].
[2022-06-15 16:02:34.818] DEBUG ProfileValueUtils.retrieveProfileValueSource(ProfileValueUtils.java:70) - Retrieved @ProfileValueSourceConfiguration [null] for test class [com.pcwk.ehr.JUnitUserDaoTest]
[2022-06-15 16:02:34.819] DEBUG ProfileValueUtils.retrieveProfileValueSource(ProfileValueUtils.java:83) - Retrieved ProfileValueSource type [class org.springframework.test.annotation.SystemProfileValueSource] for class [com.pcwk.ehr.JUnitUserDaoTest]
[2022-06-15 16:02:34.821] DEBUG DependencyInjectionTestExecutionListener.prepareTestInstance(DependencyInjectionTestExecutionListener.java:81) - Performing dependency injection for test context [[DefaultTestContext@385e9564 testClass = JUnitUserDaoTest, testInstance = com.pcwk.ehr.JUnitUserDaoTest@ed7f8b4, testMethod = [null], testException = [null], mergedContextConfiguration = [MergedContextConfiguration@5b94b04d testClass = JUnitUserDaoTest, locations = '{file:src/main/webapp/WEB-INF/spring/root-context.xml, file:src/main/webapp/WEB-INF/spring/appServlet/servlet-context.xml}', classes = '{}', contextInitializerClasses = '[]', activeProfiles = '{}', propertySourceLocations = '{}', propertySourceProperties = '{}', contextCustomizers = set[[empty]], contextLoader = 'org.springframework.test.context.support.DelegatingSmartContextLoader', parent = [null]], attributes = map['org.springframework.test.context.event.ApplicationEventsTestExecutionListener.recordApplicationEvents' -> false]]].
[2022-06-15 16:02:34.821] DEBUG AbstractDelegatingSmartContextLoader.delegateLoading(AbstractDelegatingSmartContextLoader.java:273) - Delegating to GenericXmlContextLoader to load context from [MergedContextConfiguration@5b94b04d testClass = JUnitUserDaoTest, locations = '{file:src/main/webapp/WEB-INF/spring/root-context.xml, file:src/main/webapp/WEB-INF/spring/appServlet/servlet-context.xml}', classes = '{}', contextInitializerClasses = '[]', activeProfiles = '{}', propertySourceLocations = '{}', propertySourceProperties = '{}', contextCustomizers = set[[empty]], contextLoader = 'org.springframework.test.context.support.DelegatingSmartContextLoader', parent = [null]].
[2022-06-15 16:02:34.823] DEBUG AbstractGenericContextLoader.loadContext(AbstractGenericContextLoader.java:107) - Loading ApplicationContext for merged context configuration [[MergedContextConfiguration@5b94b04d testClass = JUnitUserDaoTest, locations = '{file:src/main/webapp/WEB-INF/spring/root-context.xml, file:src/main/webapp/WEB-INF/spring/appServlet/servlet-context.xml}', classes = '{}', contextInitializerClasses = '[]', activeProfiles = '{}', propertySourceLocations = '{}', propertySourceProperties = '{}', contextCustomizers = set[[empty]], contextLoader = 'org.springframework.test.context.support.DelegatingSmartContextLoader', parent = [null]]].
[2022-06-15 16:02:35.722] DEBUG NameMatchTransactionAttributeSource.addTransactionalMethod(NameMatchTransactionAttributeSource.java:102) - Adding transactional method [do*] with attribute [PROPAGATION_REQUIRED,ISOLATION_DEFAULT,readOnly]
[2022-06-15 16:02:35.723] DEBUG NameMatchTransactionAttributeSource.addTransactionalMethod(NameMatchTransactionAttributeSource.java:102) - Adding transactional method [up*] with attribute [PROPAGATION_REQUIRED,ISOLATION_DEFAULT]
[2022-06-15 16:02:36.187] DEBUG AbstractDetectingUrlHandlerMapping.detectHandlers(AbstractDetectingUrlHandlerMapping.java:86) - 'org.springframework.web.servlet.handler.BeanNameUrlHandlerMapping' {}
[2022-06-15 16:02:36.237] DEBUG SimpleUrlHandlerMapping.logMappings(SimpleUrlHandlerMapping.java:177) - 'org.springframework.web.servlet.handler.SimpleUrlHandlerMapping#0' {/resources/**=ResourceHttpRequestHandler [classpath [resources/]]}
[2022-06-15 16:02:36.285] DEBUG DefaultCacheAwareContextLoaderDelegate.loadContext(DefaultCacheAwareContextLoaderDelegate.java:126) - Storing ApplicationContext [265321659] in cache under key [[MergedContextConfiguration@5b94b04d testClass = JUnitUserDaoTest, locations = '{file:src/main/webapp/WEB-INF/spring/root-context.xml, file:src/main/webapp/WEB-INF/spring/appServlet/servlet-context.xml}', classes = '{}', contextInitializerClasses = '[]', activeProfiles = '{}', propertySourceLocations = '{}', propertySourceProperties = '{}', contextCustomizers = set[[empty]], contextLoader = 'org.springframework.test.context.support.DelegatingSmartContextLoader', parent = [null]]]
[2022-06-15 16:02:36.286] DEBUG DefaultContextCache.logStatistics(DefaultContextCache.java:290) - Spring test ApplicationContext cache statistics: [DefaultContextCache@537b32ef size = 1, maxSize = 32, parentContextCount = 0, hitCount = 0, missCount = 1]
[2022-06-15 16:02:36.291] DEBUG DefaultCacheAwareContextLoaderDelegate.loadContext(DefaultCacheAwareContextLoaderDelegate.java:137) - Retrieved ApplicationContext [265321659] from cache with key [[MergedContextConfiguration@5b94b04d testClass = JUnitUserDaoTest, locations = '{file:src/main/webapp/WEB-INF/spring/root-context.xml, file:src/main/webapp/WEB-INF/spring/appServlet/servlet-context.xml}', classes = '{}', contextInitializerClasses = '[]', activeProfiles = '{}', propertySourceLocations = '{}', propertySourceProperties = '{}', contextCustomizers = set[[empty]], contextLoader = 'org.springframework.test.context.support.DelegatingSmartContextLoader', parent = [null]]]
[2022-06-15 16:02:36.292] DEBUG DefaultContextCache.logStatistics(DefaultContextCache.java:290) - Spring test ApplicationContext cache statistics: [DefaultContextCache@537b32ef size = 1, maxSize = 32, parentContextCount = 0, hitCount = 1, missCount = 1]
[2022-06-15 16:02:36.303] DEBUG AbstractDirtiesContextTestExecutionListener.beforeOrAfterTestMethod(AbstractDirtiesContextTestExecutionListener.java:108) - Before test method: context [DefaultTestContext@385e9564 testClass = JUnitUserDaoTest, testInstance = com.pcwk.ehr.JUnitUserDaoTest@ed7f8b4, testMethod = addAndGet@JUnitUserDaoTest, testException = [null], mergedContextConfiguration = [MergedContextConfiguration@5b94b04d testClass = JUnitUserDaoTest, locations = '{file:src/main/webapp/WEB-INF/spring/root-context.xml, file:src/main/webapp/WEB-INF/spring/appServlet/servlet-context.xml}', classes = '{}', contextInitializerClasses = '[]', activeProfiles = '{}', propertySourceLocations = '{}', propertySourceProperties = '{}', contextCustomizers = set[[empty]], contextLoader = 'org.springframework.test.context.support.DelegatingSmartContextLoader', parent = [null]], attributes = map['org.springframework.test.context.event.ApplicationEventsTestExecutionListener.recordApplicationEvents' -> false]], class annotated with @DirtiesContext [false] with mode [null], method annotated with @DirtiesContext [false] with mode [null].
[2022-06-15 16:02:36.312] DEBUG DefaultCacheAwareContextLoaderDelegate.loadContext(DefaultCacheAwareContextLoaderDelegate.java:137) - Retrieved ApplicationContext [265321659] from cache with key [[MergedContextConfiguration@5b94b04d testClass = JUnitUserDaoTest, locations = '{file:src/main/webapp/WEB-INF/spring/root-context.xml, file:src/main/webapp/WEB-INF/spring/appServlet/servlet-context.xml}', classes = '{}', contextInitializerClasses = '[]', activeProfiles = '{}', propertySourceLocations = '{}', propertySourceProperties = '{}', contextCustomizers = set[[empty]], contextLoader = 'org.springframework.test.context.support.DelegatingSmartContextLoader', parent = [null]]]
[2022-06-15 16:02:36.312] DEBUG DefaultContextCache.logStatistics(DefaultContextCache.java:290) - Spring test ApplicationContext cache statistics: [DefaultContextCache@537b32ef size = 1, maxSize = 32, parentContextCount = 0, hitCount = 2, missCount = 1]
[2022-06-15 16:02:36.313] DEBUG JUnitUserDaoTest.setUp(JUnitUserDaoTest.java:43) - ========================
[2022-06-15 16:02:36.313] DEBUG JUnitUserDaoTest.setUp(JUnitUserDaoTest.java:44) - =0.setUp()=
[2022-06-15 16:02:36.313] DEBUG JUnitUserDaoTest.setUp(JUnitUserDaoTest.java:45) - ========================
[2022-06-15 16:02:36.317] DEBUG JUnitUserDaoTest.setUp(JUnitUserDaoTest.java:51) - context : org.springframework.context.support.GenericApplicationContext@fd07cbb, started on Wed Jun 15 16:02:35 KST 2022
[2022-06-15 16:02:36.317] DEBUG JUnitUserDaoTest.setUp(JUnitUserDaoTest.java:52) - dao : com.pcwk.ehr.user.dao.UserDaoImpl@607b2792
[2022-06-15 16:02:36.318] DEBUG DefaultCacheAwareContextLoaderDelegate.loadContext(DefaultCacheAwareContextLoaderDelegate.java:137) - Retrieved ApplicationContext [265321659] from cache with key [[MergedContextConfiguration@5b94b04d testClass = JUnitUserDaoTest, locations = '{file:src/main/webapp/WEB-INF/spring/root-context.xml, file:src/main/webapp/WEB-INF/spring/appServlet/servlet-context.xml}', classes = '{}', contextInitializerClasses = '[]', activeProfiles = '{}', propertySourceLocations = '{}', propertySourceProperties = '{}', contextCustomizers = set[[empty]], contextLoader = 'org.springframework.test.context.support.DelegatingSmartContextLoader', parent = [null]]]
[2022-06-15 16:02:36.318] DEBUG DefaultContextCache.logStatistics(DefaultContextCache.java:290) - Spring test ApplicationContext cache statistics: [DefaultContextCache@537b32ef size = 1, maxSize = 32, parentContextCount = 0, hitCount = 3, missCount = 1]
[2022-06-15 16:02:36.318] DEBUG JUnitUserDaoTest.addAndGet(JUnitUserDaoTest.java:132) - ========================
[2022-06-15 16:02:36.319] DEBUG JUnitUserDaoTest.addAndGet(JUnitUserDaoTest.java:133) - =1.addAndGet()=
[2022-06-15 16:02:36.319] DEBUG JUnitUserDaoTest.addAndGet(JUnitUserDaoTest.java:134) - ========================
[2022-06-15 16:02:36.319] DEBUG UserDaoImpl.doDelete(UserDaoImpl.java:183) - ============================
[2022-06-15 16:02:36.319] DEBUG UserDaoImpl.doDelete(UserDaoImpl.java:184) - param:UserVO [uId=p03, name=김동호03, passwd=1130, level=BASIC, login=1, recommend=0, email=tubus1130@gmail.com, regDt=날짜_사용안함, toString()=com.pcwk.ehr.user.domain.UserVO@3e598df9]
[2022-06-15 16:02:36.319] DEBUG UserDaoImpl.doDelete(UserDaoImpl.java:185) - statement:com.pcwk.ehr.user.doDelete
[2022-06-15 16:02:36.319] DEBUG UserDaoImpl.doDelete(UserDaoImpl.java:186) - ============================
[2022-06-15 16:02:36.333] DEBUG DataSourceUtils.doGetConnection(DataSourceUtils.java:116) - Fetching JDBC Connection from DataSource
[2022-06-15 16:02:37.024] DEBUG UserDaoImpl.doDelete(UserDaoImpl.java:188) - flag = 1
[2022-06-15 16:02:37.024] DEBUG UserDaoImpl.doDelete(UserDaoImpl.java:183) - ============================
[2022-06-15 16:02:37.024] DEBUG UserDaoImpl.doDelete(UserDaoImpl.java:184) - param:UserVO [uId=p030, name=김동호030, passwd=1130, level=SILVER, login=50, recommend=2, email=tubus1130@gmail.com, regDt=날짜_사용안함, toString()=com.pcwk.ehr.user.domain.UserVO@2ca5f1ed]
[2022-06-15 16:02:37.024] DEBUG UserDaoImpl.doDelete(UserDaoImpl.java:185) - statement:com.pcwk.ehr.user.doDelete
[2022-06-15 16:02:37.024] DEBUG UserDaoImpl.doDelete(UserDaoImpl.java:186) - ============================
[2022-06-15 16:02:37.024] DEBUG DataSourceUtils.doGetConnection(DataSourceUtils.java:116) - Fetching JDBC Connection from DataSource
[2022-06-15 16:02:37.025] DEBUG UserDaoImpl.doDelete(UserDaoImpl.java:188) - flag = 1
[2022-06-15 16:02:37.026] DEBUG UserDaoImpl.doDelete(UserDaoImpl.java:183) - ============================
[2022-06-15 16:02:37.026] DEBUG UserDaoImpl.doDelete(UserDaoImpl.java:184) - param:UserVO [uId=p0300, name=김동호0300, passwd=1130, level=GOLD, login=100, recommend=31, email=tubus1130@gmail.com, regDt=날짜_사용안함, toString()=com.pcwk.ehr.user.domain.UserVO@28348c6]
[2022-06-15 16:02:37.026] DEBUG UserDaoImpl.doDelete(UserDaoImpl.java:185) - statement:com.pcwk.ehr.user.doDelete
[2022-06-15 16:02:37.026] DEBUG UserDaoImpl.doDelete(UserDaoImpl.java:186) - ============================
[2022-06-15 16:02:37.026] DEBUG DataSourceUtils.doGetConnection(DataSourceUtils.java:116) - Fetching JDBC Connection from DataSource
[2022-06-15 16:02:37.027] DEBUG UserDaoImpl.doDelete(UserDaoImpl.java:188) - flag = 0
[2022-06-15 16:02:37.027] DEBUG UserDaoImpl.getCount(UserDaoImpl.java:105) - ============================
[2022-06-15 16:02:37.027] DEBUG UserDaoImpl.getCount(UserDaoImpl.java:106) - param:UserVO [uId=p03, name=김동호03, passwd=1130, level=BASIC, login=1, recommend=0, email=tubus1130@gmail.com, regDt=날짜_사용안함, toString()=com.pcwk.ehr.user.domain.UserVO@3e598df9]
[2022-06-15 16:02:37.027] DEBUG UserDaoImpl.getCount(UserDaoImpl.java:107) - statement: com.pcwk.ehr.user.getCount
[2022-06-15 16:02:37.027] DEBUG UserDaoImpl.getCount(UserDaoImpl.java:108) - ============================
[2022-06-15 16:02:37.029] DEBUG DataSourceUtils.doGetConnection(DataSourceUtils.java:116) - Fetching JDBC Connection from DataSource
[2022-06-15 16:02:37.074] DEBUG UserDaoImpl.getCount(UserDaoImpl.java:111) - ============================
[2022-06-15 16:02:37.074] DEBUG UserDaoImpl.getCount(UserDaoImpl.java:112) - count=0
[2022-06-15 16:02:37.074] DEBUG UserDaoImpl.getCount(UserDaoImpl.java:113) - ============================
[2022-06-15 16:02:37.074] DEBUG UserDaoImpl.doInsert(UserDaoImpl.java:131) - ============================
[2022-06-15 16:02:37.074] DEBUG UserDaoImpl.doInsert(UserDaoImpl.java:132) - param:UserVO [uId=p03, name=김동호03, passwd=1130, level=BASIC, login=1, recommend=0, email=tubus1130@gmail.com, regDt=날짜_사용안함, toString()=com.pcwk.ehr.user.domain.UserVO@3e598df9]
[2022-06-15 16:02:37.074] DEBUG UserDaoImpl.doInsert(UserDaoImpl.java:133) - statement:com.pcwk.ehr.user.doInsert
[2022-06-15 16:02:37.074] DEBUG UserDaoImpl.doInsert(UserDaoImpl.java:134) - ============================
[2022-06-15 16:02:37.074] DEBUG DataSourceUtils.doGetConnection(DataSourceUtils.java:116) - Fetching JDBC Connection from DataSource
[2022-06-15 16:02:37.078] DEBUG UserDaoImpl.doInsert(UserDaoImpl.java:137) - flag : 1
[2022-06-15 16:02:37.078] DEBUG UserDaoImpl.getCount(UserDaoImpl.java:105) - ============================
[2022-06-15 16:02:37.078] DEBUG UserDaoImpl.getCount(UserDaoImpl.java:106) - param:UserVO [uId=p03, name=김동호03, passwd=1130, level=BASIC, login=1, recommend=0, email=tubus1130@gmail.com, regDt=날짜_사용안함, toString()=com.pcwk.ehr.user.domain.UserVO@3e598df9]
[2022-06-15 16:02:37.078] DEBUG UserDaoImpl.getCount(UserDaoImpl.java:107) - statement: com.pcwk.ehr.user.getCount
[2022-06-15 16:02:37.078] DEBUG UserDaoImpl.getCount(UserDaoImpl.java:108) - ============================
[2022-06-15 16:02:37.078] DEBUG DataSourceUtils.doGetConnection(DataSourceUtils.java:116) - Fetching JDBC Connection from DataSource
[2022-06-15 16:02:37.079] DEBUG UserDaoImpl.getCount(UserDaoImpl.java:111) - ============================
[2022-06-15 16:02:37.079] DEBUG UserDaoImpl.getCount(UserDaoImpl.java:112) - count=1
[2022-06-15 16:02:37.079] DEBUG UserDaoImpl.getCount(UserDaoImpl.java:113) - ============================
[2022-06-15 16:02:37.079] DEBUG UserDaoImpl.doInsert(UserDaoImpl.java:131) - ============================
[2022-06-15 16:02:37.079] DEBUG UserDaoImpl.doInsert(UserDaoImpl.java:132) - param:UserVO [uId=p030, name=김동호030, passwd=1130, level=SILVER, login=50, recommend=2, email=tubus1130@gmail.com, regDt=날짜_사용안함, toString()=com.pcwk.ehr.user.domain.UserVO@2ca5f1ed]
[2022-06-15 16:02:37.080] DEBUG UserDaoImpl.doInsert(UserDaoImpl.java:133) - statement:com.pcwk.ehr.user.doInsert
[2022-06-15 16:02:37.080] DEBUG UserDaoImpl.doInsert(UserDaoImpl.java:134) - ============================
[2022-06-15 16:02:37.080] DEBUG DataSourceUtils.doGetConnection(DataSourceUtils.java:116) - Fetching JDBC Connection from DataSource
[2022-06-15 16:02:37.081] DEBUG UserDaoImpl.doInsert(UserDaoImpl.java:137) - flag : 1
[2022-06-15 16:02:37.081] DEBUG UserDaoImpl.getCount(UserDaoImpl.java:105) - ============================
[2022-06-15 16:02:37.081] DEBUG UserDaoImpl.getCount(UserDaoImpl.java:106) - param:UserVO [uId=p03, name=김동호03, passwd=1130, level=BASIC, login=1, recommend=0, email=tubus1130@gmail.com, regDt=날짜_사용안함, toString()=com.pcwk.ehr.user.domain.UserVO@3e598df9]
[2022-06-15 16:02:37.081] DEBUG UserDaoImpl.getCount(UserDaoImpl.java:107) - statement: com.pcwk.ehr.user.getCount
[2022-06-15 16:02:37.081] DEBUG UserDaoImpl.getCount(UserDaoImpl.java:108) - ============================
[2022-06-15 16:02:37.082] DEBUG DataSourceUtils.doGetConnection(DataSourceUtils.java:116) - Fetching JDBC Connection from DataSource
[2022-06-15 16:02:37.082] DEBUG UserDaoImpl.getCount(UserDaoImpl.java:111) - ============================
[2022-06-15 16:02:37.083] DEBUG UserDaoImpl.getCount(UserDaoImpl.java:112) - count=2
[2022-06-15 16:02:37.083] DEBUG UserDaoImpl.getCount(UserDaoImpl.java:113) - ============================
[2022-06-15 16:02:37.083] DEBUG UserDaoImpl.doSelectOne(UserDaoImpl.java:166) - ============================
[2022-06-15 16:02:37.083] DEBUG UserDaoImpl.doSelectOne(UserDaoImpl.java:167) - param:UserVO [uId=p03, name=김동호03, passwd=1130, level=BASIC, login=1, recommend=0, email=tubus1130@gmail.com, regDt=날짜_사용안함, toString()=com.pcwk.ehr.user.domain.UserVO@3e598df9]
[2022-06-15 16:02:37.083] DEBUG UserDaoImpl.doSelectOne(UserDaoImpl.java:168) - statement:com.pcwk.ehr.user.doSelectOne
[2022-06-15 16:02:37.083] DEBUG UserDaoImpl.doSelectOne(UserDaoImpl.java:169) - ============================
[2022-06-15 16:02:37.083] DEBUG DataSourceUtils.doGetConnection(DataSourceUtils.java:116) - Fetching JDBC Connection from DataSource
[2022-06-15 16:02:37.088] DEBUG UserDaoImpl.doSelectOne(UserDaoImpl.java:172) - ============================
[2022-06-15 16:02:37.088] DEBUG UserDaoImpl.doSelectOne(UserDaoImpl.java:173) - **outVO=UserVO [uId=p03, name=김동호03, passwd=1130, level=BASIC, login=1, recommend=0, email=tubus1130@gmail.com, regDt=2022-06-15 16:02:37, toString()=com.pcwk.ehr.user.domain.UserVO@4c48fe92]
[2022-06-15 16:02:37.089] DEBUG UserDaoImpl.doSelectOne(UserDaoImpl.java:174) - ============================
[2022-06-15 16:02:37.089] DEBUG UserDaoImpl.doSelectOne(UserDaoImpl.java:166) - ============================
[2022-06-15 16:02:37.089] DEBUG UserDaoImpl.doSelectOne(UserDaoImpl.java:167) - param:UserVO [uId=p030, name=김동호030, passwd=1130, level=SILVER, login=50, recommend=2, email=tubus1130@gmail.com, regDt=날짜_사용안함, toString()=com.pcwk.ehr.user.domain.UserVO@2ca5f1ed]
[2022-06-15 16:02:37.089] DEBUG UserDaoImpl.doSelectOne(UserDaoImpl.java:168) - statement:com.pcwk.ehr.user.doSelectOne
[2022-06-15 16:02:37.089] DEBUG UserDaoImpl.doSelectOne(UserDaoImpl.java:169) - ============================
[2022-06-15 16:02:37.089] DEBUG DataSourceUtils.doGetConnection(DataSourceUtils.java:116) - Fetching JDBC Connection from DataSource
[2022-06-15 16:02:37.091] DEBUG UserDaoImpl.doSelectOne(UserDaoImpl.java:172) - ============================
[2022-06-15 16:02:37.091] DEBUG UserDaoImpl.doSelectOne(UserDaoImpl.java:173) - **outVO=UserVO [uId=p030, name=김동호030, passwd=1130, level=SILVER, login=50, recommend=2, email=tubus1130@gmail.com, regDt=2022-06-15 16:02:37, toString()=com.pcwk.ehr.user.domain.UserVO@3d6a6bee]
[2022-06-15 16:02:37.091] DEBUG UserDaoImpl.doSelectOne(UserDaoImpl.java:174) - ============================
[2022-06-15 16:02:37.091] DEBUG UserDaoImpl.doRetrieve(UserDaoImpl.java:195) - ============================
[2022-06-15 16:02:37.091] DEBUG UserDaoImpl.doRetrieve(UserDaoImpl.java:196) - param:UserVO [uId=p03, name=김동호03, passwd=1130, level=BASIC, login=1, recommend=0, email=tubus1130@gmail.com, regDt=날짜_사용안함, toString()=com.pcwk.ehr.user.domain.UserVO@3e598df9]
[2022-06-15 16:02:37.091] DEBUG UserDaoImpl.doRetrieve(UserDaoImpl.java:197) - statement:com.pcwk.ehr.user.doRetrieve
[2022-06-15 16:02:37.091] DEBUG UserDaoImpl.doRetrieve(UserDaoImpl.java:198) - ============================
[2022-06-15 16:02:37.091] DEBUG DataSourceUtils.doGetConnection(DataSourceUtils.java:116) - Fetching JDBC Connection from DataSource
[2022-06-15 16:02:37.101] DEBUG UserDaoImpl.doRetrieve(UserDaoImpl.java:202) - UserVO [uId=p03, name=김동호03, passwd=1130, level=BASIC, login=0, recommend=0, email=tubus1130@gmail.com, regDt=16:02:37, toString()=com.pcwk.ehr.user.domain.UserVO@eb507b9]
[2022-06-15 16:02:37.101] DEBUG UserDaoImpl.doRetrieve(UserDaoImpl.java:202) - UserVO [uId=p030, name=김동호030, passwd=1130, level=SILVER, login=0, recommend=2, email=tubus1130@gmail.com, regDt=16:02:37, toString()=com.pcwk.ehr.user.domain.UserVO@390877d2]
[2022-06-15 16:02:37.101] DEBUG UserDaoImpl.doRetrieve(UserDaoImpl.java:202) - UserVO [uId=p31, name=이상무31, passwd=4321, level=BASIC, login=0, recommend=0, email=jamesol@paran.com, regDt=16:02:33, toString()=com.pcwk.ehr.user.domain.UserVO@86733]
[2022-06-15 16:02:37.101] DEBUG UserDaoImpl.doRetrieve(UserDaoImpl.java:202) - UserVO [uId=p310, name=이상무310, passwd=4321, level=SILVER, login=0, recommend=2, email=jamesol@naver.com, regDt=16:02:33, toString()=com.pcwk.ehr.user.domain.UserVO@186cb891]
[2022-06-15 16:02:37.101] DEBUG UserDaoImpl.doRetrieve(UserDaoImpl.java:202) - UserVO [uId=p09, name=김태욱09, passwd=4321, level=BASIC, login=0, recommend=0, email=zzxsx484@gmail.com, regDt=16:01:30, toString()=com.pcwk.ehr.user.domain.UserVO@3ec2ecea]
[2022-06-15 16:02:37.101] DEBUG UserDaoImpl.doRetrieve(UserDaoImpl.java:202) - UserVO [uId=p090, name=김태욱09, passwd=4321, level=SILVER, login=0, recommend=2, email=zzxsx484@gmail.com, regDt=16:01:30, toString()=com.pcwk.ehr.user.domain.UserVO@440eaa07]
[2022-06-15 16:02:37.101] DEBUG UserDaoImpl.doRetrieve(UserDaoImpl.java:202) - UserVO [uId=p25, name=쥰표_U, passwd=3005_U, level=SILVER, login=0, recommend=10, email=wkdwnsvy123@naver.com_U, regDt=15:58:16, toString()=com.pcwk.ehr.user.domain.UserVO@7fc7c4a]
[2022-06-15 16:02:37.101] DEBUG UserDaoImpl.doRetrieve(UserDaoImpl.java:202) - UserVO [uId=p270, name=최유빈270, passwd=4321, level=SILVER, login=0, recommend=2, email=euloja5@naver.com, regDt=15:45:57, toString()=com.pcwk.ehr.user.domain.UserVO@7aa9e414]
[2022-06-15 16:02:37.101] DEBUG UserDaoImpl.doRetrieve(UserDaoImpl.java:202) - UserVO [uId=p2700, name=최유빈2700, passwd=4321, level=GOLD, login=0, recommend=31, email=euloja5@naver.com, regDt=15:45:57, toString()=com.pcwk.ehr.user.domain.UserVO@53a5e217]
[2022-06-15 16:02:37.101] DEBUG UserDaoImpl.doRetrieve(UserDaoImpl.java:202) - UserVO [uId=p27, name=최유빈27, passwd=4321, level=BASIC, login=0, recommend=0, email=euloja5@naver.com, regDt=15:45:56, toString()=com.pcwk.ehr.user.domain.UserVO@624a24f6]
[2022-06-15 16:02:37.102] DEBUG DefaultCacheAwareContextLoaderDelegate.loadContext(DefaultCacheAwareContextLoaderDelegate.java:137) - Retrieved ApplicationContext [265321659] from cache with key [[MergedContextConfiguration@5b94b04d testClass = JUnitUserDaoTest, locations = '{file:src/main/webapp/WEB-INF/spring/root-context.xml, file:src/main/webapp/WEB-INF/spring/appServlet/servlet-context.xml}', classes = '{}', contextInitializerClasses = '[]', activeProfiles = '{}', propertySourceLocations = '{}', propertySourceProperties = '{}', contextCustomizers = set[[empty]], contextLoader = 'org.springframework.test.context.support.DelegatingSmartContextLoader', parent = [null]]]
[2022-06-15 16:02:37.102] DEBUG DefaultContextCache.logStatistics(DefaultContextCache.java:290) - Spring test ApplicationContext cache statistics: [DefaultContextCache@537b32ef size = 1, maxSize = 32, parentContextCount = 0, hitCount = 4, missCount = 1]
[2022-06-15 16:02:37.103] DEBUG JUnitUserDaoTest.tearDown(JUnitUserDaoTest.java:198) - ========================
[2022-06-15 16:02:37.103] DEBUG JUnitUserDaoTest.tearDown(JUnitUserDaoTest.java:199) - =9.tearDown()=
[2022-06-15 16:02:37.103] DEBUG JUnitUserDaoTest.tearDown(JUnitUserDaoTest.java:200) - ========================
[2022-06-15 16:02:37.104] DEBUG DefaultCacheAwareContextLoaderDelegate.loadContext(DefaultCacheAwareContextLoaderDelegate.java:137) - Retrieved ApplicationContext [265321659] from cache with key [[MergedContextConfiguration@5b94b04d testClass = JUnitUserDaoTest, locations = '{file:src/main/webapp/WEB-INF/spring/root-context.xml, file:src/main/webapp/WEB-INF/spring/appServlet/servlet-context.xml}', classes = '{}', contextInitializerClasses = '[]', activeProfiles = '{}', propertySourceLocations = '{}', propertySourceProperties = '{}', contextCustomizers = set[[empty]], contextLoader = 'org.springframework.test.context.support.DelegatingSmartContextLoader', parent = [null]]]
[2022-06-15 16:02:37.104] DEBUG DefaultContextCache.logStatistics(DefaultContextCache.java:290) - Spring test ApplicationContext cache statistics: [DefaultContextCache@537b32ef size = 1, maxSize = 32, parentContextCount = 0, hitCount = 5, missCount = 1]
[2022-06-15 16:02:37.105] DEBUG AbstractDirtiesContextTestExecutionListener.beforeOrAfterTestMethod(AbstractDirtiesContextTestExecutionListener.java:108) - After test method: context [DefaultTestContext@385e9564 testClass = JUnitUserDaoTest, testInstance = com.pcwk.ehr.JUnitUserDaoTest@ed7f8b4, testMethod = addAndGet@JUnitUserDaoTest, testException = [null], mergedContextConfiguration = [MergedContextConfiguration@5b94b04d testClass = JUnitUserDaoTest, locations = '{file:src/main/webapp/WEB-INF/spring/root-context.xml, file:src/main/webapp/WEB-INF/spring/appServlet/servlet-context.xml}', classes = '{}', contextInitializerClasses = '[]', activeProfiles = '{}', propertySourceLocations = '{}', propertySourceProperties = '{}', contextCustomizers = set[[empty]], contextLoader = 'org.springframework.test.context.support.DelegatingSmartContextLoader', parent = [null]], attributes = map['org.springframework.test.context.event.ApplicationEventsTestExecutionListener.recordApplicationEvents' -> false]], class annotated with @DirtiesContext [false] with mode [null], method annotated with @DirtiesContext [false] with mode [null].
[2022-06-15 16:02:37.106] DEBUG DefaultCacheAwareContextLoaderDelegate.loadContext(DefaultCacheAwareContextLoaderDelegate.java:137) - Retrieved ApplicationContext [265321659] from cache with key [[MergedContextConfiguration@5b94b04d testClass = JUnitUserDaoTest, locations = '{file:src/main/webapp/WEB-INF/spring/root-context.xml, file:src/main/webapp/WEB-INF/spring/appServlet/servlet-context.xml}', classes = '{}', contextInitializerClasses = '[]', activeProfiles = '{}', propertySourceLocations = '{}', propertySourceProperties = '{}', contextCustomizers = set[[empty]], contextLoader = 'org.springframework.test.context.support.DelegatingSmartContextLoader', parent = [null]]]
[2022-06-15 16:02:37.106] DEBUG DefaultContextCache.logStatistics(DefaultContextCache.java:290) - Spring test ApplicationContext cache statistics: [DefaultContextCache@537b32ef size = 1, maxSize = 32, parentContextCount = 0, hitCount = 6, missCount = 1]
[2022-06-15 16:02:37.106] DEBUG AbstractDirtiesContextTestExecutionListener.beforeOrAfterTestClass(AbstractDirtiesContextTestExecutionListener.java:143) - After test class: context [DefaultTestContext@385e9564 testClass = JUnitUserDaoTest, testInstance = [null], testMethod = [null], testException = [null], mergedContextConfiguration = [MergedContextConfiguration@5b94b04d testClass = JUnitUserDaoTest, locations = '{file:src/main/webapp/WEB-INF/spring/root-context.xml, file:src/main/webapp/WEB-INF/spring/appServlet/servlet-context.xml}', classes = '{}', contextInitializerClasses = '[]', activeProfiles = '{}', propertySourceLocations = '{}', propertySourceProperties = '{}', contextCustomizers = set[[empty]], contextLoader = 'org.springframework.test.context.support.DelegatingSmartContextLoader', parent = [null]], attributes = map['org.springframework.test.context.event.ApplicationEventsTestExecutionListener.recordApplicationEvents' -> false]], class annotated with @DirtiesContext [false] with mode [null].
[2022-06-15 16:05:22.613] DEBUG SpringJUnit4ClassRunner.<init>(SpringJUnit4ClassRunner.java:139) - SpringJUnit4ClassRunner constructor called with [class com.pcwk.ehr.JUnitUserDaoTest]
[2022-06-15 16:05:22.619] DEBUG BootstrapUtils.createCacheAwareContextLoaderDelegate(BootstrapUtils.java:108) - Instantiating CacheAwareContextLoaderDelegate from class [org.springframework.test.context.cache.DefaultCacheAwareContextLoaderDelegate]
[2022-06-15 16:05:22.624] DEBUG BootstrapUtils.createBootstrapContext(BootstrapUtils.java:88) - Instantiating BootstrapContext using constructor [public org.springframework.test.context.support.DefaultBootstrapContext(java.lang.Class,org.springframework.test.context.CacheAwareContextLoaderDelegate)]
[2022-06-15 16:05:22.640] DEBUG BootstrapUtils.resolveTestContextBootstrapper(BootstrapUtils.java:143) - Instantiating TestContextBootstrapper for test class [com.pcwk.ehr.JUnitUserDaoTest] from class [org.springframework.test.context.support.DefaultTestContextBootstrapper]
[2022-06-15 16:05:22.654] DEBUG AbstractDelegatingSmartContextLoader.delegateProcessing(AbstractDelegatingSmartContextLoader.java:263) - Delegating to GenericXmlContextLoader to process context configuration [ContextConfigurationAttributes@1b7cc17c declaringClass = 'com.pcwk.ehr.JUnitUserDaoTest', classes = '{}', locations = '{file:src/main/webapp/WEB-INF/spring/root-context.xml, file:src/main/webapp/WEB-INF/spring/appServlet/servlet-context.xml}', inheritLocations = true, initializers = '{}', inheritInitializers = true, name = [null], contextLoaderClass = 'org.springframework.test.context.ContextLoader'].
[2022-06-15 16:05:22.677] DEBUG ActiveProfilesUtils.resolveActiveProfiles(ActiveProfilesUtils.java:79) - Could not find an 'annotation declaring class' for annotation type [org.springframework.test.context.ActiveProfiles] and class [com.pcwk.ehr.JUnitUserDaoTest]
[2022-06-15 16:05:22.678] DEBUG AbstractTestContextBootstrapper.getTestExecutionListeners(AbstractTestContextBootstrapper.java:124) - @TestExecutionListeners is not present for class [com.pcwk.ehr.JUnitUserDaoTest]: using defaults.
[2022-06-15 16:05:22.678] INFO  AbstractTestContextBootstrapper.getDefaultTestExecutionListenerClassNames(AbstractTestContextBootstrapper.java:245) - Loaded default TestExecutionListener class names from location [META-INF/spring.factories]: [org.springframework.test.context.web.ServletTestExecutionListener, org.springframework.test.context.support.DirtiesContextBeforeModesTestExecutionListener, org.springframework.test.context.event.ApplicationEventsTestExecutionListener, org.springframework.test.context.support.DependencyInjectionTestExecutionListener, org.springframework.test.context.support.DirtiesContextTestExecutionListener, org.springframework.test.context.transaction.TransactionalTestExecutionListener, org.springframework.test.context.jdbc.SqlScriptsTestExecutionListener, org.springframework.test.context.event.EventPublishingTestExecutionListener]
[2022-06-15 16:05:22.687] INFO  AbstractTestContextBootstrapper.getTestExecutionListeners(AbstractTestContextBootstrapper.java:174) - Using TestExecutionListeners: [org.springframework.test.context.web.ServletTestExecutionListener@24313fcc, org.springframework.test.context.support.DirtiesContextBeforeModesTestExecutionListener@7d20d0b, org.springframework.test.context.event.ApplicationEventsTestExecutionListener@77f1baf5, org.springframework.test.context.support.DependencyInjectionTestExecutionListener@41a2befb, org.springframework.test.context.support.DirtiesContextTestExecutionListener@6c40365c, org.springframework.test.context.transaction.TransactionalTestExecutionListener@7bedc48a, org.springframework.test.context.jdbc.SqlScriptsTestExecutionListener@131ef10, org.springframework.test.context.event.EventPublishingTestExecutionListener@55b0dcab]
[2022-06-15 16:05:22.688] DEBUG ProfileValueUtils.retrieveProfileValueSource(ProfileValueUtils.java:70) - Retrieved @ProfileValueSourceConfiguration [null] for test class [com.pcwk.ehr.JUnitUserDaoTest]
[2022-06-15 16:05:22.689] DEBUG ProfileValueUtils.retrieveProfileValueSource(ProfileValueUtils.java:83) - Retrieved ProfileValueSource type [class org.springframework.test.annotation.SystemProfileValueSource] for class [com.pcwk.ehr.JUnitUserDaoTest]
[2022-06-15 16:05:22.690] DEBUG ProfileValueUtils.retrieveProfileValueSource(ProfileValueUtils.java:70) - Retrieved @ProfileValueSourceConfiguration [null] for test class [com.pcwk.ehr.JUnitUserDaoTest]
[2022-06-15 16:05:22.690] DEBUG ProfileValueUtils.retrieveProfileValueSource(ProfileValueUtils.java:83) - Retrieved ProfileValueSource type [class org.springframework.test.annotation.SystemProfileValueSource] for class [com.pcwk.ehr.JUnitUserDaoTest]
[2022-06-15 16:05:22.690] DEBUG ProfileValueUtils.retrieveProfileValueSource(ProfileValueUtils.java:70) - Retrieved @ProfileValueSourceConfiguration [null] for test class [com.pcwk.ehr.JUnitUserDaoTest]
[2022-06-15 16:05:22.690] DEBUG ProfileValueUtils.retrieveProfileValueSource(ProfileValueUtils.java:83) - Retrieved ProfileValueSource type [class org.springframework.test.annotation.SystemProfileValueSource] for class [com.pcwk.ehr.JUnitUserDaoTest]
[2022-06-15 16:05:22.696] DEBUG ProfileValueUtils.retrieveProfileValueSource(ProfileValueUtils.java:70) - Retrieved @ProfileValueSourceConfiguration [null] for test class [com.pcwk.ehr.JUnitUserDaoTest]
[2022-06-15 16:05:22.696] DEBUG ProfileValueUtils.retrieveProfileValueSource(ProfileValueUtils.java:83) - Retrieved ProfileValueSource type [class org.springframework.test.annotation.SystemProfileValueSource] for class [com.pcwk.ehr.JUnitUserDaoTest]
[2022-06-15 16:05:22.697] DEBUG ProfileValueUtils.retrieveProfileValueSource(ProfileValueUtils.java:70) - Retrieved @ProfileValueSourceConfiguration [null] for test class [com.pcwk.ehr.JUnitUserDaoTest]
[2022-06-15 16:05:22.697] DEBUG ProfileValueUtils.retrieveProfileValueSource(ProfileValueUtils.java:83) - Retrieved ProfileValueSource type [class org.springframework.test.annotation.SystemProfileValueSource] for class [com.pcwk.ehr.JUnitUserDaoTest]
[2022-06-15 16:05:22.697] DEBUG ProfileValueUtils.retrieveProfileValueSource(ProfileValueUtils.java:70) - Retrieved @ProfileValueSourceConfiguration [null] for test class [com.pcwk.ehr.JUnitUserDaoTest]
[2022-06-15 16:05:22.697] DEBUG ProfileValueUtils.retrieveProfileValueSource(ProfileValueUtils.java:83) - Retrieved ProfileValueSource type [class org.springframework.test.annotation.SystemProfileValueSource] for class [com.pcwk.ehr.JUnitUserDaoTest]
[2022-06-15 16:05:22.700] DEBUG AbstractDirtiesContextTestExecutionListener.beforeOrAfterTestClass(AbstractDirtiesContextTestExecutionListener.java:143) - Before test class: context [DefaultTestContext@385e9564 testClass = JUnitUserDaoTest, testInstance = [null], testMethod = [null], testException = [null], mergedContextConfiguration = [MergedContextConfiguration@5b94b04d testClass = JUnitUserDaoTest, locations = '{file:src/main/webapp/WEB-INF/spring/root-context.xml, file:src/main/webapp/WEB-INF/spring/appServlet/servlet-context.xml}', classes = '{}', contextInitializerClasses = '[]', activeProfiles = '{}', propertySourceLocations = '{}', propertySourceProperties = '{}', contextCustomizers = set[[empty]], contextLoader = 'org.springframework.test.context.support.DelegatingSmartContextLoader', parent = [null]], attributes = map[[empty]]], class annotated with @DirtiesContext [false] with mode [null].
[2022-06-15 16:05:22.702] DEBUG ProfileValueUtils.retrieveProfileValueSource(ProfileValueUtils.java:70) - Retrieved @ProfileValueSourceConfiguration [null] for test class [com.pcwk.ehr.JUnitUserDaoTest]
[2022-06-15 16:05:22.702] DEBUG ProfileValueUtils.retrieveProfileValueSource(ProfileValueUtils.java:83) - Retrieved ProfileValueSource type [class org.springframework.test.annotation.SystemProfileValueSource] for class [com.pcwk.ehr.JUnitUserDaoTest]
[2022-06-15 16:05:22.704] DEBUG DependencyInjectionTestExecutionListener.prepareTestInstance(DependencyInjectionTestExecutionListener.java:81) - Performing dependency injection for test context [[DefaultTestContext@385e9564 testClass = JUnitUserDaoTest, testInstance = com.pcwk.ehr.JUnitUserDaoTest@ed7f8b4, testMethod = [null], testException = [null], mergedContextConfiguration = [MergedContextConfiguration@5b94b04d testClass = JUnitUserDaoTest, locations = '{file:src/main/webapp/WEB-INF/spring/root-context.xml, file:src/main/webapp/WEB-INF/spring/appServlet/servlet-context.xml}', classes = '{}', contextInitializerClasses = '[]', activeProfiles = '{}', propertySourceLocations = '{}', propertySourceProperties = '{}', contextCustomizers = set[[empty]], contextLoader = 'org.springframework.test.context.support.DelegatingSmartContextLoader', parent = [null]], attributes = map['org.springframework.test.context.event.ApplicationEventsTestExecutionListener.recordApplicationEvents' -> false]]].
[2022-06-15 16:05:22.704] DEBUG AbstractDelegatingSmartContextLoader.delegateLoading(AbstractDelegatingSmartContextLoader.java:273) - Delegating to GenericXmlContextLoader to load context from [MergedContextConfiguration@5b94b04d testClass = JUnitUserDaoTest, locations = '{file:src/main/webapp/WEB-INF/spring/root-context.xml, file:src/main/webapp/WEB-INF/spring/appServlet/servlet-context.xml}', classes = '{}', contextInitializerClasses = '[]', activeProfiles = '{}', propertySourceLocations = '{}', propertySourceProperties = '{}', contextCustomizers = set[[empty]], contextLoader = 'org.springframework.test.context.support.DelegatingSmartContextLoader', parent = [null]].
[2022-06-15 16:05:22.705] DEBUG AbstractGenericContextLoader.loadContext(AbstractGenericContextLoader.java:107) - Loading ApplicationContext for merged context configuration [[MergedContextConfiguration@5b94b04d testClass = JUnitUserDaoTest, locations = '{file:src/main/webapp/WEB-INF/spring/root-context.xml, file:src/main/webapp/WEB-INF/spring/appServlet/servlet-context.xml}', classes = '{}', contextInitializerClasses = '[]', activeProfiles = '{}', propertySourceLocations = '{}', propertySourceProperties = '{}', contextCustomizers = set[[empty]], contextLoader = 'org.springframework.test.context.support.DelegatingSmartContextLoader', parent = [null]]].
[2022-06-15 16:05:23.412] DEBUG NameMatchTransactionAttributeSource.addTransactionalMethod(NameMatchTransactionAttributeSource.java:102) - Adding transactional method [do*] with attribute [PROPAGATION_REQUIRED,ISOLATION_DEFAULT,readOnly]
[2022-06-15 16:05:23.412] DEBUG NameMatchTransactionAttributeSource.addTransactionalMethod(NameMatchTransactionAttributeSource.java:102) - Adding transactional method [up*] with attribute [PROPAGATION_REQUIRED,ISOLATION_DEFAULT]
[2022-06-15 16:05:23.653] DEBUG AbstractDetectingUrlHandlerMapping.detectHandlers(AbstractDetectingUrlHandlerMapping.java:86) - 'org.springframework.web.servlet.handler.BeanNameUrlHandlerMapping' {}
[2022-06-15 16:05:23.673] DEBUG SimpleUrlHandlerMapping.logMappings(SimpleUrlHandlerMapping.java:177) - 'org.springframework.web.servlet.handler.SimpleUrlHandlerMapping#0' {/resources/**=ResourceHttpRequestHandler [classpath [resources/]]}
[2022-06-15 16:05:23.701] DEBUG DefaultCacheAwareContextLoaderDelegate.loadContext(DefaultCacheAwareContextLoaderDelegate.java:126) - Storing ApplicationContext [265321659] in cache under key [[MergedContextConfiguration@5b94b04d testClass = JUnitUserDaoTest, locations = '{file:src/main/webapp/WEB-INF/spring/root-context.xml, file:src/main/webapp/WEB-INF/spring/appServlet/servlet-context.xml}', classes = '{}', contextInitializerClasses = '[]', activeProfiles = '{}', propertySourceLocations = '{}', propertySourceProperties = '{}', contextCustomizers = set[[empty]], contextLoader = 'org.springframework.test.context.support.DelegatingSmartContextLoader', parent = [null]]]
[2022-06-15 16:05:23.701] DEBUG DefaultContextCache.logStatistics(DefaultContextCache.java:290) - Spring test ApplicationContext cache statistics: [DefaultContextCache@435ce306 size = 1, maxSize = 32, parentContextCount = 0, hitCount = 0, missCount = 1]
[2022-06-15 16:05:23.703] DEBUG DefaultCacheAwareContextLoaderDelegate.loadContext(DefaultCacheAwareContextLoaderDelegate.java:137) - Retrieved ApplicationContext [265321659] from cache with key [[MergedContextConfiguration@5b94b04d testClass = JUnitUserDaoTest, locations = '{file:src/main/webapp/WEB-INF/spring/root-context.xml, file:src/main/webapp/WEB-INF/spring/appServlet/servlet-context.xml}', classes = '{}', contextInitializerClasses = '[]', activeProfiles = '{}', propertySourceLocations = '{}', propertySourceProperties = '{}', contextCustomizers = set[[empty]], contextLoader = 'org.springframework.test.context.support.DelegatingSmartContextLoader', parent = [null]]]
[2022-06-15 16:05:23.703] DEBUG DefaultContextCache.logStatistics(DefaultContextCache.java:290) - Spring test ApplicationContext cache statistics: [DefaultContextCache@435ce306 size = 1, maxSize = 32, parentContextCount = 0, hitCount = 1, missCount = 1]
[2022-06-15 16:05:23.706] DEBUG AbstractDirtiesContextTestExecutionListener.beforeOrAfterTestMethod(AbstractDirtiesContextTestExecutionListener.java:108) - Before test method: context [DefaultTestContext@385e9564 testClass = JUnitUserDaoTest, testInstance = com.pcwk.ehr.JUnitUserDaoTest@ed7f8b4, testMethod = addAndGet@JUnitUserDaoTest, testException = [null], mergedContextConfiguration = [MergedContextConfiguration@5b94b04d testClass = JUnitUserDaoTest, locations = '{file:src/main/webapp/WEB-INF/spring/root-context.xml, file:src/main/webapp/WEB-INF/spring/appServlet/servlet-context.xml}', classes = '{}', contextInitializerClasses = '[]', activeProfiles = '{}', propertySourceLocations = '{}', propertySourceProperties = '{}', contextCustomizers = set[[empty]], contextLoader = 'org.springframework.test.context.support.DelegatingSmartContextLoader', parent = [null]], attributes = map['org.springframework.test.context.event.ApplicationEventsTestExecutionListener.recordApplicationEvents' -> false]], class annotated with @DirtiesContext [false] with mode [null], method annotated with @DirtiesContext [false] with mode [null].
[2022-06-15 16:05:23.711] DEBUG DefaultCacheAwareContextLoaderDelegate.loadContext(DefaultCacheAwareContextLoaderDelegate.java:137) - Retrieved ApplicationContext [265321659] from cache with key [[MergedContextConfiguration@5b94b04d testClass = JUnitUserDaoTest, locations = '{file:src/main/webapp/WEB-INF/spring/root-context.xml, file:src/main/webapp/WEB-INF/spring/appServlet/servlet-context.xml}', classes = '{}', contextInitializerClasses = '[]', activeProfiles = '{}', propertySourceLocations = '{}', propertySourceProperties = '{}', contextCustomizers = set[[empty]], contextLoader = 'org.springframework.test.context.support.DelegatingSmartContextLoader', parent = [null]]]
[2022-06-15 16:05:23.711] DEBUG DefaultContextCache.logStatistics(DefaultContextCache.java:290) - Spring test ApplicationContext cache statistics: [DefaultContextCache@435ce306 size = 1, maxSize = 32, parentContextCount = 0, hitCount = 2, missCount = 1]
[2022-06-15 16:05:23.711] DEBUG JUnitUserDaoTest.setUp(JUnitUserDaoTest.java:43) - ========================
[2022-06-15 16:05:23.712] DEBUG JUnitUserDaoTest.setUp(JUnitUserDaoTest.java:44) - =0.setUp()=
[2022-06-15 16:05:23.712] DEBUG JUnitUserDaoTest.setUp(JUnitUserDaoTest.java:45) - ========================
[2022-06-15 16:05:23.714] DEBUG JUnitUserDaoTest.setUp(JUnitUserDaoTest.java:51) - context : org.springframework.context.support.GenericApplicationContext@fd07cbb, started on Wed Jun 15 16:05:22 KST 2022
[2022-06-15 16:05:23.714] DEBUG JUnitUserDaoTest.setUp(JUnitUserDaoTest.java:52) - dao : com.pcwk.ehr.user.dao.UserDaoImpl@5f8890c2
[2022-06-15 16:05:23.715] DEBUG DefaultCacheAwareContextLoaderDelegate.loadContext(DefaultCacheAwareContextLoaderDelegate.java:137) - Retrieved ApplicationContext [265321659] from cache with key [[MergedContextConfiguration@5b94b04d testClass = JUnitUserDaoTest, locations = '{file:src/main/webapp/WEB-INF/spring/root-context.xml, file:src/main/webapp/WEB-INF/spring/appServlet/servlet-context.xml}', classes = '{}', contextInitializerClasses = '[]', activeProfiles = '{}', propertySourceLocations = '{}', propertySourceProperties = '{}', contextCustomizers = set[[empty]], contextLoader = 'org.springframework.test.context.support.DelegatingSmartContextLoader', parent = [null]]]
[2022-06-15 16:05:23.715] DEBUG DefaultContextCache.logStatistics(DefaultContextCache.java:290) - Spring test ApplicationContext cache statistics: [DefaultContextCache@435ce306 size = 1, maxSize = 32, parentContextCount = 0, hitCount = 3, missCount = 1]
[2022-06-15 16:05:23.715] DEBUG JUnitUserDaoTest.addAndGet(JUnitUserDaoTest.java:132) - ========================
[2022-06-15 16:05:23.715] DEBUG JUnitUserDaoTest.addAndGet(JUnitUserDaoTest.java:133) - =1.addAndGet()=
[2022-06-15 16:05:23.715] DEBUG JUnitUserDaoTest.addAndGet(JUnitUserDaoTest.java:134) - ========================
[2022-06-15 16:05:23.716] DEBUG UserDaoImpl.doDelete(UserDaoImpl.java:183) - ============================
[2022-06-15 16:05:23.716] DEBUG UserDaoImpl.doDelete(UserDaoImpl.java:184) - param:UserVO [uId=p03, name=김동호03, passwd=1130, level=BASIC, login=1, recommend=0, email=tubus1130@gmail.com, regDt=날짜_사용안함, toString()=DTO [num=0, totalCnt=0]]
[2022-06-15 16:05:23.716] DEBUG UserDaoImpl.doDelete(UserDaoImpl.java:185) - statement:com.pcwk.ehr.user.doDelete
[2022-06-15 16:05:23.716] DEBUG UserDaoImpl.doDelete(UserDaoImpl.java:186) - ============================
[2022-06-15 16:05:23.728] DEBUG DataSourceUtils.doGetConnection(DataSourceUtils.java:116) - Fetching JDBC Connection from DataSource
[2022-06-15 16:05:24.285] DEBUG UserDaoImpl.doDelete(UserDaoImpl.java:188) - flag = 1
[2022-06-15 16:05:24.285] DEBUG UserDaoImpl.doDelete(UserDaoImpl.java:183) - ============================
[2022-06-15 16:05:24.285] DEBUG UserDaoImpl.doDelete(UserDaoImpl.java:184) - param:UserVO [uId=p030, name=김동호030, passwd=1130, level=SILVER, login=50, recommend=2, email=tubus1130@gmail.com, regDt=날짜_사용안함, toString()=DTO [num=0, totalCnt=0]]
[2022-06-15 16:05:24.285] DEBUG UserDaoImpl.doDelete(UserDaoImpl.java:185) - statement:com.pcwk.ehr.user.doDelete
[2022-06-15 16:05:24.285] DEBUG UserDaoImpl.doDelete(UserDaoImpl.java:186) - ============================
[2022-06-15 16:05:24.285] DEBUG DataSourceUtils.doGetConnection(DataSourceUtils.java:116) - Fetching JDBC Connection from DataSource
[2022-06-15 16:05:24.287] DEBUG UserDaoImpl.doDelete(UserDaoImpl.java:188) - flag = 1
[2022-06-15 16:05:24.287] DEBUG UserDaoImpl.doDelete(UserDaoImpl.java:183) - ============================
[2022-06-15 16:05:24.287] DEBUG UserDaoImpl.doDelete(UserDaoImpl.java:184) - param:UserVO [uId=p0300, name=김동호0300, passwd=1130, level=GOLD, login=100, recommend=31, email=tubus1130@gmail.com, regDt=날짜_사용안함, toString()=DTO [num=0, totalCnt=0]]
[2022-06-15 16:05:24.287] DEBUG UserDaoImpl.doDelete(UserDaoImpl.java:185) - statement:com.pcwk.ehr.user.doDelete
[2022-06-15 16:05:24.287] DEBUG UserDaoImpl.doDelete(UserDaoImpl.java:186) - ============================
[2022-06-15 16:05:24.287] DEBUG DataSourceUtils.doGetConnection(DataSourceUtils.java:116) - Fetching JDBC Connection from DataSource
[2022-06-15 16:05:24.289] DEBUG UserDaoImpl.doDelete(UserDaoImpl.java:188) - flag = 0
[2022-06-15 16:05:24.289] DEBUG UserDaoImpl.getCount(UserDaoImpl.java:105) - ============================
[2022-06-15 16:05:24.289] DEBUG UserDaoImpl.getCount(UserDaoImpl.java:106) - param:UserVO [uId=p03, name=김동호03, passwd=1130, level=BASIC, login=1, recommend=0, email=tubus1130@gmail.com, regDt=날짜_사용안함, toString()=DTO [num=0, totalCnt=0]]
[2022-06-15 16:05:24.290] DEBUG UserDaoImpl.getCount(UserDaoImpl.java:107) - statement: com.pcwk.ehr.user.getCount
[2022-06-15 16:05:24.290] DEBUG UserDaoImpl.getCount(UserDaoImpl.java:108) - ============================
[2022-06-15 16:05:24.291] DEBUG DataSourceUtils.doGetConnection(DataSourceUtils.java:116) - Fetching JDBC Connection from DataSource
[2022-06-15 16:05:24.337] DEBUG UserDaoImpl.getCount(UserDaoImpl.java:111) - ============================
[2022-06-15 16:05:24.338] DEBUG UserDaoImpl.getCount(UserDaoImpl.java:112) - count=0
[2022-06-15 16:05:24.338] DEBUG UserDaoImpl.getCount(UserDaoImpl.java:113) - ============================
[2022-06-15 16:05:24.338] DEBUG UserDaoImpl.doInsert(UserDaoImpl.java:131) - ============================
[2022-06-15 16:05:24.338] DEBUG UserDaoImpl.doInsert(UserDaoImpl.java:132) - param:UserVO [uId=p03, name=김동호03, passwd=1130, level=BASIC, login=1, recommend=0, email=tubus1130@gmail.com, regDt=날짜_사용안함, toString()=DTO [num=0, totalCnt=0]]
[2022-06-15 16:05:24.338] DEBUG UserDaoImpl.doInsert(UserDaoImpl.java:133) - statement:com.pcwk.ehr.user.doInsert
[2022-06-15 16:05:24.338] DEBUG UserDaoImpl.doInsert(UserDaoImpl.java:134) - ============================
[2022-06-15 16:05:24.339] DEBUG DataSourceUtils.doGetConnection(DataSourceUtils.java:116) - Fetching JDBC Connection from DataSource
[2022-06-15 16:05:24.344] DEBUG UserDaoImpl.doInsert(UserDaoImpl.java:137) - flag : 1
[2022-06-15 16:05:24.345] DEBUG UserDaoImpl.getCount(UserDaoImpl.java:105) - ============================
[2022-06-15 16:05:24.345] DEBUG UserDaoImpl.getCount(UserDaoImpl.java:106) - param:UserVO [uId=p03, name=김동호03, passwd=1130, level=BASIC, login=1, recommend=0, email=tubus1130@gmail.com, regDt=날짜_사용안함, toString()=DTO [num=0, totalCnt=0]]
[2022-06-15 16:05:24.345] DEBUG UserDaoImpl.getCount(UserDaoImpl.java:107) - statement: com.pcwk.ehr.user.getCount
[2022-06-15 16:05:24.345] DEBUG UserDaoImpl.getCount(UserDaoImpl.java:108) - ============================
[2022-06-15 16:05:24.345] DEBUG DataSourceUtils.doGetConnection(DataSourceUtils.java:116) - Fetching JDBC Connection from DataSource
[2022-06-15 16:05:24.347] DEBUG UserDaoImpl.getCount(UserDaoImpl.java:111) - ============================
[2022-06-15 16:05:24.347] DEBUG UserDaoImpl.getCount(UserDaoImpl.java:112) - count=1
[2022-06-15 16:05:24.347] DEBUG UserDaoImpl.getCount(UserDaoImpl.java:113) - ============================
[2022-06-15 16:05:24.347] DEBUG UserDaoImpl.doInsert(UserDaoImpl.java:131) - ============================
[2022-06-15 16:05:24.347] DEBUG UserDaoImpl.doInsert(UserDaoImpl.java:132) - param:UserVO [uId=p030, name=김동호030, passwd=1130, level=SILVER, login=50, recommend=2, email=tubus1130@gmail.com, regDt=날짜_사용안함, toString()=DTO [num=0, totalCnt=0]]
[2022-06-15 16:05:24.347] DEBUG UserDaoImpl.doInsert(UserDaoImpl.java:133) - statement:com.pcwk.ehr.user.doInsert
[2022-06-15 16:05:24.348] DEBUG UserDaoImpl.doInsert(UserDaoImpl.java:134) - ============================
[2022-06-15 16:05:24.348] DEBUG DataSourceUtils.doGetConnection(DataSourceUtils.java:116) - Fetching JDBC Connection from DataSource
[2022-06-15 16:05:24.349] DEBUG UserDaoImpl.doInsert(UserDaoImpl.java:137) - flag : 1
[2022-06-15 16:05:24.349] DEBUG UserDaoImpl.getCount(UserDaoImpl.java:105) - ============================
[2022-06-15 16:05:24.349] DEBUG UserDaoImpl.getCount(UserDaoImpl.java:106) - param:UserVO [uId=p03, name=김동호03, passwd=1130, level=BASIC, login=1, recommend=0, email=tubus1130@gmail.com, regDt=날짜_사용안함, toString()=DTO [num=0, totalCnt=0]]
[2022-06-15 16:05:24.350] DEBUG UserDaoImpl.getCount(UserDaoImpl.java:107) - statement: com.pcwk.ehr.user.getCount
[2022-06-15 16:05:24.350] DEBUG UserDaoImpl.getCount(UserDaoImpl.java:108) - ============================
[2022-06-15 16:05:24.350] DEBUG DataSourceUtils.doGetConnection(DataSourceUtils.java:116) - Fetching JDBC Connection from DataSource
[2022-06-15 16:05:24.351] DEBUG UserDaoImpl.getCount(UserDaoImpl.java:111) - ============================
[2022-06-15 16:05:24.351] DEBUG UserDaoImpl.getCount(UserDaoImpl.java:112) - count=2
[2022-06-15 16:05:24.351] DEBUG UserDaoImpl.getCount(UserDaoImpl.java:113) - ============================
[2022-06-15 16:05:24.351] DEBUG UserDaoImpl.doSelectOne(UserDaoImpl.java:166) - ============================
[2022-06-15 16:05:24.351] DEBUG UserDaoImpl.doSelectOne(UserDaoImpl.java:167) - param:UserVO [uId=p03, name=김동호03, passwd=1130, level=BASIC, login=1, recommend=0, email=tubus1130@gmail.com, regDt=날짜_사용안함, toString()=DTO [num=0, totalCnt=0]]
[2022-06-15 16:05:24.351] DEBUG UserDaoImpl.doSelectOne(UserDaoImpl.java:168) - statement:com.pcwk.ehr.user.doSelectOne
[2022-06-15 16:05:24.352] DEBUG UserDaoImpl.doSelectOne(UserDaoImpl.java:169) - ============================
[2022-06-15 16:05:24.352] DEBUG DataSourceUtils.doGetConnection(DataSourceUtils.java:116) - Fetching JDBC Connection from DataSource
[2022-06-15 16:05:24.356] DEBUG UserDaoImpl.doSelectOne(UserDaoImpl.java:172) - ============================
[2022-06-15 16:05:24.356] DEBUG UserDaoImpl.doSelectOne(UserDaoImpl.java:173) - **outVO=UserVO [uId=p03, name=김동호03, passwd=1130, level=BASIC, login=1, recommend=0, email=tubus1130@gmail.com, regDt=2022-06-15 16:05:24, toString()=DTO [num=0, totalCnt=0]]
[2022-06-15 16:05:24.357] DEBUG UserDaoImpl.doSelectOne(UserDaoImpl.java:174) - ============================
[2022-06-15 16:05:24.357] DEBUG UserDaoImpl.doSelectOne(UserDaoImpl.java:166) - ============================
[2022-06-15 16:05:24.357] DEBUG UserDaoImpl.doSelectOne(UserDaoImpl.java:167) - param:UserVO [uId=p030, name=김동호030, passwd=1130, level=SILVER, login=50, recommend=2, email=tubus1130@gmail.com, regDt=날짜_사용안함, toString()=DTO [num=0, totalCnt=0]]
[2022-06-15 16:05:24.357] DEBUG UserDaoImpl.doSelectOne(UserDaoImpl.java:168) - statement:com.pcwk.ehr.user.doSelectOne
[2022-06-15 16:05:24.357] DEBUG UserDaoImpl.doSelectOne(UserDaoImpl.java:169) - ============================
[2022-06-15 16:05:24.357] DEBUG DataSourceUtils.doGetConnection(DataSourceUtils.java:116) - Fetching JDBC Connection from DataSource
[2022-06-15 16:05:24.359] DEBUG UserDaoImpl.doSelectOne(UserDaoImpl.java:172) - ============================
[2022-06-15 16:05:24.359] DEBUG UserDaoImpl.doSelectOne(UserDaoImpl.java:173) - **outVO=UserVO [uId=p030, name=김동호030, passwd=1130, level=SILVER, login=50, recommend=2, email=tubus1130@gmail.com, regDt=2022-06-15 16:05:24, toString()=DTO [num=0, totalCnt=0]]
[2022-06-15 16:05:24.359] DEBUG UserDaoImpl.doSelectOne(UserDaoImpl.java:174) - ============================
[2022-06-15 16:05:24.359] DEBUG UserDaoImpl.doRetrieve(UserDaoImpl.java:195) - ============================
[2022-06-15 16:05:24.359] DEBUG UserDaoImpl.doRetrieve(UserDaoImpl.java:196) - param:UserVO [uId=p03, name=김동호03, passwd=1130, level=BASIC, login=1, recommend=0, email=tubus1130@gmail.com, regDt=날짜_사용안함, toString()=DTO [num=0, totalCnt=0]]
[2022-06-15 16:05:24.359] DEBUG UserDaoImpl.doRetrieve(UserDaoImpl.java:197) - statement:com.pcwk.ehr.user.doRetrieve
[2022-06-15 16:05:24.359] DEBUG UserDaoImpl.doRetrieve(UserDaoImpl.java:198) - ============================
[2022-06-15 16:05:24.359] DEBUG DataSourceUtils.doGetConnection(DataSourceUtils.java:116) - Fetching JDBC Connection from DataSource
[2022-06-15 16:05:24.367] DEBUG UserDaoImpl.doRetrieve(UserDaoImpl.java:202) - UserVO [uId=p03, name=김동호03, passwd=1130, level=BASIC, login=0, recommend=0, email=tubus1130@gmail.com, regDt=16:05:24, toString()=DTO [num=1, totalCnt=23]]
[2022-06-15 16:05:24.367] DEBUG UserDaoImpl.doRetrieve(UserDaoImpl.java:202) - UserVO [uId=p030, name=김동호030, passwd=1130, level=SILVER, login=0, recommend=2, email=tubus1130@gmail.com, regDt=16:05:24, toString()=DTO [num=2, totalCnt=23]]
[2022-06-15 16:05:24.367] DEBUG UserDaoImpl.doRetrieve(UserDaoImpl.java:202) - UserVO [uId=p07, name=김주혜07, passwd=4321, level=BASIC, login=0, recommend=0, email=joohea5943@naver.com, regDt=16:04:47, toString()=DTO [num=3, totalCnt=23]]
[2022-06-15 16:05:24.367] DEBUG UserDaoImpl.doRetrieve(UserDaoImpl.java:202) - UserVO [uId=p070, name=김주혜070, passwd=4321, level=SILVER, login=0, recommend=2, email=joohea5943@naver.com, regDt=16:04:47, toString()=DTO [num=4, totalCnt=23]]
[2022-06-15 16:05:24.367] DEBUG UserDaoImpl.doRetrieve(UserDaoImpl.java:202) - UserVO [uId=p26, name=최유남26, passwd=1019, level=BASIC, login=0, recommend=0, email=yunam92@naver.com, regDt=16:02:52, toString()=DTO [num=5, totalCnt=23]]
[2022-06-15 16:05:24.367] DEBUG UserDaoImpl.doRetrieve(UserDaoImpl.java:202) - UserVO [uId=p260, name=최유남260, passwd=1019, level=SILVER, login=0, recommend=2, email=yunam92@naver.com, regDt=16:02:52, toString()=DTO [num=6, totalCnt=23]]
[2022-06-15 16:05:24.367] DEBUG UserDaoImpl.doRetrieve(UserDaoImpl.java:202) - UserVO [uId=p12, name=문서혜12, passwd=4321, level=BASIC, login=0, recommend=0, email=anstjgp@naver.com, regDt=16:02:43, toString()=DTO [num=7, totalCnt=23]]
[2022-06-15 16:05:24.367] DEBUG UserDaoImpl.doRetrieve(UserDaoImpl.java:202) - UserVO [uId=p120, name=문서혜120, passwd=4321, level=SILVER, login=0, recommend=2, email=anstjgp@naver.com, regDt=16:02:43, toString()=DTO [num=8, totalCnt=23]]
[2022-06-15 16:05:24.367] DEBUG UserDaoImpl.doRetrieve(UserDaoImpl.java:202) - UserVO [uId=p22, name=이은빈22, passwd=4321, level=BASIC, login=0, recommend=0, email=eunbin620@naver.com, regDt=16:02:38, toString()=DTO [num=9, totalCnt=23]]
[2022-06-15 16:05:24.368] DEBUG UserDaoImpl.doRetrieve(UserDaoImpl.java:202) - UserVO [uId=p77, name=박훈, passwd=4321, level=BASIC, login=0, recommend=0, email=qkrgns0514@naver.com, regDt=16:02:38, toString()=DTO [num=10, totalCnt=23]]
[2022-06-15 16:05:24.368] DEBUG DefaultCacheAwareContextLoaderDelegate.loadContext(DefaultCacheAwareContextLoaderDelegate.java:137) - Retrieved ApplicationContext [265321659] from cache with key [[MergedContextConfiguration@5b94b04d testClass = JUnitUserDaoTest, locations = '{file:src/main/webapp/WEB-INF/spring/root-context.xml, file:src/main/webapp/WEB-INF/spring/appServlet/servlet-context.xml}', classes = '{}', contextInitializerClasses = '[]', activeProfiles = '{}', propertySourceLocations = '{}', propertySourceProperties = '{}', contextCustomizers = set[[empty]], contextLoader = 'org.springframework.test.context.support.DelegatingSmartContextLoader', parent = [null]]]
[2022-06-15 16:05:24.368] DEBUG DefaultContextCache.logStatistics(DefaultContextCache.java:290) - Spring test ApplicationContext cache statistics: [DefaultContextCache@435ce306 size = 1, maxSize = 32, parentContextCount = 0, hitCount = 4, missCount = 1]
[2022-06-15 16:05:24.369] DEBUG JUnitUserDaoTest.tearDown(JUnitUserDaoTest.java:198) - ========================
[2022-06-15 16:05:24.369] DEBUG JUnitUserDaoTest.tearDown(JUnitUserDaoTest.java:199) - =9.tearDown()=
[2022-06-15 16:05:24.370] DEBUG JUnitUserDaoTest.tearDown(JUnitUserDaoTest.java:200) - ========================
[2022-06-15 16:05:24.370] DEBUG DefaultCacheAwareContextLoaderDelegate.loadContext(DefaultCacheAwareContextLoaderDelegate.java:137) - Retrieved ApplicationContext [265321659] from cache with key [[MergedContextConfiguration@5b94b04d testClass = JUnitUserDaoTest, locations = '{file:src/main/webapp/WEB-INF/spring/root-context.xml, file:src/main/webapp/WEB-INF/spring/appServlet/servlet-context.xml}', classes = '{}', contextInitializerClasses = '[]', activeProfiles = '{}', propertySourceLocations = '{}', propertySourceProperties = '{}', contextCustomizers = set[[empty]], contextLoader = 'org.springframework.test.context.support.DelegatingSmartContextLoader', parent = [null]]]
[2022-06-15 16:05:24.370] DEBUG DefaultContextCache.logStatistics(DefaultContextCache.java:290) - Spring test ApplicationContext cache statistics: [DefaultContextCache@435ce306 size = 1, maxSize = 32, parentContextCount = 0, hitCount = 5, missCount = 1]
[2022-06-15 16:05:24.371] DEBUG AbstractDirtiesContextTestExecutionListener.beforeOrAfterTestMethod(AbstractDirtiesContextTestExecutionListener.java:108) - After test method: context [DefaultTestContext@385e9564 testClass = JUnitUserDaoTest, testInstance = com.pcwk.ehr.JUnitUserDaoTest@ed7f8b4, testMethod = addAndGet@JUnitUserDaoTest, testException = [null], mergedContextConfiguration = [MergedContextConfiguration@5b94b04d testClass = JUnitUserDaoTest, locations = '{file:src/main/webapp/WEB-INF/spring/root-context.xml, file:src/main/webapp/WEB-INF/spring/appServlet/servlet-context.xml}', classes = '{}', contextInitializerClasses = '[]', activeProfiles = '{}', propertySourceLocations = '{}', propertySourceProperties = '{}', contextCustomizers = set[[empty]], contextLoader = 'org.springframework.test.context.support.DelegatingSmartContextLoader', parent = [null]], attributes = map['org.springframework.test.context.event.ApplicationEventsTestExecutionListener.recordApplicationEvents' -> false]], class annotated with @DirtiesContext [false] with mode [null], method annotated with @DirtiesContext [false] with mode [null].
[2022-06-15 16:05:24.372] DEBUG DefaultCacheAwareContextLoaderDelegate.loadContext(DefaultCacheAwareContextLoaderDelegate.java:137) - Retrieved ApplicationContext [265321659] from cache with key [[MergedContextConfiguration@5b94b04d testClass = JUnitUserDaoTest, locations = '{file:src/main/webapp/WEB-INF/spring/root-context.xml, file:src/main/webapp/WEB-INF/spring/appServlet/servlet-context.xml}', classes = '{}', contextInitializerClasses = '[]', activeProfiles = '{}', propertySourceLocations = '{}', propertySourceProperties = '{}', contextCustomizers = set[[empty]], contextLoader = 'org.springframework.test.context.support.DelegatingSmartContextLoader', parent = [null]]]
[2022-06-15 16:05:24.372] DEBUG DefaultContextCache.logStatistics(DefaultContextCache.java:290) - Spring test ApplicationContext cache statistics: [DefaultContextCache@435ce306 size = 1, maxSize = 32, parentContextCount = 0, hitCount = 6, missCount = 1]
[2022-06-15 16:05:24.372] DEBUG AbstractDirtiesContextTestExecutionListener.beforeOrAfterTestClass(AbstractDirtiesContextTestExecutionListener.java:143) - After test class: context [DefaultTestContext@385e9564 testClass = JUnitUserDaoTest, testInstance = [null], testMethod = [null], testException = [null], mergedContextConfiguration = [MergedContextConfiguration@5b94b04d testClass = JUnitUserDaoTest, locations = '{file:src/main/webapp/WEB-INF/spring/root-context.xml, file:src/main/webapp/WEB-INF/spring/appServlet/servlet-context.xml}', classes = '{}', contextInitializerClasses = '[]', activeProfiles = '{}', propertySourceLocations = '{}', propertySourceProperties = '{}', contextCustomizers = set[[empty]], contextLoader = 'org.springframework.test.context.support.DelegatingSmartContextLoader', parent = [null]], attributes = map['org.springframework.test.context.event.ApplicationEventsTestExecutionListener.recordApplicationEvents' -> false]], class annotated with @DirtiesContext [false] with mode [null].
