[2022-06-08 14:12:44.893] DEBUG UserDaoImpl.getAll(UserDaoImpl.java:105) - =sql :
SELECT u_id,      
       name,      
       passwd,    
       u_level,   
       login,     
       recommend, 
       email,     
       TO_CHAR(reg_dt, 'yyyy-mm-dd hh24:mi:ss') AS reg_dt 
FROM hr_member    
WHERE u_id LIKE ? || '%' 
ORDER BY u_id     

[2022-06-08 14:12:44.899] DEBUG UserDaoImpl.getAll(UserDaoImpl.java:106) - ===========================
[2022-06-08 14:12:44.960] DEBUG UserDaoImpl.getAll(UserDaoImpl.java:112) - vo : UserVO [uId=p03, name=김동호03, passwd=1130, level=BASIC, login=49, recommend=0, email=tubus1130@gmail.com, regDt=2022-06-08 14:12:44, toString()=com.pcwk.ehr.UserVO@2f7a7219]
[2022-06-08 14:12:44.960] DEBUG UserDaoImpl.getAll(UserDaoImpl.java:112) - vo : UserVO [uId=p030, name=김동호030, passwd=1130, level=BASIC, login=50, recommend=10, email=tubus1130@gmail.com, regDt=2022-06-08 14:12:44, toString()=com.pcwk.ehr.UserVO@669513d8]
[2022-06-08 14:12:44.960] DEBUG UserDaoImpl.getAll(UserDaoImpl.java:112) - vo : UserVO [uId=p0300, name=김동호0300, passwd=1130, level=SILVER, login=51, recommend=29, email=tubus1130@gmail.com, regDt=2022-06-08 14:12:44, toString()=com.pcwk.ehr.UserVO@3a1d593e]
[2022-06-08 14:12:44.960] DEBUG UserDaoImpl.getAll(UserDaoImpl.java:112) - vo : UserVO [uId=p03000, name=김동호03000, passwd=1130, level=SILVER, login=51, recommend=30, email=tubus1130@gmail.com, regDt=2022-06-08 14:12:44, toString()=com.pcwk.ehr.UserVO@4a8a60bc]
[2022-06-08 14:12:44.960] DEBUG UserDaoImpl.getAll(UserDaoImpl.java:112) - vo : UserVO [uId=p030000, name=김동호030000, passwd=1130, level=GOLD, login=52, recommend=31, email=tubus1130@gmail.com, regDt=2022-06-08 14:12:44, toString()=com.pcwk.ehr.UserVO@361c294e]
[2022-06-08 14:12:44.960] DEBUG UserDaoImpl.doUpdate(UserDaoImpl.java:71) - ============================
[2022-06-08 14:12:44.960] DEBUG UserDaoImpl.doUpdate(UserDaoImpl.java:72) - param:UserVO [uId=p030, name=김동호030, passwd=1130, level=SILVER, login=50, recommend=10, email=tubus1130@gmail.com, regDt=2022-06-08 14:12:44, toString()=com.pcwk.ehr.UserVO@669513d8]
[2022-06-08 14:12:44.960] DEBUG UserDaoImpl.doUpdate(UserDaoImpl.java:73) - sql:
UPDATE hr_member        
SET name      = ?,      
    passwd    = ?,      
    u_level   = ?,      
    login     = ?,      
    recommend = ?,      
    email     = ?,      
    reg_dt    = SYSDATE 
WHERE u_id    = ?       

[2022-06-08 14:12:44.960] DEBUG UserDaoImpl.doUpdate(UserDaoImpl.java:74) - ============================
[2022-06-08 14:12:44.960] DEBUG UserDaoImpl.doUpdate(UserDaoImpl.java:80) - Object param : 김동호030
[2022-06-08 14:12:44.961] DEBUG UserDaoImpl.doUpdate(UserDaoImpl.java:80) - Object param : 1130
[2022-06-08 14:12:44.961] DEBUG UserDaoImpl.doUpdate(UserDaoImpl.java:80) - Object param : 2
[2022-06-08 14:12:44.961] DEBUG UserDaoImpl.doUpdate(UserDaoImpl.java:80) - Object param : 50
[2022-06-08 14:12:44.961] DEBUG UserDaoImpl.doUpdate(UserDaoImpl.java:80) - Object param : 10
[2022-06-08 14:12:44.961] DEBUG UserDaoImpl.doUpdate(UserDaoImpl.java:80) - Object param : tubus1130@gmail.com
[2022-06-08 14:12:44.961] DEBUG UserDaoImpl.doUpdate(UserDaoImpl.java:80) - Object param : p030
[2022-06-08 14:12:45.024] DEBUG UserDaoImpl.doUpdate(UserDaoImpl.java:84) - flag : 1
[2022-06-08 14:12:45.024] DEBUG UserDaoImpl.doUpdate(UserDaoImpl.java:71) - ============================
[2022-06-08 14:12:45.024] DEBUG UserDaoImpl.doUpdate(UserDaoImpl.java:72) - param:UserVO [uId=p03000, name=김동호03000, passwd=1130, level=GOLD, login=51, recommend=30, email=tubus1130@gmail.com, regDt=2022-06-08 14:12:44, toString()=com.pcwk.ehr.UserVO@4a8a60bc]
[2022-06-08 14:12:45.024] DEBUG UserDaoImpl.doUpdate(UserDaoImpl.java:73) - sql:
UPDATE hr_member        
SET name      = ?,      
    passwd    = ?,      
    u_level   = ?,      
    login     = ?,      
    recommend = ?,      
    email     = ?,      
    reg_dt    = SYSDATE 
WHERE u_id    = ?       

[2022-06-08 14:12:45.024] DEBUG UserDaoImpl.doUpdate(UserDaoImpl.java:74) - ============================
[2022-06-08 14:12:45.024] DEBUG UserDaoImpl.doUpdate(UserDaoImpl.java:80) - Object param : 김동호03000
[2022-06-08 14:12:45.024] DEBUG UserDaoImpl.doUpdate(UserDaoImpl.java:80) - Object param : 1130
[2022-06-08 14:12:45.024] DEBUG UserDaoImpl.doUpdate(UserDaoImpl.java:80) - Object param : 3
[2022-06-08 14:12:45.024] DEBUG UserDaoImpl.doUpdate(UserDaoImpl.java:80) - Object param : 51
[2022-06-08 14:12:45.024] DEBUG UserDaoImpl.doUpdate(UserDaoImpl.java:80) - Object param : 30
[2022-06-08 14:12:45.025] DEBUG UserDaoImpl.doUpdate(UserDaoImpl.java:80) - Object param : tubus1130@gmail.com
[2022-06-08 14:12:45.025] DEBUG UserDaoImpl.doUpdate(UserDaoImpl.java:80) - Object param : p03000
[2022-06-08 14:12:45.086] DEBUG UserDaoImpl.doUpdate(UserDaoImpl.java:84) - flag : 1
[2022-06-08 14:12:45.086] DEBUG UserDaoImpl.doSelectOne(UserDaoImpl.java:227) - ============================
[2022-06-08 14:12:45.086] DEBUG UserDaoImpl.doSelectOne(UserDaoImpl.java:228) - param:UserVO [uId=p03, name=김동호03, passwd=1130, level=BASIC, login=49, recommend=0, email=tubus1130@gmail.com, regDt=날짜_사용안함, toString()=com.pcwk.ehr.UserVO@f9879ac]
[2022-06-08 14:12:45.086] DEBUG UserDaoImpl.doSelectOne(UserDaoImpl.java:229) - sql:
SELECT u_id,     
       name,     
       passwd,    
       u_level,   
       login,     
       recommend, 
       email,     
       TO_CHAR(reg_dt, 'yyyy-mm-dd hh24:mi:ss') AS reg_dt 
FROM   hr_member 
WHERE  u_id = ?  

[2022-06-08 14:12:45.086] DEBUG UserDaoImpl.doSelectOne(UserDaoImpl.java:230) - ============================
[2022-06-08 14:12:45.087] DEBUG UserDaoImpl.doSelectOne(UserDaoImpl.java:233) - Object param:p03
[2022-06-08 14:12:45.154] DEBUG UserDaoImpl.doSelectOne(UserDaoImpl.java:242) - ============================
[2022-06-08 14:12:45.154] DEBUG UserDaoImpl.doSelectOne(UserDaoImpl.java:243) - outVO=UserVO [uId=p03, name=김동호03, passwd=1130, level=BASIC, login=49, recommend=0, email=tubus1130@gmail.com, regDt=2022-06-08 14:12:44, toString()=com.pcwk.ehr.UserVO@7876d598]
[2022-06-08 14:12:45.154] DEBUG UserDaoImpl.doSelectOne(UserDaoImpl.java:244) - ============================
[2022-06-08 14:12:45.154] DEBUG UserDaoImpl.doSelectOne(UserDaoImpl.java:227) - ============================
[2022-06-08 14:12:45.154] DEBUG UserDaoImpl.doSelectOne(UserDaoImpl.java:228) - param:UserVO [uId=p030, name=김동호030, passwd=1130, level=BASIC, login=50, recommend=10, email=tubus1130@gmail.com, regDt=날짜_사용안함, toString()=com.pcwk.ehr.UserVO@6e521c1e]
[2022-06-08 14:12:45.155] DEBUG UserDaoImpl.doSelectOne(UserDaoImpl.java:229) - sql:
SELECT u_id,     
       name,     
       passwd,    
       u_level,   
       login,     
       recommend, 
       email,     
       TO_CHAR(reg_dt, 'yyyy-mm-dd hh24:mi:ss') AS reg_dt 
FROM   hr_member 
WHERE  u_id = ?  

[2022-06-08 14:12:45.155] DEBUG UserDaoImpl.doSelectOne(UserDaoImpl.java:230) - ============================
[2022-06-08 14:12:45.155] DEBUG UserDaoImpl.doSelectOne(UserDaoImpl.java:233) - Object param:p030
[2022-06-08 14:12:45.203] DEBUG UserDaoImpl.doSelectOne(UserDaoImpl.java:242) - ============================
[2022-06-08 14:12:45.203] DEBUG UserDaoImpl.doSelectOne(UserDaoImpl.java:243) - outVO=UserVO [uId=p030, name=김동호030, passwd=1130, level=SILVER, login=50, recommend=10, email=tubus1130@gmail.com, regDt=2022-06-08 14:12:45, toString()=com.pcwk.ehr.UserVO@71104a4]
[2022-06-08 14:12:45.203] DEBUG UserDaoImpl.doSelectOne(UserDaoImpl.java:244) - ============================
[2022-06-08 14:12:45.203] DEBUG JUnitUserServiceTest.checkLevel(JUnitUserServiceTest.java:143) - SILVER===SILVER
[2022-06-08 14:12:45.203] DEBUG UserDaoImpl.doSelectOne(UserDaoImpl.java:227) - ============================
[2022-06-08 14:12:45.204] DEBUG UserDaoImpl.doSelectOne(UserDaoImpl.java:228) - param:UserVO [uId=p0300, name=김동호0300, passwd=1130, level=SILVER, login=51, recommend=29, email=tubus1130@gmail.com, regDt=날짜_사용안함, toString()=com.pcwk.ehr.UserVO@303e3593]
[2022-06-08 14:12:45.204] DEBUG UserDaoImpl.doSelectOne(UserDaoImpl.java:229) - sql:
SELECT u_id,     
       name,     
       passwd,    
       u_level,   
       login,     
       recommend, 
       email,     
       TO_CHAR(reg_dt, 'yyyy-mm-dd hh24:mi:ss') AS reg_dt 
FROM   hr_member 
WHERE  u_id = ?  

[2022-06-08 14:12:45.204] DEBUG UserDaoImpl.doSelectOne(UserDaoImpl.java:230) - ============================
[2022-06-08 14:12:45.204] DEBUG UserDaoImpl.doSelectOne(UserDaoImpl.java:233) - Object param:p0300
[2022-06-08 14:12:45.257] DEBUG UserDaoImpl.doSelectOne(UserDaoImpl.java:242) - ============================
[2022-06-08 14:12:45.258] DEBUG UserDaoImpl.doSelectOne(UserDaoImpl.java:243) - outVO=UserVO [uId=p0300, name=김동호0300, passwd=1130, level=SILVER, login=51, recommend=29, email=tubus1130@gmail.com, regDt=2022-06-08 14:12:44, toString()=com.pcwk.ehr.UserVO@3c9168dc]
[2022-06-08 14:12:45.258] DEBUG UserDaoImpl.doSelectOne(UserDaoImpl.java:244) - ============================
[2022-06-08 14:12:45.258] DEBUG UserDaoImpl.doSelectOne(UserDaoImpl.java:227) - ============================
[2022-06-08 14:12:45.258] DEBUG UserDaoImpl.doSelectOne(UserDaoImpl.java:228) - param:UserVO [uId=p03000, name=김동호03000, passwd=1130, level=SILVER, login=51, recommend=30, email=tubus1130@gmail.com, regDt=날짜_사용안함, toString()=com.pcwk.ehr.UserVO@5c48c0c0]
[2022-06-08 14:12:45.258] DEBUG UserDaoImpl.doSelectOne(UserDaoImpl.java:229) - sql:
SELECT u_id,     
       name,     
       passwd,    
       u_level,   
       login,     
       recommend, 
       email,     
       TO_CHAR(reg_dt, 'yyyy-mm-dd hh24:mi:ss') AS reg_dt 
FROM   hr_member 
WHERE  u_id = ?  

[2022-06-08 14:12:45.258] DEBUG UserDaoImpl.doSelectOne(UserDaoImpl.java:230) - ============================
[2022-06-08 14:12:45.258] DEBUG UserDaoImpl.doSelectOne(UserDaoImpl.java:233) - Object param:p03000
[2022-06-08 14:12:45.316] DEBUG UserDaoImpl.doSelectOne(UserDaoImpl.java:242) - ============================
[2022-06-08 14:12:45.316] DEBUG UserDaoImpl.doSelectOne(UserDaoImpl.java:243) - outVO=UserVO [uId=p03000, name=김동호03000, passwd=1130, level=GOLD, login=51, recommend=30, email=tubus1130@gmail.com, regDt=2022-06-08 14:12:45, toString()=com.pcwk.ehr.UserVO@54361a9]
[2022-06-08 14:12:45.316] DEBUG UserDaoImpl.doSelectOne(UserDaoImpl.java:244) - ============================
[2022-06-08 14:12:45.317] DEBUG JUnitUserServiceTest.checkLevel(JUnitUserServiceTest.java:143) - GOLD===GOLD
[2022-06-08 14:12:45.317] DEBUG UserDaoImpl.doSelectOne(UserDaoImpl.java:227) - ============================
[2022-06-08 14:12:45.317] DEBUG UserDaoImpl.doSelectOne(UserDaoImpl.java:228) - param:UserVO [uId=p030000, name=김동호030000, passwd=1130, level=GOLD, login=52, recommend=31, email=tubus1130@gmail.com, regDt=날짜_사용안함, toString()=com.pcwk.ehr.UserVO@25f7391e]
[2022-06-08 14:12:45.317] DEBUG UserDaoImpl.doSelectOne(UserDaoImpl.java:229) - sql:
SELECT u_id,     
       name,     
       passwd,    
       u_level,   
       login,     
       recommend, 
       email,     
       TO_CHAR(reg_dt, 'yyyy-mm-dd hh24:mi:ss') AS reg_dt 
FROM   hr_member 
WHERE  u_id = ?  

[2022-06-08 14:12:45.317] DEBUG UserDaoImpl.doSelectOne(UserDaoImpl.java:230) - ============================
[2022-06-08 14:12:45.317] DEBUG UserDaoImpl.doSelectOne(UserDaoImpl.java:233) - Object param:p030000
[2022-06-08 14:12:45.370] DEBUG UserDaoImpl.doSelectOne(UserDaoImpl.java:242) - ============================
[2022-06-08 14:12:45.371] DEBUG UserDaoImpl.doSelectOne(UserDaoImpl.java:243) - outVO=UserVO [uId=p030000, name=김동호030000, passwd=1130, level=GOLD, login=52, recommend=31, email=tubus1130@gmail.com, regDt=2022-06-08 14:12:44, toString()=com.pcwk.ehr.UserVO@37ebc9d8]
[2022-06-08 14:12:45.372] DEBUG UserDaoImpl.doSelectOne(UserDaoImpl.java:244) - ============================
