[2022-07-01 12:22:51.831] DEBUG Logger.debug(Logger.java:49) - Closing non transactional SqlSession [org.apache.ibatis.session.defaults.DefaultSqlSession@22a0d4ea]
[2022-07-01 12:22:51.836] INFO  Log4j2SpyLogDelegator.methodReturned(Log4j2SpyLogDelegator.java:197) -  org.apache.commons.dbcp.PoolableConnection.close(PoolableConnection.java:72)
2. Connection.isClosed() returned false
[2022-07-01 12:22:51.836] INFO  Log4j2SpyLogDelegator.methodReturned(Log4j2SpyLogDelegator.java:197) -  org.apache.commons.dbcp.DelegatingConnection.getAutoCommit(DelegatingConnection.java:337)
2. Connection.getAutoCommit() returned true
[2022-07-01 12:22:51.837] INFO  Log4j2SpyLogDelegator.methodReturned(Log4j2SpyLogDelegator.java:197) -  org.apache.commons.dbcp.DelegatingConnection.clearWarnings(DelegatingConnection.java:331)
2. Connection.clearWarnings() returned 
[2022-07-01 12:22:51.837] INFO  Log4j2SpyLogDelegator.methodReturned(Log4j2SpyLogDelegator.java:197) -  org.apache.commons.dbcp.DelegatingConnection.getAutoCommit(DelegatingConnection.java:337)
2. Connection.getAutoCommit() returned true
[2022-07-01 12:22:51.837] DEBUG UserDaoImpl.doDelete(UserDaoImpl.java:155) - flag = 0
[2022-07-01 12:22:51.837] DEBUG UserDaoImpl.doDelete(UserDaoImpl.java:150) - ============================
[2022-07-01 12:22:51.837] DEBUG UserDaoImpl.doDelete(UserDaoImpl.java:151) - param:UserVO [uId=p0300, name=김동호0300, passwd=1130, level=GOLD, login=100, recommend=31, email=tubus1130@gmail.com, regDt=날짜_사용안함, toString()=DTO [num=0, totalCnt=0]]
[2022-07-01 12:22:51.837] DEBUG UserDaoImpl.doDelete(UserDaoImpl.java:152) - statement:com.pcwk.ehr.user.doDelete
[2022-07-01 12:22:51.837] DEBUG UserDaoImpl.doDelete(UserDaoImpl.java:153) - ============================
[2022-07-01 12:22:51.837] DEBUG Logger.debug(Logger.java:49) - Creating a new SqlSession
[2022-07-01 12:22:51.837] DEBUG Logger.debug(Logger.java:49) - SqlSession [org.apache.ibatis.session.defaults.DefaultSqlSession@2e6f610d] was not registered for synchronization because synchronization is not active
[2022-07-01 12:22:51.838] DEBUG DataSourceUtils.doGetConnection(DataSourceUtils.java:116) - Fetching JDBC Connection from DataSource
[2022-07-01 12:22:51.838] INFO  Log4j2SpyLogDelegator.methodReturned(Log4j2SpyLogDelegator.java:197) -  org.apache.commons.dbcp.DelegatingConnection.getAutoCommit(DelegatingConnection.java:337)
2. Connection.getAutoCommit() returned true
[2022-07-01 12:22:51.838] INFO  Log4j2SpyLogDelegator.methodReturned(Log4j2SpyLogDelegator.java:197) -  org.apache.commons.dbcp.DelegatingConnection.isClosed(DelegatingConnection.java:386)
2. Connection.isClosed() returned false
[2022-07-01 12:22:51.838] INFO  Log4j2SpyLogDelegator.methodReturned(Log4j2SpyLogDelegator.java:197) -  org.apache.commons.dbcp.DelegatingConnection.createStatement(DelegatingConnection.java:257)
2. Statement.new Statement returned 
[2022-07-01 12:22:51.838] INFO  Log4j2SpyLogDelegator.methodReturned(Log4j2SpyLogDelegator.java:197) -  org.apache.commons.dbcp.DelegatingConnection.createStatement(DelegatingConnection.java:257)
2. Connection.createStatement() returned net.sf.log4jdbc.sql.jdbcapi.StatementSpy@1e86a5a7
[2022-07-01 12:22:51.839] INFO  Log4j2SpyLogDelegator.sqlTimingOccurred(Log4j2SpyLogDelegator.java:243) -  org.apache.commons.dbcp.DelegatingStatement.executeQuery(DelegatingStatement.java:208)
2. SELECT 1 FROM DUAL  {executed in 1 ms}
[2022-07-01 12:22:51.839] INFO  Log4j2SpyLogDelegator.methodReturned(Log4j2SpyLogDelegator.java:197) -  org.apache.commons.dbcp.DelegatingStatement.executeQuery(DelegatingStatement.java:208)
2. ResultSet.new ResultSet returned 
[2022-07-01 12:22:51.840] INFO  Log4j2SpyLogDelegator.methodReturned(Log4j2SpyLogDelegator.java:197) -  org.apache.commons.dbcp.DelegatingStatement.executeQuery(DelegatingStatement.java:208)
2. Statement.executeQuery(SELECT 1 FROM DUAL) returned net.sf.log4jdbc.sql.jdbcapi.ResultSetSpy@10afe71a
[2022-07-01 12:22:51.840] INFO  Log4j2SpyLogDelegator.methodReturned(Log4j2SpyLogDelegator.java:197) -  org.apache.commons.dbcp.DelegatingResultSet.next(DelegatingResultSet.java:207)
2. ResultSet.next() returned true
[2022-07-01 12:22:51.840] INFO  Log4j2SpyLogDelegator.resultSetCollected(Log4j2SpyLogDelegator.java:390) - 
|--|
|1 |
|--|
|--|

[2022-07-01 12:22:51.840] INFO  Log4j2SpyLogDelegator.methodReturned(Log4j2SpyLogDelegator.java:197) -  org.apache.commons.dbcp.DelegatingResultSet.close(DelegatingResultSet.java:187)
2. ResultSet.close() returned void
[2022-07-01 12:22:51.840] INFO  Log4j2SpyLogDelegator.methodReturned(Log4j2SpyLogDelegator.java:197) -  org.apache.commons.dbcp.DelegatingStatement.close(DelegatingStatement.java:168)
2. Statement.close() returned 
[2022-07-01 12:22:51.841] INFO  Log4j2SpyLogDelegator.methodReturned(Log4j2SpyLogDelegator.java:197) -  org.apache.commons.dbcp.DelegatingConnection.getAutoCommit(DelegatingConnection.java:337)
2. Connection.getAutoCommit() returned true
[2022-07-01 12:22:51.841] INFO  Log4j2SpyLogDelegator.methodReturned(Log4j2SpyLogDelegator.java:197) -  org.apache.commons.dbcp.DelegatingConnection.toString(DelegatingConnection.java:114)
2. Connection.isClosed() returned false
[2022-07-01 12:22:51.841] INFO  Log4j2SpyLogDelegator.methodReturned(Log4j2SpyLogDelegator.java:197) -  org.apache.commons.dbcp.DelegatingConnection.toString(DelegatingConnection.java:118)
2. Connection.getMetaData() returned oracle.jdbc.driver.OracleDatabaseMetaData@a565cbd
[2022-07-01 12:22:51.841] DEBUG Logger.debug(Logger.java:49) - JDBC Connection [jdbc:oracle:thin:@192.168.3.101:1521:xe, UserName=SPRING, Oracle JDBC driver] will not be managed by Spring
[2022-07-01 12:22:51.841] DEBUG BaseJdbcLogger.debug(BaseJdbcLogger.java:137) - ==>  Preparing: DELETE FROM hr_member WHERE u_id = ?
[2022-07-01 12:22:51.841] INFO  Log4j2SpyLogDelegator.methodReturned(Log4j2SpyLogDelegator.java:197) -  org.apache.commons.dbcp.DelegatingConnection.prepareStatement(DelegatingConnection.java:281)
2. PreparedStatement.new PreparedStatement returned 
[2022-07-01 12:22:51.842] INFO  Log4j2SpyLogDelegator.methodReturned(Log4j2SpyLogDelegator.java:197) -  org.apache.commons.dbcp.DelegatingConnection.prepareStatement(DelegatingConnection.java:281)
2. Connection.prepareStatement(DELETE FROM hr_member
	    WHERE u_id = ?) returned net.sf.log4jdbc.sql.jdbcapi.PreparedStatementSpy@741f8dbe
[2022-07-01 12:22:51.842] INFO  Log4j2SpyLogDelegator.methodReturned(Log4j2SpyLogDelegator.java:197) -  org.apache.commons.dbcp.DelegatingPreparedStatement.setString(DelegatingPreparedStatement.java:135)
2. PreparedStatement.setString(1, "p0300") returned 
[2022-07-01 12:22:51.842] DEBUG BaseJdbcLogger.debug(BaseJdbcLogger.java:137) - ==> Parameters: p0300(String)
[2022-07-01 12:22:51.843] INFO  Log4j2SpyLogDelegator.sqlTimingOccurred(Log4j2SpyLogDelegator.java:243) -  org.apache.commons.dbcp.DelegatingPreparedStatement.execute(DelegatingPreparedStatement.java:172)
2. DELETE FROM hr_member WHERE u_id = 'p0300'  {executed in 1 ms}
[2022-07-01 12:22:51.843] INFO  Log4j2SpyLogDelegator.methodReturned(Log4j2SpyLogDelegator.java:197) -  org.apache.commons.dbcp.DelegatingPreparedStatement.execute(DelegatingPreparedStatement.java:172)
2. PreparedStatement.execute() returned false
[2022-07-01 12:22:51.843] INFO  Log4j2SpyLogDelegator.methodReturned(Log4j2SpyLogDelegator.java:197) -  org.apache.commons.dbcp.DelegatingStatement.getUpdateCount(DelegatingStatement.java:267)
2. PreparedStatement.getUpdateCount() returned 0
[2022-07-01 12:22:51.843] DEBUG BaseJdbcLogger.debug(BaseJdbcLogger.java:137) - <==    Updates: 0
[2022-07-01 12:22:51.843] INFO  Log4j2SpyLogDelegator.methodReturned(Log4j2SpyLogDelegator.java:197) -  org.apache.commons.dbcp.DelegatingStatement.close(DelegatingStatement.java:168)
2. PreparedStatement.close() returned 
[2022-07-01 12:22:51.843] DEBUG Logger.debug(Logger.java:49) - Closing non transactional SqlSession [org.apache.ibatis.session.defaults.DefaultSqlSession@2e6f610d]
[2022-07-01 12:22:51.844] INFO  Log4j2SpyLogDelegator.methodReturned(Log4j2SpyLogDelegator.java:197) -  org.apache.commons.dbcp.PoolableConnection.close(PoolableConnection.java:72)
2. Connection.isClosed() returned false
[2022-07-01 12:22:51.844] INFO  Log4j2SpyLogDelegator.methodReturned(Log4j2SpyLogDelegator.java:197) -  org.apache.commons.dbcp.DelegatingConnection.getAutoCommit(DelegatingConnection.java:337)
2. Connection.getAutoCommit() returned true
[2022-07-01 12:22:51.844] INFO  Log4j2SpyLogDelegator.methodReturned(Log4j2SpyLogDelegator.java:197) -  org.apache.commons.dbcp.DelegatingConnection.clearWarnings(DelegatingConnection.java:331)
2. Connection.clearWarnings() returned 
[2022-07-01 12:22:51.844] INFO  Log4j2SpyLogDelegator.methodReturned(Log4j2SpyLogDelegator.java:197) -  org.apache.commons.dbcp.DelegatingConnection.getAutoCommit(DelegatingConnection.java:337)
2. Connection.getAutoCommit() returned true
[2022-07-01 12:22:51.844] DEBUG UserDaoImpl.doDelete(UserDaoImpl.java:155) - flag = 0
[2022-07-01 12:22:51.844] DEBUG UserDaoImpl.doInsert(UserDaoImpl.java:98) - ============================
[2022-07-01 12:22:51.844] DEBUG UserDaoImpl.doInsert(UserDaoImpl.java:99) - param:UserVO [uId=p03, name=김동호03, passwd=1130, level=BASIC, login=1, recommend=0, email=tubus1130@gmail.com, regDt=날짜_사용안함, toString()=DTO [num=0, totalCnt=0]]
[2022-07-01 12:22:51.844] DEBUG UserDaoImpl.doInsert(UserDaoImpl.java:100) - statement:com.pcwk.ehr.user.doInsert
[2022-07-01 12:22:51.845] DEBUG UserDaoImpl.doInsert(UserDaoImpl.java:101) - ============================
[2022-07-01 12:22:51.845] DEBUG Logger.debug(Logger.java:49) - Creating a new SqlSession
[2022-07-01 12:22:51.845] DEBUG Logger.debug(Logger.java:49) - SqlSession [org.apache.ibatis.session.defaults.DefaultSqlSession@212dfd39] was not registered for synchronization because synchronization is not active
[2022-07-01 12:22:51.845] DEBUG DataSourceUtils.doGetConnection(DataSourceUtils.java:116) - Fetching JDBC Connection from DataSource
[2022-07-01 12:22:51.845] INFO  Log4j2SpyLogDelegator.methodReturned(Log4j2SpyLogDelegator.java:197) -  org.apache.commons.dbcp.DelegatingConnection.getAutoCommit(DelegatingConnection.java:337)
2. Connection.getAutoCommit() returned true
[2022-07-01 12:22:51.845] INFO  Log4j2SpyLogDelegator.methodReturned(Log4j2SpyLogDelegator.java:197) -  org.apache.commons.dbcp.DelegatingConnection.isClosed(DelegatingConnection.java:386)
2. Connection.isClosed() returned false
[2022-07-01 12:22:51.845] INFO  Log4j2SpyLogDelegator.methodReturned(Log4j2SpyLogDelegator.java:197) -  org.apache.commons.dbcp.DelegatingConnection.createStatement(DelegatingConnection.java:257)
2. Statement.new Statement returned 
[2022-07-01 12:22:51.845] INFO  Log4j2SpyLogDelegator.methodReturned(Log4j2SpyLogDelegator.java:197) -  org.apache.commons.dbcp.DelegatingConnection.createStatement(DelegatingConnection.java:257)
2. Connection.createStatement() returned net.sf.log4jdbc.sql.jdbcapi.StatementSpy@a2ddf26
[2022-07-01 12:22:51.846] INFO  Log4j2SpyLogDelegator.sqlTimingOccurred(Log4j2SpyLogDelegator.java:243) -  org.apache.commons.dbcp.DelegatingStatement.executeQuery(DelegatingStatement.java:208)
2. SELECT 1 FROM DUAL  {executed in 0 ms}
[2022-07-01 12:22:51.847] INFO  Log4j2SpyLogDelegator.methodReturned(Log4j2SpyLogDelegator.java:197) -  org.apache.commons.dbcp.DelegatingStatement.executeQuery(DelegatingStatement.java:208)
2. ResultSet.new ResultSet returned 
[2022-07-01 12:22:51.847] INFO  Log4j2SpyLogDelegator.methodReturned(Log4j2SpyLogDelegator.java:197) -  org.apache.commons.dbcp.DelegatingStatement.executeQuery(DelegatingStatement.java:208)
2. Statement.executeQuery(SELECT 1 FROM DUAL) returned net.sf.log4jdbc.sql.jdbcapi.ResultSetSpy@65d57e4e
[2022-07-01 12:22:51.847] INFO  Log4j2SpyLogDelegator.methodReturned(Log4j2SpyLogDelegator.java:197) -  org.apache.commons.dbcp.DelegatingResultSet.next(DelegatingResultSet.java:207)
2. ResultSet.next() returned true
[2022-07-01 12:22:51.848] INFO  Log4j2SpyLogDelegator.resultSetCollected(Log4j2SpyLogDelegator.java:390) - 
|--|
|1 |
|--|
|--|

[2022-07-01 12:22:51.848] INFO  Log4j2SpyLogDelegator.methodReturned(Log4j2SpyLogDelegator.java:197) -  org.apache.commons.dbcp.DelegatingResultSet.close(DelegatingResultSet.java:187)
2. ResultSet.close() returned void
[2022-07-01 12:22:51.848] INFO  Log4j2SpyLogDelegator.methodReturned(Log4j2SpyLogDelegator.java:197) -  org.apache.commons.dbcp.DelegatingStatement.close(DelegatingStatement.java:168)
2. Statement.close() returned 
[2022-07-01 12:22:51.848] INFO  Log4j2SpyLogDelegator.methodReturned(Log4j2SpyLogDelegator.java:197) -  org.apache.commons.dbcp.DelegatingConnection.getAutoCommit(DelegatingConnection.java:337)
2. Connection.getAutoCommit() returned true
[2022-07-01 12:22:51.848] INFO  Log4j2SpyLogDelegator.methodReturned(Log4j2SpyLogDelegator.java:197) -  org.apache.commons.dbcp.DelegatingConnection.toString(DelegatingConnection.java:114)
2. Connection.isClosed() returned false
[2022-07-01 12:22:51.848] INFO  Log4j2SpyLogDelegator.methodReturned(Log4j2SpyLogDelegator.java:197) -  org.apache.commons.dbcp.DelegatingConnection.toString(DelegatingConnection.java:118)
2. Connection.getMetaData() returned oracle.jdbc.driver.OracleDatabaseMetaData@a565cbd
[2022-07-01 12:22:51.849] DEBUG Logger.debug(Logger.java:49) - JDBC Connection [jdbc:oracle:thin:@192.168.3.101:1521:xe, UserName=SPRING, Oracle JDBC driver] will not be managed by Spring
[2022-07-01 12:22:51.849] DEBUG BaseJdbcLogger.debug(BaseJdbcLogger.java:137) - ==>  Preparing: INSERT INTO hr_member ( u_id, name, passwd, u_level, login, recommend, email, reg_dt ) VALUES ( ?, ?, ?, ?, ?, ?, ?, SYSDATE )
[2022-07-01 12:22:51.849] INFO  Log4j2SpyLogDelegator.methodReturned(Log4j2SpyLogDelegator.java:197) -  org.apache.commons.dbcp.DelegatingConnection.prepareStatement(DelegatingConnection.java:281)
2. PreparedStatement.new PreparedStatement returned 
[2022-07-01 12:22:51.849] INFO  Log4j2SpyLogDelegator.methodReturned(Log4j2SpyLogDelegator.java:197) -  org.apache.commons.dbcp.DelegatingConnection.prepareStatement(DelegatingConnection.java:281)
2. Connection.prepareStatement(INSERT INTO hr_member (
	            u_id,      
	            name,      
	            passwd,    
	            u_level,   
	            login,     
	            recommend, 
	            email,     
	            reg_dt     
		) VALUES (             
		    ?,                 
		    ?,                 
		    ?,                 
		    ?,                 
		    ?,                 
		    ?,                 
		    ?,                 
		    SYSDATE            
		)) returned net.sf.log4jdbc.sql.jdbcapi.PreparedStatementSpy@6daf7d37
[2022-07-01 12:22:51.850] INFO  Log4j2SpyLogDelegator.methodReturned(Log4j2SpyLogDelegator.java:197) -  org.apache.commons.dbcp.DelegatingPreparedStatement.setString(DelegatingPreparedStatement.java:135)
2. PreparedStatement.setString(1, "p03") returned 
[2022-07-01 12:22:51.850] INFO  Log4j2SpyLogDelegator.methodReturned(Log4j2SpyLogDelegator.java:197) -  org.apache.commons.dbcp.DelegatingPreparedStatement.setString(DelegatingPreparedStatement.java:135)
2. PreparedStatement.setString(2, "김동호03") returned 
[2022-07-01 12:22:51.850] INFO  Log4j2SpyLogDelegator.methodReturned(Log4j2SpyLogDelegator.java:197) -  org.apache.commons.dbcp.DelegatingPreparedStatement.setString(DelegatingPreparedStatement.java:135)
2. PreparedStatement.setString(3, "1130") returned 
[2022-07-01 12:22:51.852] INFO  Log4j2SpyLogDelegator.methodReturned(Log4j2SpyLogDelegator.java:197) -  org.apache.commons.dbcp.DelegatingPreparedStatement.setInt(DelegatingPreparedStatement.java:120)
2. PreparedStatement.setInt(4, 1) returned 
[2022-07-01 12:22:51.853] INFO  Log4j2SpyLogDelegator.methodReturned(Log4j2SpyLogDelegator.java:197) -  org.apache.commons.dbcp.DelegatingPreparedStatement.setInt(DelegatingPreparedStatement.java:120)
2. PreparedStatement.setInt(5, 1) returned 
[2022-07-01 12:22:51.853] INFO  Log4j2SpyLogDelegator.methodReturned(Log4j2SpyLogDelegator.java:197) -  org.apache.commons.dbcp.DelegatingPreparedStatement.setInt(DelegatingPreparedStatement.java:120)
2. PreparedStatement.setInt(6, 0) returned 
[2022-07-01 12:22:51.853] INFO  Log4j2SpyLogDelegator.methodReturned(Log4j2SpyLogDelegator.java:197) -  org.apache.commons.dbcp.DelegatingPreparedStatement.setString(DelegatingPreparedStatement.java:135)
2. PreparedStatement.setString(7, "tubus1130@gmail.com") returned 
[2022-07-01 12:22:51.854] DEBUG BaseJdbcLogger.debug(BaseJdbcLogger.java:137) - ==> Parameters: p03(String), 김동호03(String), 1130(String), 1(Integer), 1(Integer), 0(Integer), tubus1130@gmail.com(String)
[2022-07-01 12:22:51.857] INFO  Log4j2SpyLogDelegator.sqlTimingOccurred(Log4j2SpyLogDelegator.java:243) -  org.apache.commons.dbcp.DelegatingPreparedStatement.execute(DelegatingPreparedStatement.java:172)
2. INSERT INTO hr_member ( u_id, name, passwd, u_level, login, recommend, email, reg_dt ) VALUES 
( 'p03', '김동호03', '1130', 1, 1, 0, 'tubus1130@gmail.com', SYSDATE )  {executed in 3 ms}
[2022-07-01 12:22:51.859] INFO  Log4j2SpyLogDelegator.methodReturned(Log4j2SpyLogDelegator.java:197) -  org.apache.commons.dbcp.DelegatingPreparedStatement.execute(DelegatingPreparedStatement.java:172)
2. PreparedStatement.execute() returned false
[2022-07-01 12:22:51.859] INFO  Log4j2SpyLogDelegator.methodReturned(Log4j2SpyLogDelegator.java:197) -  org.apache.commons.dbcp.DelegatingStatement.getUpdateCount(DelegatingStatement.java:267)
2. PreparedStatement.getUpdateCount() returned 1
[2022-07-01 12:22:51.860] DEBUG BaseJdbcLogger.debug(BaseJdbcLogger.java:137) - <==    Updates: 1
[2022-07-01 12:22:51.860] INFO  Log4j2SpyLogDelegator.methodReturned(Log4j2SpyLogDelegator.java:197) -  org.apache.commons.dbcp.DelegatingStatement.close(DelegatingStatement.java:168)
2. PreparedStatement.close() returned 
[2022-07-01 12:22:51.860] DEBUG Logger.debug(Logger.java:49) - Closing non transactional SqlSession [org.apache.ibatis.session.defaults.DefaultSqlSession@212dfd39]
[2022-07-01 12:22:51.860] INFO  Log4j2SpyLogDelegator.methodReturned(Log4j2SpyLogDelegator.java:197) -  org.apache.commons.dbcp.PoolableConnection.close(PoolableConnection.java:72)
2. Connection.isClosed() returned false
[2022-07-01 12:22:51.860] INFO  Log4j2SpyLogDelegator.methodReturned(Log4j2SpyLogDelegator.java:197) -  org.apache.commons.dbcp.DelegatingConnection.getAutoCommit(DelegatingConnection.java:337)
2. Connection.getAutoCommit() returned true
[2022-07-01 12:22:51.860] INFO  Log4j2SpyLogDelegator.methodReturned(Log4j2SpyLogDelegator.java:197) -  org.apache.commons.dbcp.DelegatingConnection.clearWarnings(DelegatingConnection.java:331)
2. Connection.clearWarnings() returned 
[2022-07-01 12:22:51.860] INFO  Log4j2SpyLogDelegator.methodReturned(Log4j2SpyLogDelegator.java:197) -  org.apache.commons.dbcp.DelegatingConnection.getAutoCommit(DelegatingConnection.java:337)
2. Connection.getAutoCommit() returned true
[2022-07-01 12:22:51.860] DEBUG UserDaoImpl.doInsert(UserDaoImpl.java:104) - flag : 1
[2022-07-01 12:22:51.860] DEBUG UserDaoImpl.getCount(UserDaoImpl.java:72) - ============================
[2022-07-01 12:22:51.862] DEBUG UserDaoImpl.getCount(UserDaoImpl.java:73) - param:UserVO [uId=p03, name=김동호03, passwd=1130, level=BASIC, login=1, recommend=0, email=tubus1130@gmail.com, regDt=날짜_사용안함, toString()=DTO [num=0, totalCnt=0]]
[2022-07-01 12:22:51.862] DEBUG UserDaoImpl.getCount(UserDaoImpl.java:74) - statement: com.pcwk.ehr.user.getCount
[2022-07-01 12:22:51.862] DEBUG UserDaoImpl.getCount(UserDaoImpl.java:75) - ============================
[2022-07-01 12:22:51.862] DEBUG Logger.debug(Logger.java:49) - Creating a new SqlSession
[2022-07-01 12:22:51.862] DEBUG Logger.debug(Logger.java:49) - SqlSession [org.apache.ibatis.session.defaults.DefaultSqlSession@17690e14] was not registered for synchronization because synchronization is not active
[2022-07-01 12:22:51.863] DEBUG DataSourceUtils.doGetConnection(DataSourceUtils.java:116) - Fetching JDBC Connection from DataSource
[2022-07-01 12:22:51.863] INFO  Log4j2SpyLogDelegator.methodReturned(Log4j2SpyLogDelegator.java:197) -  org.apache.commons.dbcp.DelegatingConnection.getAutoCommit(DelegatingConnection.java:337)
2. Connection.getAutoCommit() returned true
[2022-07-01 12:22:51.863] INFO  Log4j2SpyLogDelegator.methodReturned(Log4j2SpyLogDelegator.java:197) -  org.apache.commons.dbcp.DelegatingConnection.isClosed(DelegatingConnection.java:386)
2. Connection.isClosed() returned false
[2022-07-01 12:22:51.863] INFO  Log4j2SpyLogDelegator.methodReturned(Log4j2SpyLogDelegator.java:197) -  org.apache.commons.dbcp.DelegatingConnection.createStatement(DelegatingConnection.java:257)
2. Statement.new Statement returned 
[2022-07-01 12:22:51.863] INFO  Log4j2SpyLogDelegator.methodReturned(Log4j2SpyLogDelegator.java:197) -  org.apache.commons.dbcp.DelegatingConnection.createStatement(DelegatingConnection.java:257)
2. Connection.createStatement() returned net.sf.log4jdbc.sql.jdbcapi.StatementSpy@c6c82aa
[2022-07-01 12:22:51.864] INFO  Log4j2SpyLogDelegator.sqlTimingOccurred(Log4j2SpyLogDelegator.java:243) -  org.apache.commons.dbcp.DelegatingStatement.executeQuery(DelegatingStatement.java:208)
2. SELECT 1 FROM DUAL  {executed in 1 ms}
[2022-07-01 12:22:51.865] INFO  Log4j2SpyLogDelegator.methodReturned(Log4j2SpyLogDelegator.java:197) -  org.apache.commons.dbcp.DelegatingStatement.executeQuery(DelegatingStatement.java:208)
2. ResultSet.new ResultSet returned 
[2022-07-01 12:22:51.865] INFO  Log4j2SpyLogDelegator.methodReturned(Log4j2SpyLogDelegator.java:197) -  org.apache.commons.dbcp.DelegatingStatement.executeQuery(DelegatingStatement.java:208)
2. Statement.executeQuery(SELECT 1 FROM DUAL) returned net.sf.log4jdbc.sql.jdbcapi.ResultSetSpy@2e179f3e
[2022-07-01 12:22:51.865] INFO  Log4j2SpyLogDelegator.methodReturned(Log4j2SpyLogDelegator.java:197) -  org.apache.commons.dbcp.DelegatingResultSet.next(DelegatingResultSet.java:207)
2. ResultSet.next() returned true
[2022-07-01 12:22:51.865] INFO  Log4j2SpyLogDelegator.resultSetCollected(Log4j2SpyLogDelegator.java:390) - 
|--|
|1 |
|--|
|--|

[2022-07-01 12:22:51.865] INFO  Log4j2SpyLogDelegator.methodReturned(Log4j2SpyLogDelegator.java:197) -  org.apache.commons.dbcp.DelegatingResultSet.close(DelegatingResultSet.java:187)
2. ResultSet.close() returned void
[2022-07-01 12:22:51.867] INFO  Log4j2SpyLogDelegator.methodReturned(Log4j2SpyLogDelegator.java:197) -  org.apache.commons.dbcp.DelegatingStatement.close(DelegatingStatement.java:168)
2. Statement.close() returned 
[2022-07-01 12:22:51.867] INFO  Log4j2SpyLogDelegator.methodReturned(Log4j2SpyLogDelegator.java:197) -  org.apache.commons.dbcp.DelegatingConnection.getAutoCommit(DelegatingConnection.java:337)
2. Connection.getAutoCommit() returned true
[2022-07-01 12:22:51.867] INFO  Log4j2SpyLogDelegator.methodReturned(Log4j2SpyLogDelegator.java:197) -  org.apache.commons.dbcp.DelegatingConnection.toString(DelegatingConnection.java:114)
2. Connection.isClosed() returned false
[2022-07-01 12:22:51.867] INFO  Log4j2SpyLogDelegator.methodReturned(Log4j2SpyLogDelegator.java:197) -  org.apache.commons.dbcp.DelegatingConnection.toString(DelegatingConnection.java:118)
2. Connection.getMetaData() returned oracle.jdbc.driver.OracleDatabaseMetaData@a565cbd
[2022-07-01 12:22:51.867] DEBUG Logger.debug(Logger.java:49) - JDBC Connection [jdbc:oracle:thin:@192.168.3.101:1521:xe, UserName=SPRING, Oracle JDBC driver] will not be managed by Spring
[2022-07-01 12:22:51.867] DEBUG BaseJdbcLogger.debug(BaseJdbcLogger.java:137) - ==>  Preparing: SELECT COUNT(*) AS cnt FROM hr_member WHERE u_id LIKE ? || '%'
[2022-07-01 12:22:51.867] INFO  Log4j2SpyLogDelegator.methodReturned(Log4j2SpyLogDelegator.java:197) -  org.apache.commons.dbcp.DelegatingConnection.prepareStatement(DelegatingConnection.java:281)
2. PreparedStatement.new PreparedStatement returned 
[2022-07-01 12:22:51.867] INFO  Log4j2SpyLogDelegator.methodReturned(Log4j2SpyLogDelegator.java:197) -  org.apache.commons.dbcp.DelegatingConnection.prepareStatement(DelegatingConnection.java:281)
2. Connection.prepareStatement(SELECT COUNT(*) AS cnt
        FROM hr_member  
        WHERE u_id LIKE ? || '%') returned net.sf.log4jdbc.sql.jdbcapi.PreparedStatementSpy@16e7b402
[2022-07-01 12:22:51.867] INFO  Log4j2SpyLogDelegator.methodReturned(Log4j2SpyLogDelegator.java:197) -  org.apache.commons.dbcp.DelegatingPreparedStatement.setString(DelegatingPreparedStatement.java:135)
2. PreparedStatement.setString(1, "p03") returned 
[2022-07-01 12:22:51.867] DEBUG BaseJdbcLogger.debug(BaseJdbcLogger.java:137) - ==> Parameters: p03(String)
[2022-07-01 12:22:51.869] INFO  Log4j2SpyLogDelegator.sqlTimingOccurred(Log4j2SpyLogDelegator.java:243) -  org.apache.commons.dbcp.DelegatingPreparedStatement.execute(DelegatingPreparedStatement.java:172)
2. SELECT COUNT(*) AS cnt FROM hr_member WHERE u_id LIKE 'p03' || '%'  {executed in 2 ms}
[2022-07-01 12:22:51.870] INFO  Log4j2SpyLogDelegator.methodReturned(Log4j2SpyLogDelegator.java:197) -  org.apache.commons.dbcp.DelegatingPreparedStatement.execute(DelegatingPreparedStatement.java:172)
2. PreparedStatement.execute() returned true
[2022-07-01 12:22:51.870] INFO  Log4j2SpyLogDelegator.methodReturned(Log4j2SpyLogDelegator.java:197) -  org.apache.commons.dbcp.DelegatingStatement.getResultSet(DelegatingStatement.java:219)
2. ResultSet.new ResultSet returned 
[2022-07-01 12:22:51.870] INFO  Log4j2SpyLogDelegator.methodReturned(Log4j2SpyLogDelegator.java:197) -  org.apache.commons.dbcp.DelegatingStatement.getResultSet(DelegatingStatement.java:219)
2. PreparedStatement.getResultSet() returned net.sf.log4jdbc.sql.jdbcapi.ResultSetSpy@29a1505c
[2022-07-01 12:22:51.874] INFO  Log4j2SpyLogDelegator.methodReturned(Log4j2SpyLogDelegator.java:197) -  org.apache.commons.dbcp.DelegatingResultSet.getMetaData(DelegatingResultSet.java:322)
2. ResultSet.getMetaData() returned oracle.jdbc.driver.OracleResultSetMetaData@4d3ca6c7
[2022-07-01 12:22:51.875] INFO  Log4j2SpyLogDelegator.methodReturned(Log4j2SpyLogDelegator.java:197) -  org.apache.commons.dbcp.DelegatingResultSet.getType(DelegatingResultSet.java:394)
2. ResultSet.getType() returned 1003
[2022-07-01 12:22:51.875] INFO  Log4j2SpyLogDelegator.methodReturned(Log4j2SpyLogDelegator.java:197) -  org.apache.commons.dbcp.DelegatingResultSet.isClosed(DelegatingResultSet.java:688)
2. ResultSet.isClosed() returned false
[2022-07-01 12:22:51.876] INFO  Log4j2SpyLogDelegator.methodReturned(Log4j2SpyLogDelegator.java:197) -  org.apache.commons.dbcp.DelegatingResultSet.next(DelegatingResultSet.java:207)
2. ResultSet.next() returned true
[2022-07-01 12:22:51.876] INFO  Log4j2SpyLogDelegator.methodReturned(Log4j2SpyLogDelegator.java:197) -  org.apache.commons.dbcp.DelegatingResultSet.getInt(DelegatingResultSet.java:275)
2. ResultSet.getInt(CNT) returned 1
[2022-07-01 12:22:51.877] INFO  Log4j2SpyLogDelegator.methodReturned(Log4j2SpyLogDelegator.java:197) -  org.apache.commons.dbcp.DelegatingResultSet.isClosed(DelegatingResultSet.java:688)
2. ResultSet.isClosed() returned false
[2022-07-01 12:22:51.877] INFO  Log4j2SpyLogDelegator.resultSetCollected(Log4j2SpyLogDelegator.java:390) - 
|----|
|cnt |
|----|
|1   |
|----|

[2022-07-01 12:22:51.877] INFO  Log4j2SpyLogDelegator.methodReturned(Log4j2SpyLogDelegator.java:197) -  org.apache.commons.dbcp.DelegatingResultSet.next(DelegatingResultSet.java:207)
2. ResultSet.next() returned false
[2022-07-01 12:22:51.877] DEBUG BaseJdbcLogger.debug(BaseJdbcLogger.java:137) - <==      Total: 1
[2022-07-01 12:22:51.877] INFO  Log4j2SpyLogDelegator.methodReturned(Log4j2SpyLogDelegator.java:197) -  org.apache.commons.dbcp.DelegatingResultSet.close(DelegatingResultSet.java:187)
2. ResultSet.close() returned void
[2022-07-01 12:22:51.879] INFO  Log4j2SpyLogDelegator.methodReturned(Log4j2SpyLogDelegator.java:197) -  org.apache.commons.dbcp.DelegatingConnection.getMetaData(DelegatingConnection.java:345)
2. Connection.getMetaData() returned oracle.jdbc.driver.OracleDatabaseMetaData@a565cbd
[2022-07-01 12:22:51.880] INFO  Log4j2SpyLogDelegator.methodReturned(Log4j2SpyLogDelegator.java:197) -  org.apache.commons.dbcp.DelegatingStatement.close(DelegatingStatement.java:168)
2. PreparedStatement.close() returned 
[2022-07-01 12:22:51.881] DEBUG Logger.debug(Logger.java:49) - Closing non transactional SqlSession [org.apache.ibatis.session.defaults.DefaultSqlSession@17690e14]
[2022-07-01 12:22:51.881] INFO  Log4j2SpyLogDelegator.methodReturned(Log4j2SpyLogDelegator.java:197) -  org.apache.commons.dbcp.PoolableConnection.close(PoolableConnection.java:72)
2. Connection.isClosed() returned false
[2022-07-01 12:22:51.881] INFO  Log4j2SpyLogDelegator.methodReturned(Log4j2SpyLogDelegator.java:197) -  org.apache.commons.dbcp.DelegatingConnection.getAutoCommit(DelegatingConnection.java:337)
2. Connection.getAutoCommit() returned true
[2022-07-01 12:22:51.881] INFO  Log4j2SpyLogDelegator.methodReturned(Log4j2SpyLogDelegator.java:197) -  org.apache.commons.dbcp.DelegatingConnection.clearWarnings(DelegatingConnection.java:331)
2. Connection.clearWarnings() returned 
[2022-07-01 12:22:51.881] INFO  Log4j2SpyLogDelegator.methodReturned(Log4j2SpyLogDelegator.java:197) -  org.apache.commons.dbcp.DelegatingConnection.getAutoCommit(DelegatingConnection.java:337)
2. Connection.getAutoCommit() returned true
[2022-07-01 12:22:51.882] DEBUG UserDaoImpl.getCount(UserDaoImpl.java:78) - ============================
[2022-07-01 12:22:51.882] DEBUG UserDaoImpl.getCount(UserDaoImpl.java:79) - count=1
[2022-07-01 12:22:51.882] DEBUG UserDaoImpl.getCount(UserDaoImpl.java:80) - ============================
[2022-07-01 12:22:51.902] DEBUG LogFormatUtils.traceDebug(LogFormatUtils.java:108) - POST "/login/doLogin.do", parameters={masked}
[2022-07-01 12:22:51.923] DEBUG LoginController.doLogin(LoginController.java:59) - ========================
[2022-07-01 12:22:51.923] DEBUG LoginController.doLogin(LoginController.java:60) - =inVO=UserVO [uId=p03, name=null, passwd=1130, level=null, login=0, recommend=0, email=null, regDt=null, toString()=DTO [num=0, totalCnt=0]]
[2022-07-01 12:22:51.923] DEBUG LoginController.doLogin(LoginController.java:61) - ========================
[2022-07-01 12:22:51.929] DEBUG UserDaoImpl.idCheck(UserDaoImpl.java:178) - ============================
[2022-07-01 12:22:51.929] DEBUG UserDaoImpl.idCheck(UserDaoImpl.java:179) - param:UserVO [uId=p03, name=null, passwd=1130, level=null, login=0, recommend=0, email=null, regDt=null, toString()=DTO [num=0, totalCnt=0]]
[2022-07-01 12:22:51.929] DEBUG UserDaoImpl.idCheck(UserDaoImpl.java:180) - statement:com.pcwk.ehr.user.idCheck
[2022-07-01 12:22:51.929] DEBUG UserDaoImpl.idCheck(UserDaoImpl.java:181) - ============================
[2022-07-01 12:22:51.929] DEBUG Logger.debug(Logger.java:49) - Creating a new SqlSession
[2022-07-01 12:22:51.929] DEBUG Logger.debug(Logger.java:49) - SqlSession [org.apache.ibatis.session.defaults.DefaultSqlSession@102ecc22] was not registered for synchronization because synchronization is not active
[2022-07-01 12:22:51.929] DEBUG DataSourceUtils.doGetConnection(DataSourceUtils.java:116) - Fetching JDBC Connection from DataSource
[2022-07-01 12:22:51.930] INFO  Log4j2SpyLogDelegator.methodReturned(Log4j2SpyLogDelegator.java:197) -  org.apache.commons.dbcp.DelegatingConnection.getAutoCommit(DelegatingConnection.java:337)
2. Connection.getAutoCommit() returned true
[2022-07-01 12:22:51.930] INFO  Log4j2SpyLogDelegator.methodReturned(Log4j2SpyLogDelegator.java:197) -  org.apache.commons.dbcp.DelegatingConnection.isClosed(DelegatingConnection.java:386)
2. Connection.isClosed() returned false
[2022-07-01 12:22:51.930] INFO  Log4j2SpyLogDelegator.methodReturned(Log4j2SpyLogDelegator.java:197) -  org.apache.commons.dbcp.DelegatingConnection.createStatement(DelegatingConnection.java:257)
2. Statement.new Statement returned 
[2022-07-01 12:22:51.930] INFO  Log4j2SpyLogDelegator.methodReturned(Log4j2SpyLogDelegator.java:197) -  org.apache.commons.dbcp.DelegatingConnection.createStatement(DelegatingConnection.java:257)
2. Connection.createStatement() returned net.sf.log4jdbc.sql.jdbcapi.StatementSpy@7ff35a3f
[2022-07-01 12:22:51.931] INFO  Log4j2SpyLogDelegator.sqlTimingOccurred(Log4j2SpyLogDelegator.java:243) -  org.apache.commons.dbcp.DelegatingStatement.executeQuery(DelegatingStatement.java:208)
2. SELECT 1 FROM DUAL  {executed in 0 ms}
[2022-07-01 12:22:51.932] INFO  Log4j2SpyLogDelegator.methodReturned(Log4j2SpyLogDelegator.java:197) -  org.apache.commons.dbcp.DelegatingStatement.executeQuery(DelegatingStatement.java:208)
2. ResultSet.new ResultSet returned 
[2022-07-01 12:22:51.932] INFO  Log4j2SpyLogDelegator.methodReturned(Log4j2SpyLogDelegator.java:197) -  org.apache.commons.dbcp.DelegatingStatement.executeQuery(DelegatingStatement.java:208)
2. Statement.executeQuery(SELECT 1 FROM DUAL) returned net.sf.log4jdbc.sql.jdbcapi.ResultSetSpy@26dc9bd5
[2022-07-01 12:22:51.932] INFO  Log4j2SpyLogDelegator.methodReturned(Log4j2SpyLogDelegator.java:197) -  org.apache.commons.dbcp.DelegatingResultSet.next(DelegatingResultSet.java:207)
2. ResultSet.next() returned true
[2022-07-01 12:22:51.933] INFO  Log4j2SpyLogDelegator.resultSetCollected(Log4j2SpyLogDelegator.java:390) - 
|--|
|1 |
|--|
|--|

[2022-07-01 12:22:51.933] INFO  Log4j2SpyLogDelegator.methodReturned(Log4j2SpyLogDelegator.java:197) -  org.apache.commons.dbcp.DelegatingResultSet.close(DelegatingResultSet.java:187)
2. ResultSet.close() returned void
[2022-07-01 12:22:51.933] INFO  Log4j2SpyLogDelegator.methodReturned(Log4j2SpyLogDelegator.java:197) -  org.apache.commons.dbcp.DelegatingStatement.close(DelegatingStatement.java:168)
2. Statement.close() returned 
[2022-07-01 12:22:51.933] INFO  Log4j2SpyLogDelegator.methodReturned(Log4j2SpyLogDelegator.java:197) -  org.apache.commons.dbcp.DelegatingConnection.getAutoCommit(DelegatingConnection.java:337)
2. Connection.getAutoCommit() returned true
[2022-07-01 12:22:51.934] INFO  Log4j2SpyLogDelegator.methodReturned(Log4j2SpyLogDelegator.java:197) -  org.apache.commons.dbcp.DelegatingConnection.toString(DelegatingConnection.java:114)
2. Connection.isClosed() returned false
[2022-07-01 12:22:51.934] INFO  Log4j2SpyLogDelegator.methodReturned(Log4j2SpyLogDelegator.java:197) -  org.apache.commons.dbcp.DelegatingConnection.toString(DelegatingConnection.java:118)
2. Connection.getMetaData() returned oracle.jdbc.driver.OracleDatabaseMetaData@a565cbd
[2022-07-01 12:22:51.934] DEBUG Logger.debug(Logger.java:49) - JDBC Connection [jdbc:oracle:thin:@192.168.3.101:1521:xe, UserName=SPRING, Oracle JDBC driver] will not be managed by Spring
[2022-07-01 12:22:51.934] DEBUG BaseJdbcLogger.debug(BaseJdbcLogger.java:137) - ==>  Preparing: SELECT COUNT(*) cnt FROM HR_MEMBER WHERE u_id = ?
[2022-07-01 12:22:51.935] INFO  Log4j2SpyLogDelegator.methodReturned(Log4j2SpyLogDelegator.java:197) -  org.apache.commons.dbcp.DelegatingConnection.prepareStatement(DelegatingConnection.java:281)
2. PreparedStatement.new PreparedStatement returned 
[2022-07-01 12:22:51.935] INFO  Log4j2SpyLogDelegator.methodReturned(Log4j2SpyLogDelegator.java:197) -  org.apache.commons.dbcp.DelegatingConnection.prepareStatement(DelegatingConnection.java:281)
2. Connection.prepareStatement(SELECT COUNT(*) cnt
		FROM HR_MEMBER
		WHERE u_id = ?) returned net.sf.log4jdbc.sql.jdbcapi.PreparedStatementSpy@252dc8c4
[2022-07-01 12:22:51.935] INFO  Log4j2SpyLogDelegator.methodReturned(Log4j2SpyLogDelegator.java:197) -  org.apache.commons.dbcp.DelegatingPreparedStatement.setString(DelegatingPreparedStatement.java:135)
2. PreparedStatement.setString(1, "p03") returned 
[2022-07-01 12:22:51.936] DEBUG BaseJdbcLogger.debug(BaseJdbcLogger.java:137) - ==> Parameters: p03(String)
[2022-07-01 12:22:51.937] INFO  Log4j2SpyLogDelegator.sqlTimingOccurred(Log4j2SpyLogDelegator.java:243) -  org.apache.commons.dbcp.DelegatingPreparedStatement.execute(DelegatingPreparedStatement.java:172)
2. SELECT COUNT(*) cnt FROM HR_MEMBER WHERE u_id = 'p03'  {executed in 1 ms}
[2022-07-01 12:22:51.937] INFO  Log4j2SpyLogDelegator.methodReturned(Log4j2SpyLogDelegator.java:197) -  org.apache.commons.dbcp.DelegatingPreparedStatement.execute(DelegatingPreparedStatement.java:172)
2. PreparedStatement.execute() returned true
[2022-07-01 12:22:51.938] INFO  Log4j2SpyLogDelegator.methodReturned(Log4j2SpyLogDelegator.java:197) -  org.apache.commons.dbcp.DelegatingStatement.getResultSet(DelegatingStatement.java:219)
2. ResultSet.new ResultSet returned 
[2022-07-01 12:22:51.938] INFO  Log4j2SpyLogDelegator.methodReturned(Log4j2SpyLogDelegator.java:197) -  org.apache.commons.dbcp.DelegatingStatement.getResultSet(DelegatingStatement.java:219)
2. PreparedStatement.getResultSet() returned net.sf.log4jdbc.sql.jdbcapi.ResultSetSpy@43045f9f
[2022-07-01 12:22:51.938] INFO  Log4j2SpyLogDelegator.methodReturned(Log4j2SpyLogDelegator.java:197) -  org.apache.commons.dbcp.DelegatingResultSet.getMetaData(DelegatingResultSet.java:322)
2. ResultSet.getMetaData() returned oracle.jdbc.driver.OracleResultSetMetaData@2643d762
[2022-07-01 12:22:51.939] INFO  Log4j2SpyLogDelegator.methodReturned(Log4j2SpyLogDelegator.java:197) -  org.apache.commons.dbcp.DelegatingResultSet.getType(DelegatingResultSet.java:394)
2. ResultSet.getType() returned 1003
[2022-07-01 12:22:51.939] INFO  Log4j2SpyLogDelegator.methodReturned(Log4j2SpyLogDelegator.java:197) -  org.apache.commons.dbcp.DelegatingResultSet.isClosed(DelegatingResultSet.java:688)
2. ResultSet.isClosed() returned false
[2022-07-01 12:22:51.940] INFO  Log4j2SpyLogDelegator.methodReturned(Log4j2SpyLogDelegator.java:197) -  org.apache.commons.dbcp.DelegatingResultSet.next(DelegatingResultSet.java:207)
2. ResultSet.next() returned true
[2022-07-01 12:22:51.940] INFO  Log4j2SpyLogDelegator.methodReturned(Log4j2SpyLogDelegator.java:197) -  org.apache.commons.dbcp.DelegatingResultSet.getInt(DelegatingResultSet.java:275)
2. ResultSet.getInt(CNT) returned 1
[2022-07-01 12:22:51.941] INFO  Log4j2SpyLogDelegator.methodReturned(Log4j2SpyLogDelegator.java:197) -  org.apache.commons.dbcp.DelegatingResultSet.isClosed(DelegatingResultSet.java:688)
2. ResultSet.isClosed() returned false
[2022-07-01 12:22:51.942] INFO  Log4j2SpyLogDelegator.resultSetCollected(Log4j2SpyLogDelegator.java:390) - 
|----|
|cnt |
|----|
|1   |
|----|

[2022-07-01 12:22:51.942] INFO  Log4j2SpyLogDelegator.methodReturned(Log4j2SpyLogDelegator.java:197) -  org.apache.commons.dbcp.DelegatingResultSet.next(DelegatingResultSet.java:207)
2. ResultSet.next() returned false
[2022-07-01 12:22:51.942] DEBUG BaseJdbcLogger.debug(BaseJdbcLogger.java:137) - <==      Total: 1
[2022-07-01 12:22:51.942] INFO  Log4j2SpyLogDelegator.methodReturned(Log4j2SpyLogDelegator.java:197) -  org.apache.commons.dbcp.DelegatingResultSet.close(DelegatingResultSet.java:187)
2. ResultSet.close() returned void
[2022-07-01 12:22:51.943] INFO  Log4j2SpyLogDelegator.methodReturned(Log4j2SpyLogDelegator.java:197) -  org.apache.commons.dbcp.DelegatingConnection.getMetaData(DelegatingConnection.java:345)
2. Connection.getMetaData() returned oracle.jdbc.driver.OracleDatabaseMetaData@a565cbd
[2022-07-01 12:22:51.943] INFO  Log4j2SpyLogDelegator.methodReturned(Log4j2SpyLogDelegator.java:197) -  org.apache.commons.dbcp.DelegatingStatement.close(DelegatingStatement.java:168)
2. PreparedStatement.close() returned 
[2022-07-01 12:22:51.943] DEBUG Logger.debug(Logger.java:49) - Closing non transactional SqlSession [org.apache.ibatis.session.defaults.DefaultSqlSession@102ecc22]
[2022-07-01 12:22:51.943] INFO  Log4j2SpyLogDelegator.methodReturned(Log4j2SpyLogDelegator.java:197) -  org.apache.commons.dbcp.PoolableConnection.close(PoolableConnection.java:72)
2. Connection.isClosed() returned false
[2022-07-01 12:22:51.943] INFO  Log4j2SpyLogDelegator.methodReturned(Log4j2SpyLogDelegator.java:197) -  org.apache.commons.dbcp.DelegatingConnection.getAutoCommit(DelegatingConnection.java:337)
2. Connection.getAutoCommit() returned true
[2022-07-01 12:22:51.944] INFO  Log4j2SpyLogDelegator.methodReturned(Log4j2SpyLogDelegator.java:197) -  org.apache.commons.dbcp.DelegatingConnection.clearWarnings(DelegatingConnection.java:331)
2. Connection.clearWarnings() returned 
[2022-07-01 12:22:51.944] INFO  Log4j2SpyLogDelegator.methodReturned(Log4j2SpyLogDelegator.java:197) -  org.apache.commons.dbcp.DelegatingConnection.getAutoCommit(DelegatingConnection.java:337)
2. Connection.getAutoCommit() returned true
[2022-07-01 12:22:51.944] DEBUG UserDaoImpl.idCheck(UserDaoImpl.java:183) - count:1
[2022-07-01 12:22:51.944] DEBUG UserDaoImpl.passCheck(UserDaoImpl.java:190) - ============================
[2022-07-01 12:22:51.944] DEBUG UserDaoImpl.passCheck(UserDaoImpl.java:191) - param:UserVO [uId=p03, name=null, passwd=1130, level=null, login=0, recommend=0, email=null, regDt=null, toString()=DTO [num=0, totalCnt=0]]
[2022-07-01 12:22:51.944] DEBUG UserDaoImpl.passCheck(UserDaoImpl.java:192) - statement:com.pcwk.ehr.user.passCheck
[2022-07-01 12:22:51.944] DEBUG UserDaoImpl.passCheck(UserDaoImpl.java:193) - ============================
[2022-07-01 12:22:51.944] DEBUG Logger.debug(Logger.java:49) - Creating a new SqlSession
[2022-07-01 12:22:51.945] DEBUG Logger.debug(Logger.java:49) - SqlSession [org.apache.ibatis.session.defaults.DefaultSqlSession@2f236de0] was not registered for synchronization because synchronization is not active
[2022-07-01 12:22:51.945] DEBUG DataSourceUtils.doGetConnection(DataSourceUtils.java:116) - Fetching JDBC Connection from DataSource
[2022-07-01 12:22:51.945] INFO  Log4j2SpyLogDelegator.methodReturned(Log4j2SpyLogDelegator.java:197) -  org.apache.commons.dbcp.DelegatingConnection.getAutoCommit(DelegatingConnection.java:337)
2. Connection.getAutoCommit() returned true
[2022-07-01 12:22:51.945] INFO  Log4j2SpyLogDelegator.methodReturned(Log4j2SpyLogDelegator.java:197) -  org.apache.commons.dbcp.DelegatingConnection.isClosed(DelegatingConnection.java:386)
2. Connection.isClosed() returned false
[2022-07-01 12:22:51.945] INFO  Log4j2SpyLogDelegator.methodReturned(Log4j2SpyLogDelegator.java:197) -  org.apache.commons.dbcp.DelegatingConnection.createStatement(DelegatingConnection.java:257)
2. Statement.new Statement returned 
[2022-07-01 12:22:51.946] INFO  Log4j2SpyLogDelegator.methodReturned(Log4j2SpyLogDelegator.java:197) -  org.apache.commons.dbcp.DelegatingConnection.createStatement(DelegatingConnection.java:257)
2. Connection.createStatement() returned net.sf.log4jdbc.sql.jdbcapi.StatementSpy@4eba373c
[2022-07-01 12:22:51.947] INFO  Log4j2SpyLogDelegator.sqlTimingOccurred(Log4j2SpyLogDelegator.java:243) -  org.apache.commons.dbcp.DelegatingStatement.executeQuery(DelegatingStatement.java:208)
2. SELECT 1 FROM DUAL  {executed in 1 ms}
[2022-07-01 12:22:51.947] INFO  Log4j2SpyLogDelegator.methodReturned(Log4j2SpyLogDelegator.java:197) -  org.apache.commons.dbcp.DelegatingStatement.executeQuery(DelegatingStatement.java:208)
2. ResultSet.new ResultSet returned 
[2022-07-01 12:22:51.947] INFO  Log4j2SpyLogDelegator.methodReturned(Log4j2SpyLogDelegator.java:197) -  org.apache.commons.dbcp.DelegatingStatement.executeQuery(DelegatingStatement.java:208)
2. Statement.executeQuery(SELECT 1 FROM DUAL) returned net.sf.log4jdbc.sql.jdbcapi.ResultSetSpy@767a014e
[2022-07-01 12:22:51.947] INFO  Log4j2SpyLogDelegator.methodReturned(Log4j2SpyLogDelegator.java:197) -  org.apache.commons.dbcp.DelegatingResultSet.next(DelegatingResultSet.java:207)
2. ResultSet.next() returned true
[2022-07-01 12:22:51.948] INFO  Log4j2SpyLogDelegator.resultSetCollected(Log4j2SpyLogDelegator.java:390) - 
|--|
|1 |
|--|
|--|

[2022-07-01 12:22:51.948] INFO  Log4j2SpyLogDelegator.methodReturned(Log4j2SpyLogDelegator.java:197) -  org.apache.commons.dbcp.DelegatingResultSet.close(DelegatingResultSet.java:187)
2. ResultSet.close() returned void
[2022-07-01 12:22:51.948] INFO  Log4j2SpyLogDelegator.methodReturned(Log4j2SpyLogDelegator.java:197) -  org.apache.commons.dbcp.DelegatingStatement.close(DelegatingStatement.java:168)
2. Statement.close() returned 
[2022-07-01 12:22:51.948] INFO  Log4j2SpyLogDelegator.methodReturned(Log4j2SpyLogDelegator.java:197) -  org.apache.commons.dbcp.DelegatingConnection.getAutoCommit(DelegatingConnection.java:337)
2. Connection.getAutoCommit() returned true
[2022-07-01 12:22:51.949] INFO  Log4j2SpyLogDelegator.methodReturned(Log4j2SpyLogDelegator.java:197) -  org.apache.commons.dbcp.DelegatingConnection.toString(DelegatingConnection.java:114)
2. Connection.isClosed() returned false
[2022-07-01 12:22:51.949] INFO  Log4j2SpyLogDelegator.methodReturned(Log4j2SpyLogDelegator.java:197) -  org.apache.commons.dbcp.DelegatingConnection.toString(DelegatingConnection.java:118)
2. Connection.getMetaData() returned oracle.jdbc.driver.OracleDatabaseMetaData@a565cbd
[2022-07-01 12:22:51.949] DEBUG Logger.debug(Logger.java:49) - JDBC Connection [jdbc:oracle:thin:@192.168.3.101:1521:xe, UserName=SPRING, Oracle JDBC driver] will not be managed by Spring
[2022-07-01 12:22:51.949] DEBUG BaseJdbcLogger.debug(BaseJdbcLogger.java:137) - ==>  Preparing: SELECT COUNT(*) cnt FROM HR_MEMBER WHERE u_id = ? AND passwd = ?
[2022-07-01 12:22:51.949] INFO  Log4j2SpyLogDelegator.methodReturned(Log4j2SpyLogDelegator.java:197) -  org.apache.commons.dbcp.DelegatingConnection.prepareStatement(DelegatingConnection.java:281)
2. PreparedStatement.new PreparedStatement returned 
[2022-07-01 12:22:51.950] INFO  Log4j2SpyLogDelegator.methodReturned(Log4j2SpyLogDelegator.java:197) -  org.apache.commons.dbcp.DelegatingConnection.prepareStatement(DelegatingConnection.java:281)
2. Connection.prepareStatement(SELECT COUNT(*) cnt
		FROM HR_MEMBER
		WHERE u_id = ?
		AND passwd =  ?) returned net.sf.log4jdbc.sql.jdbcapi.PreparedStatementSpy@d109c4f
[2022-07-01 12:22:51.950] INFO  Log4j2SpyLogDelegator.methodReturned(Log4j2SpyLogDelegator.java:197) -  org.apache.commons.dbcp.DelegatingPreparedStatement.setString(DelegatingPreparedStatement.java:135)
2. PreparedStatement.setString(1, "p03") returned 
[2022-07-01 12:22:51.950] INFO  Log4j2SpyLogDelegator.methodReturned(Log4j2SpyLogDelegator.java:197) -  org.apache.commons.dbcp.DelegatingPreparedStatement.setString(DelegatingPreparedStatement.java:135)
2. PreparedStatement.setString(2, "1130") returned 
[2022-07-01 12:22:51.951] DEBUG BaseJdbcLogger.debug(BaseJdbcLogger.java:137) - ==> Parameters: p03(String), 1130(String)
[2022-07-01 12:22:51.952] INFO  Log4j2SpyLogDelegator.sqlTimingOccurred(Log4j2SpyLogDelegator.java:243) -  org.apache.commons.dbcp.DelegatingPreparedStatement.execute(DelegatingPreparedStatement.java:172)
2. SELECT COUNT(*) cnt FROM HR_MEMBER WHERE u_id = 'p03' AND passwd = '1130'  {executed in 1 ms}
[2022-07-01 12:22:51.952] INFO  Log4j2SpyLogDelegator.methodReturned(Log4j2SpyLogDelegator.java:197) -  org.apache.commons.dbcp.DelegatingPreparedStatement.execute(DelegatingPreparedStatement.java:172)
2. PreparedStatement.execute() returned true
[2022-07-01 12:22:51.953] INFO  Log4j2SpyLogDelegator.methodReturned(Log4j2SpyLogDelegator.java:197) -  org.apache.commons.dbcp.DelegatingStatement.getResultSet(DelegatingStatement.java:219)
2. ResultSet.new ResultSet returned 
[2022-07-01 12:22:51.953] INFO  Log4j2SpyLogDelegator.methodReturned(Log4j2SpyLogDelegator.java:197) -  org.apache.commons.dbcp.DelegatingStatement.getResultSet(DelegatingStatement.java:219)
2. PreparedStatement.getResultSet() returned net.sf.log4jdbc.sql.jdbcapi.ResultSetSpy@3968bc60
[2022-07-01 12:22:51.953] INFO  Log4j2SpyLogDelegator.methodReturned(Log4j2SpyLogDelegator.java:197) -  org.apache.commons.dbcp.DelegatingResultSet.getMetaData(DelegatingResultSet.java:322)
2. ResultSet.getMetaData() returned oracle.jdbc.driver.OracleResultSetMetaData@26f46fa6
[2022-07-01 12:22:51.954] INFO  Log4j2SpyLogDelegator.methodReturned(Log4j2SpyLogDelegator.java:197) -  org.apache.commons.dbcp.DelegatingResultSet.getType(DelegatingResultSet.java:394)
2. ResultSet.getType() returned 1003
[2022-07-01 12:22:51.954] INFO  Log4j2SpyLogDelegator.methodReturned(Log4j2SpyLogDelegator.java:197) -  org.apache.commons.dbcp.DelegatingResultSet.isClosed(DelegatingResultSet.java:688)
2. ResultSet.isClosed() returned false
[2022-07-01 12:22:51.954] INFO  Log4j2SpyLogDelegator.methodReturned(Log4j2SpyLogDelegator.java:197) -  org.apache.commons.dbcp.DelegatingResultSet.next(DelegatingResultSet.java:207)
2. ResultSet.next() returned true
[2022-07-01 12:22:51.955] INFO  Log4j2SpyLogDelegator.methodReturned(Log4j2SpyLogDelegator.java:197) -  org.apache.commons.dbcp.DelegatingResultSet.getInt(DelegatingResultSet.java:275)
2. ResultSet.getInt(CNT) returned 1
[2022-07-01 12:22:51.955] INFO  Log4j2SpyLogDelegator.methodReturned(Log4j2SpyLogDelegator.java:197) -  org.apache.commons.dbcp.DelegatingResultSet.isClosed(DelegatingResultSet.java:688)
2. ResultSet.isClosed() returned false
[2022-07-01 12:22:51.956] INFO  Log4j2SpyLogDelegator.resultSetCollected(Log4j2SpyLogDelegator.java:390) - 
|----|
|cnt |
|----|
|1   |
|----|

[2022-07-01 12:22:51.956] INFO  Log4j2SpyLogDelegator.methodReturned(Log4j2SpyLogDelegator.java:197) -  org.apache.commons.dbcp.DelegatingResultSet.next(DelegatingResultSet.java:207)
2. ResultSet.next() returned false
[2022-07-01 12:22:51.956] DEBUG BaseJdbcLogger.debug(BaseJdbcLogger.java:137) - <==      Total: 1
[2022-07-01 12:22:51.956] INFO  Log4j2SpyLogDelegator.methodReturned(Log4j2SpyLogDelegator.java:197) -  org.apache.commons.dbcp.DelegatingResultSet.close(DelegatingResultSet.java:187)
2. ResultSet.close() returned void
[2022-07-01 12:22:51.957] INFO  Log4j2SpyLogDelegator.methodReturned(Log4j2SpyLogDelegator.java:197) -  org.apache.commons.dbcp.DelegatingConnection.getMetaData(DelegatingConnection.java:345)
2. Connection.getMetaData() returned oracle.jdbc.driver.OracleDatabaseMetaData@a565cbd
[2022-07-01 12:22:51.957] INFO  Log4j2SpyLogDelegator.methodReturned(Log4j2SpyLogDelegator.java:197) -  org.apache.commons.dbcp.DelegatingStatement.close(DelegatingStatement.java:168)
2. PreparedStatement.close() returned 
[2022-07-01 12:22:51.957] DEBUG Logger.debug(Logger.java:49) - Closing non transactional SqlSession [org.apache.ibatis.session.defaults.DefaultSqlSession@2f236de0]
[2022-07-01 12:22:51.957] INFO  Log4j2SpyLogDelegator.methodReturned(Log4j2SpyLogDelegator.java:197) -  org.apache.commons.dbcp.PoolableConnection.close(PoolableConnection.java:72)
2. Connection.isClosed() returned false
[2022-07-01 12:22:51.958] INFO  Log4j2SpyLogDelegator.methodReturned(Log4j2SpyLogDelegator.java:197) -  org.apache.commons.dbcp.DelegatingConnection.getAutoCommit(DelegatingConnection.java:337)
2. Connection.getAutoCommit() returned true
[2022-07-01 12:22:51.958] INFO  Log4j2SpyLogDelegator.methodReturned(Log4j2SpyLogDelegator.java:197) -  org.apache.commons.dbcp.DelegatingConnection.clearWarnings(DelegatingConnection.java:331)
2. Connection.clearWarnings() returned 
[2022-07-01 12:22:51.958] INFO  Log4j2SpyLogDelegator.methodReturned(Log4j2SpyLogDelegator.java:197) -  org.apache.commons.dbcp.DelegatingConnection.getAutoCommit(DelegatingConnection.java:337)
2. Connection.getAutoCommit() returned true
[2022-07-01 12:22:51.959] DEBUG UserDaoImpl.passCheck(UserDaoImpl.java:195) - count:1
[2022-07-01 12:22:51.963] DEBUG AbstractPlatformTransactionManager.getTransaction(AbstractPlatformTransactionManager.java:370) - Creating new transaction with name [com.pcwk.ehr.user.service.UserServiceImpl.doSelectOne]: PROPAGATION_REQUIRED,ISOLATION_DEFAULT,readOnly
[2022-07-01 12:22:51.964] INFO  Log4j2SpyLogDelegator.methodReturned(Log4j2SpyLogDelegator.java:197) -  org.apache.commons.dbcp.DelegatingConnection.getAutoCommit(DelegatingConnection.java:337)
2. Connection.getAutoCommit() returned true
[2022-07-01 12:22:51.964] INFO  Log4j2SpyLogDelegator.methodReturned(Log4j2SpyLogDelegator.java:197) -  org.apache.commons.dbcp.DelegatingConnection.isClosed(DelegatingConnection.java:386)
2. Connection.isClosed() returned false
[2022-07-01 12:22:51.964] INFO  Log4j2SpyLogDelegator.methodReturned(Log4j2SpyLogDelegator.java:197) -  org.apache.commons.dbcp.DelegatingConnection.createStatement(DelegatingConnection.java:257)
2. Statement.new Statement returned 
[2022-07-01 12:22:51.964] INFO  Log4j2SpyLogDelegator.methodReturned(Log4j2SpyLogDelegator.java:197) -  org.apache.commons.dbcp.DelegatingConnection.createStatement(DelegatingConnection.java:257)
2. Connection.createStatement() returned net.sf.log4jdbc.sql.jdbcapi.StatementSpy@43e9089
[2022-07-01 12:22:51.965] INFO  Log4j2SpyLogDelegator.sqlTimingOccurred(Log4j2SpyLogDelegator.java:243) -  org.apache.commons.dbcp.DelegatingStatement.executeQuery(DelegatingStatement.java:208)
2. SELECT 1 FROM DUAL  {executed in 1 ms}
[2022-07-01 12:22:51.966] INFO  Log4j2SpyLogDelegator.methodReturned(Log4j2SpyLogDelegator.java:197) -  org.apache.commons.dbcp.DelegatingStatement.executeQuery(DelegatingStatement.java:208)
2. ResultSet.new ResultSet returned 
[2022-07-01 12:22:51.966] INFO  Log4j2SpyLogDelegator.methodReturned(Log4j2SpyLogDelegator.java:197) -  org.apache.commons.dbcp.DelegatingStatement.executeQuery(DelegatingStatement.java:208)
2. Statement.executeQuery(SELECT 1 FROM DUAL) returned net.sf.log4jdbc.sql.jdbcapi.ResultSetSpy@3c5dbdf8
[2022-07-01 12:22:51.966] INFO  Log4j2SpyLogDelegator.methodReturned(Log4j2SpyLogDelegator.java:197) -  org.apache.commons.dbcp.DelegatingResultSet.next(DelegatingResultSet.java:207)
2. ResultSet.next() returned true
[2022-07-01 12:22:51.967] INFO  Log4j2SpyLogDelegator.resultSetCollected(Log4j2SpyLogDelegator.java:390) - 
|--|
|1 |
|--|
|--|

[2022-07-01 12:22:51.967] INFO  Log4j2SpyLogDelegator.methodReturned(Log4j2SpyLogDelegator.java:197) -  org.apache.commons.dbcp.DelegatingResultSet.close(DelegatingResultSet.java:187)
2. ResultSet.close() returned void
[2022-07-01 12:22:51.967] INFO  Log4j2SpyLogDelegator.methodReturned(Log4j2SpyLogDelegator.java:197) -  org.apache.commons.dbcp.DelegatingStatement.close(DelegatingStatement.java:168)
2. Statement.close() returned 
[2022-07-01 12:22:51.967] INFO  Log4j2SpyLogDelegator.methodReturned(Log4j2SpyLogDelegator.java:197) -  org.apache.commons.dbcp.DelegatingConnection.toString(DelegatingConnection.java:114)
2. Connection.isClosed() returned false
[2022-07-01 12:22:51.968] INFO  Log4j2SpyLogDelegator.methodReturned(Log4j2SpyLogDelegator.java:197) -  org.apache.commons.dbcp.DelegatingConnection.toString(DelegatingConnection.java:118)
2. Connection.getMetaData() returned oracle.jdbc.driver.OracleDatabaseMetaData@a565cbd
[2022-07-01 12:22:51.968] DEBUG DataSourceTransactionManager.doBegin(DataSourceTransactionManager.java:267) - Acquired Connection [jdbc:oracle:thin:@192.168.3.101:1521:xe, UserName=SPRING, Oracle JDBC driver] for JDBC transaction
[2022-07-01 12:22:51.969] INFO  Log4j2SpyLogDelegator.methodReturned(Log4j2SpyLogDelegator.java:197) -  org.apache.commons.dbcp.DelegatingConnection.toString(DelegatingConnection.java:114)
2. Connection.isClosed() returned false
[2022-07-01 12:22:51.969] INFO  Log4j2SpyLogDelegator.methodReturned(Log4j2SpyLogDelegator.java:197) -  org.apache.commons.dbcp.DelegatingConnection.toString(DelegatingConnection.java:118)
2. Connection.getMetaData() returned oracle.jdbc.driver.OracleDatabaseMetaData@a565cbd
[2022-07-01 12:22:51.970] DEBUG DataSourceUtils.prepareConnectionForTransaction(DataSourceUtils.java:187) - Setting JDBC Connection [jdbc:oracle:thin:@192.168.3.101:1521:xe, UserName=SPRING, Oracle JDBC driver] read-only
[2022-07-01 12:22:51.970] INFO  Log4j2SpyLogDelegator.methodReturned(Log4j2SpyLogDelegator.java:197) -  org.apache.commons.dbcp.DelegatingConnection.setReadOnly(DelegatingConnection.java:377)
2. Connection.setReadOnly(true) returned 
[2022-07-01 12:22:51.970] INFO  Log4j2SpyLogDelegator.methodReturned(Log4j2SpyLogDelegator.java:197) -  org.apache.commons.dbcp.DelegatingConnection.getAutoCommit(DelegatingConnection.java:337)
2. Connection.getAutoCommit() returned true
[2022-07-01 12:22:51.970] INFO  Log4j2SpyLogDelegator.methodReturned(Log4j2SpyLogDelegator.java:197) -  org.apache.commons.dbcp.DelegatingConnection.toString(DelegatingConnection.java:114)
2. Connection.isClosed() returned false
[2022-07-01 12:22:51.970] INFO  Log4j2SpyLogDelegator.methodReturned(Log4j2SpyLogDelegator.java:197) -  org.apache.commons.dbcp.DelegatingConnection.toString(DelegatingConnection.java:118)
2. Connection.getMetaData() returned oracle.jdbc.driver.OracleDatabaseMetaData@a565cbd
[2022-07-01 12:22:51.970] DEBUG DataSourceTransactionManager.doBegin(DataSourceTransactionManager.java:285) - Switching JDBC Connection [jdbc:oracle:thin:@192.168.3.101:1521:xe, UserName=SPRING, Oracle JDBC driver] to manual commit
[2022-07-01 12:22:51.971] INFO  Log4j2SpyLogDelegator.methodReturned(Log4j2SpyLogDelegator.java:197) -  org.apache.commons.dbcp.DelegatingConnection.setAutoCommit(DelegatingConnection.java:371)
2. Connection.setAutoCommit(false) returned 
[2022-07-01 12:22:51.971] DEBUG UserDaoImpl.doSelectOne(UserDaoImpl.java:133) - ============================
[2022-07-01 12:22:51.971] DEBUG UserDaoImpl.doSelectOne(UserDaoImpl.java:134) - param:UserVO [uId=p03, name=null, passwd=1130, level=null, login=0, recommend=0, email=null, regDt=null, toString()=DTO [num=0, totalCnt=0]]
[2022-07-01 12:22:51.971] DEBUG UserDaoImpl.doSelectOne(UserDaoImpl.java:135) - statement:com.pcwk.ehr.user.doSelectOne
[2022-07-01 12:22:51.971] DEBUG UserDaoImpl.doSelectOne(UserDaoImpl.java:136) - ============================
[2022-07-01 12:22:51.971] DEBUG Logger.debug(Logger.java:49) - Creating a new SqlSession
[2022-07-01 12:22:51.972] DEBUG Logger.debug(Logger.java:49) - Registering transaction synchronization for SqlSession [org.apache.ibatis.session.defaults.DefaultSqlSession@623dcf2a]
[2022-07-01 12:22:51.972] INFO  Log4j2SpyLogDelegator.methodReturned(Log4j2SpyLogDelegator.java:197) -  org.apache.commons.dbcp.DelegatingConnection.getAutoCommit(DelegatingConnection.java:337)
2. Connection.getAutoCommit() returned false
[2022-07-01 12:22:51.973] INFO  Log4j2SpyLogDelegator.methodReturned(Log4j2SpyLogDelegator.java:197) -  org.apache.commons.dbcp.DelegatingConnection.toString(DelegatingConnection.java:114)
2. Connection.isClosed() returned false
[2022-07-01 12:22:51.973] INFO  Log4j2SpyLogDelegator.methodReturned(Log4j2SpyLogDelegator.java:197) -  org.apache.commons.dbcp.DelegatingConnection.toString(DelegatingConnection.java:118)
2. Connection.getMetaData() returned oracle.jdbc.driver.OracleDatabaseMetaData@a565cbd
[2022-07-01 12:22:51.973] DEBUG Logger.debug(Logger.java:49) - JDBC Connection [jdbc:oracle:thin:@192.168.3.101:1521:xe, UserName=SPRING, Oracle JDBC driver] will be managed by Spring
[2022-07-01 12:22:51.973] DEBUG BaseJdbcLogger.debug(BaseJdbcLogger.java:137) - ==>  Preparing: SELECT u_id, name, passwd, u_level, login, recommend, email, TO_CHAR(reg_dt, 'yyyy-mm-dd hh24:mi:ss') AS reg_dt FROM hr_member WHERE u_id = ?
[2022-07-01 12:22:51.974] INFO  Log4j2SpyLogDelegator.methodReturned(Log4j2SpyLogDelegator.java:197) -  org.apache.commons.dbcp.DelegatingConnection.prepareStatement(DelegatingConnection.java:281)
2. PreparedStatement.new PreparedStatement returned 
[2022-07-01 12:22:51.974] INFO  Log4j2SpyLogDelegator.methodReturned(Log4j2SpyLogDelegator.java:197) -  org.apache.commons.dbcp.DelegatingConnection.prepareStatement(DelegatingConnection.java:281)
2. Connection.prepareStatement(SELECT u_id,                                             
	       name,                                             
	       passwd,                                           
	       u_level,                                          
	       login,                                            
	       recommend,                                        
	       email,                                            
	       TO_CHAR(reg_dt, 'yyyy-mm-dd hh24:mi:ss') AS reg_dt
		FROM   hr_member                                         
		WHERE  u_id = ?) returned net.sf.log4jdbc.sql.jdbcapi.PreparedStatementSpy@5bc28f40
[2022-07-01 12:22:51.974] INFO  Log4j2SpyLogDelegator.methodReturned(Log4j2SpyLogDelegator.java:197) -  org.apache.commons.dbcp.DelegatingPreparedStatement.setString(DelegatingPreparedStatement.java:135)
2. PreparedStatement.setString(1, "p03") returned 
[2022-07-01 12:22:51.974] DEBUG BaseJdbcLogger.debug(BaseJdbcLogger.java:137) - ==> Parameters: p03(String)
[2022-07-01 12:22:51.979] INFO  Log4j2SpyLogDelegator.sqlTimingOccurred(Log4j2SpyLogDelegator.java:243) -  org.apache.commons.dbcp.DelegatingPreparedStatement.execute(DelegatingPreparedStatement.java:172)
2. SELECT u_id, name, passwd, u_level, login, recommend, email, TO_CHAR(reg_dt, 'yyyy-mm-dd hh24:mi:ss') 
AS reg_dt FROM hr_member WHERE u_id = 'p03'  {executed in 5 ms}
[2022-07-01 12:22:51.979] INFO  Log4j2SpyLogDelegator.methodReturned(Log4j2SpyLogDelegator.java:197) -  org.apache.commons.dbcp.DelegatingPreparedStatement.execute(DelegatingPreparedStatement.java:172)
2. PreparedStatement.execute() returned true
[2022-07-01 12:22:51.980] INFO  Log4j2SpyLogDelegator.methodReturned(Log4j2SpyLogDelegator.java:197) -  org.apache.commons.dbcp.DelegatingStatement.getResultSet(DelegatingStatement.java:219)
2. ResultSet.new ResultSet returned 
[2022-07-01 12:22:51.980] INFO  Log4j2SpyLogDelegator.methodReturned(Log4j2SpyLogDelegator.java:197) -  org.apache.commons.dbcp.DelegatingStatement.getResultSet(DelegatingStatement.java:219)
2. PreparedStatement.getResultSet() returned net.sf.log4jdbc.sql.jdbcapi.ResultSetSpy@277b8fa4
[2022-07-01 12:22:51.980] INFO  Log4j2SpyLogDelegator.methodReturned(Log4j2SpyLogDelegator.java:197) -  org.apache.commons.dbcp.DelegatingResultSet.getMetaData(DelegatingResultSet.java:322)
2. ResultSet.getMetaData() returned oracle.jdbc.driver.OracleResultSetMetaData@6cd64ee8
[2022-07-01 12:22:51.981] INFO  Log4j2SpyLogDelegator.methodReturned(Log4j2SpyLogDelegator.java:197) -  org.apache.commons.dbcp.DelegatingResultSet.getType(DelegatingResultSet.java:394)
2. ResultSet.getType() returned 1003
[2022-07-01 12:22:51.981] INFO  Log4j2SpyLogDelegator.methodReturned(Log4j2SpyLogDelegator.java:197) -  org.apache.commons.dbcp.DelegatingResultSet.isClosed(DelegatingResultSet.java:688)
2. ResultSet.isClosed() returned false
[2022-07-01 12:22:51.981] INFO  Log4j2SpyLogDelegator.methodReturned(Log4j2SpyLogDelegator.java:197) -  org.apache.commons.dbcp.DelegatingResultSet.next(DelegatingResultSet.java:207)
2. ResultSet.next() returned true
[2022-07-01 12:22:51.982] INFO  Log4j2SpyLogDelegator.methodReturned(Log4j2SpyLogDelegator.java:197) -  org.apache.commons.dbcp.DelegatingResultSet.getString(DelegatingResultSet.java:263)
2. ResultSet.getString(u_id) returned p03
[2022-07-01 12:22:51.982] INFO  Log4j2SpyLogDelegator.methodReturned(Log4j2SpyLogDelegator.java:197) -  org.apache.commons.dbcp.DelegatingResultSet.getString(DelegatingResultSet.java:263)
2. ResultSet.getString(name) returned 김동호03
[2022-07-01 12:22:51.982] INFO  Log4j2SpyLogDelegator.methodReturned(Log4j2SpyLogDelegator.java:197) -  org.apache.commons.dbcp.DelegatingResultSet.getString(DelegatingResultSet.java:263)
2. ResultSet.getString(passwd) returned 1130
[2022-07-01 12:22:51.983] INFO  Log4j2SpyLogDelegator.methodReturned(Log4j2SpyLogDelegator.java:197) -  org.apache.commons.dbcp.DelegatingResultSet.getInt(DelegatingResultSet.java:275)
2. ResultSet.getInt(u_level) returned 1
[2022-07-01 12:22:51.983] INFO  Log4j2SpyLogDelegator.methodReturned(Log4j2SpyLogDelegator.java:197) -  org.apache.commons.dbcp.DelegatingResultSet.getInt(DelegatingResultSet.java:275)
2. ResultSet.getInt(login) returned 1
[2022-07-01 12:22:51.983] INFO  Log4j2SpyLogDelegator.methodReturned(Log4j2SpyLogDelegator.java:197) -  org.apache.commons.dbcp.DelegatingResultSet.getInt(DelegatingResultSet.java:275)
2. ResultSet.getInt(recommend) returned 0
[2022-07-01 12:22:51.984] INFO  Log4j2SpyLogDelegator.methodReturned(Log4j2SpyLogDelegator.java:197) -  org.apache.commons.dbcp.DelegatingResultSet.wasNull(DelegatingResultSet.java:210)
2. ResultSet.wasNull() returned false
[2022-07-01 12:22:51.984] INFO  Log4j2SpyLogDelegator.methodReturned(Log4j2SpyLogDelegator.java:197) -  org.apache.commons.dbcp.DelegatingResultSet.getString(DelegatingResultSet.java:263)
2. ResultSet.getString(email) returned tubus1130@gmail.com
[2022-07-01 12:22:51.984] INFO  Log4j2SpyLogDelegator.methodReturned(Log4j2SpyLogDelegator.java:197) -  org.apache.commons.dbcp.DelegatingResultSet.getString(DelegatingResultSet.java:263)
2. ResultSet.getString(reg_dt) returned 2022-07-01 12:22:51
[2022-07-01 12:22:51.985] INFO  Log4j2SpyLogDelegator.methodReturned(Log4j2SpyLogDelegator.java:197) -  org.apache.commons.dbcp.DelegatingResultSet.isClosed(DelegatingResultSet.java:688)
2. ResultSet.isClosed() returned false
[2022-07-01 12:22:51.986] INFO  Log4j2SpyLogDelegator.resultSetCollected(Log4j2SpyLogDelegator.java:390) - 
|-----|------|-------|--------|------|----------|--------------------|--------------------|
|u_id |name  |passwd |u_level |login |recommend |email               |reg_dt              |
|-----|------|-------|--------|------|----------|--------------------|--------------------|
|p03  |김동호03 |1130   |1       |1     |0         |tubus1130@gmail.com |2022-07-01 12:22:51 |
|-----|------|-------|--------|------|----------|--------------------|--------------------|

[2022-07-01 12:22:51.986] INFO  Log4j2SpyLogDelegator.methodReturned(Log4j2SpyLogDelegator.java:197) -  org.apache.commons.dbcp.DelegatingResultSet.next(DelegatingResultSet.java:207)
2. ResultSet.next() returned false
[2022-07-01 12:22:51.986] DEBUG BaseJdbcLogger.debug(BaseJdbcLogger.java:137) - <==      Total: 1
[2022-07-01 12:22:51.986] INFO  Log4j2SpyLogDelegator.methodReturned(Log4j2SpyLogDelegator.java:197) -  org.apache.commons.dbcp.DelegatingResultSet.close(DelegatingResultSet.java:187)
2. ResultSet.close() returned void
[2022-07-01 12:22:51.987] INFO  Log4j2SpyLogDelegator.methodReturned(Log4j2SpyLogDelegator.java:197) -  org.apache.commons.dbcp.DelegatingConnection.getMetaData(DelegatingConnection.java:345)
2. Connection.getMetaData() returned oracle.jdbc.driver.OracleDatabaseMetaData@a565cbd
[2022-07-01 12:22:51.987] INFO  Log4j2SpyLogDelegator.methodReturned(Log4j2SpyLogDelegator.java:197) -  org.apache.commons.dbcp.DelegatingStatement.close(DelegatingStatement.java:168)
2. PreparedStatement.close() returned 
[2022-07-01 12:22:51.987] DEBUG Logger.debug(Logger.java:49) - Releasing transactional SqlSession [org.apache.ibatis.session.defaults.DefaultSqlSession@623dcf2a]
[2022-07-01 12:22:51.988] DEBUG UserDaoImpl.doSelectOne(UserDaoImpl.java:139) - ============================
[2022-07-01 12:22:51.988] DEBUG UserDaoImpl.doSelectOne(UserDaoImpl.java:140) - **outVO=UserVO [uId=p03, name=김동호03, passwd=1130, level=BASIC, login=1, recommend=0, email=tubus1130@gmail.com, regDt=2022-07-01 12:22:51, toString()=DTO [num=0, totalCnt=0]]
[2022-07-01 12:22:51.988] DEBUG UserDaoImpl.doSelectOne(UserDaoImpl.java:141) - ============================
[2022-07-01 12:22:51.988] DEBUG Logger.debug(Logger.java:49) - Transaction synchronization committing SqlSession [org.apache.ibatis.session.defaults.DefaultSqlSession@623dcf2a]
[2022-07-01 12:22:51.988] DEBUG Logger.debug(Logger.java:49) - Transaction synchronization deregistering SqlSession [org.apache.ibatis.session.defaults.DefaultSqlSession@623dcf2a]
[2022-07-01 12:22:51.988] DEBUG Logger.debug(Logger.java:49) - Transaction synchronization closing SqlSession [org.apache.ibatis.session.defaults.DefaultSqlSession@623dcf2a]
[2022-07-01 12:22:51.989] DEBUG AbstractPlatformTransactionManager.processCommit(AbstractPlatformTransactionManager.java:740) - Initiating transaction commit
[2022-07-01 12:22:51.989] INFO  Log4j2SpyLogDelegator.methodReturned(Log4j2SpyLogDelegator.java:197) -  org.apache.commons.dbcp.DelegatingConnection.toString(DelegatingConnection.java:114)
2. Connection.isClosed() returned false
[2022-07-01 12:22:51.989] INFO  Log4j2SpyLogDelegator.methodReturned(Log4j2SpyLogDelegator.java:197) -  org.apache.commons.dbcp.DelegatingConnection.toString(DelegatingConnection.java:118)
2. Connection.getMetaData() returned oracle.jdbc.driver.OracleDatabaseMetaData@a565cbd
[2022-07-01 12:22:51.989] DEBUG DataSourceTransactionManager.doCommit(DataSourceTransactionManager.java:330) - Committing JDBC transaction on Connection [jdbc:oracle:thin:@192.168.3.101:1521:xe, UserName=SPRING, Oracle JDBC driver]
[2022-07-01 12:22:51.990] INFO  Log4j2SpyLogDelegator.methodReturned(Log4j2SpyLogDelegator.java:197) -  org.apache.commons.dbcp.DelegatingConnection.commit(DelegatingConnection.java:334)
2. Connection.commit() returned 
[2022-07-01 12:22:51.991] INFO  Log4j2SpyLogDelegator.methodReturned(Log4j2SpyLogDelegator.java:197) -  org.apache.commons.dbcp.DelegatingConnection.setAutoCommit(DelegatingConnection.java:371)
2. Connection.setAutoCommit(true) returned 
[2022-07-01 12:22:51.991] INFO  Log4j2SpyLogDelegator.methodReturned(Log4j2SpyLogDelegator.java:197) -  org.apache.commons.dbcp.DelegatingConnection.toString(DelegatingConnection.java:114)
2. Connection.isClosed() returned false
[2022-07-01 12:22:51.991] INFO  Log4j2SpyLogDelegator.methodReturned(Log4j2SpyLogDelegator.java:197) -  org.apache.commons.dbcp.DelegatingConnection.toString(DelegatingConnection.java:118)
2. Connection.getMetaData() returned oracle.jdbc.driver.OracleDatabaseMetaData@a565cbd
[2022-07-01 12:22:51.991] DEBUG DataSourceUtils.resetConnectionAfterTransaction(DataSourceUtils.java:251) - Resetting read-only flag of JDBC Connection [jdbc:oracle:thin:@192.168.3.101:1521:xe, UserName=SPRING, Oracle JDBC driver]
[2022-07-01 12:22:51.991] INFO  Log4j2SpyLogDelegator.methodReturned(Log4j2SpyLogDelegator.java:197) -  org.apache.commons.dbcp.DelegatingConnection.setReadOnly(DelegatingConnection.java:377)
2. Connection.setReadOnly(false) returned 
[2022-07-01 12:22:51.991] INFO  Log4j2SpyLogDelegator.methodReturned(Log4j2SpyLogDelegator.java:197) -  org.apache.commons.dbcp.DelegatingConnection.toString(DelegatingConnection.java:114)
2. Connection.isClosed() returned false
[2022-07-01 12:22:51.992] INFO  Log4j2SpyLogDelegator.methodReturned(Log4j2SpyLogDelegator.java:197) -  org.apache.commons.dbcp.DelegatingConnection.toString(DelegatingConnection.java:118)
2. Connection.getMetaData() returned oracle.jdbc.driver.OracleDatabaseMetaData@a565cbd
[2022-07-01 12:22:51.992] DEBUG DataSourceTransactionManager.doCleanupAfterCompletion(DataSourceTransactionManager.java:389) - Releasing JDBC Connection [jdbc:oracle:thin:@192.168.3.101:1521:xe, UserName=SPRING, Oracle JDBC driver] after transaction
[2022-07-01 12:22:51.992] INFO  Log4j2SpyLogDelegator.methodReturned(Log4j2SpyLogDelegator.java:197) -  org.apache.commons.dbcp.PoolableConnection.close(PoolableConnection.java:72)
2. Connection.isClosed() returned false
[2022-07-01 12:22:51.992] INFO  Log4j2SpyLogDelegator.methodReturned(Log4j2SpyLogDelegator.java:197) -  org.apache.commons.dbcp.DelegatingConnection.getAutoCommit(DelegatingConnection.java:337)
2. Connection.getAutoCommit() returned true
[2022-07-01 12:22:51.992] INFO  Log4j2SpyLogDelegator.methodReturned(Log4j2SpyLogDelegator.java:197) -  org.apache.commons.dbcp.DelegatingConnection.clearWarnings(DelegatingConnection.java:331)
2. Connection.clearWarnings() returned 
[2022-07-01 12:22:51.992] INFO  Log4j2SpyLogDelegator.methodReturned(Log4j2SpyLogDelegator.java:197) -  org.apache.commons.dbcp.DelegatingConnection.getAutoCommit(DelegatingConnection.java:337)
2. Connection.getAutoCommit() returned true
[2022-07-01 12:22:51.995] DEBUG LoginController.doLogin(LoginController.java:78) - ====================
[2022-07-01 12:22:51.995] DEBUG LoginController.doLogin(LoginController.java:79) - =jsonString={"msgId":"30","msgContents":"김동호03님이 로그인 되었습니다.","num":0,"totalCnt":0}
[2022-07-01 12:22:51.995] DEBUG LoginController.doLogin(LoginController.java:80) - ====================
[2022-07-01 12:22:52.003] DEBUG FrameworkServlet.logResult(FrameworkServlet.java:1131) - Completed 200 OK
[2022-07-01 12:22:52.009] DEBUG JunitUserControllerTest.doLogin(JunitUserControllerTest.java:111) - ========================
[2022-07-01 12:22:52.009] DEBUG JunitUserControllerTest.doLogin(JunitUserControllerTest.java:112) - result : {"msgId":"30","msgContents":"김동호03님이 로그인 되었습니다.","num":0,"totalCnt":0}
[2022-07-01 12:22:52.009] DEBUG JunitUserControllerTest.doLogin(JunitUserControllerTest.java:113) - ========================
[2022-07-01 12:22:52.011] DEBUG DefaultCacheAwareContextLoaderDelegate.loadContext(DefaultCacheAwareContextLoaderDelegate.java:137) - Retrieved ApplicationContext [1442191055] from cache with key [[WebMergedContextConfiguration@424e1977 testClass = JunitUserControllerTest, locations = '{file:src/main/webapp/WEB-INF/spring/root-context.xml, file:src/main/webapp/WEB-INF/spring/appServlet/servlet-context.xml}', classes = '{}', contextInitializerClasses = '[]', activeProfiles = '{}', propertySourceLocations = '{}', propertySourceProperties = '{}', contextCustomizers = set[[empty]], resourceBasePath = 'src/main/webapp', contextLoader = 'org.springframework.test.context.web.WebDelegatingSmartContextLoader', parent = [null]]]
[2022-07-01 12:22:52.011] DEBUG DefaultContextCache.logStatistics(DefaultContextCache.java:290) - Spring test ApplicationContext cache statistics: [DefaultContextCache@57540fd0 size = 1, maxSize = 32, parentContextCount = 0, hitCount = 5, missCount = 1]
[2022-07-01 12:22:52.012] DEBUG DefaultCacheAwareContextLoaderDelegate.loadContext(DefaultCacheAwareContextLoaderDelegate.java:137) - Retrieved ApplicationContext [1442191055] from cache with key [[WebMergedContextConfiguration@424e1977 testClass = JunitUserControllerTest, locations = '{file:src/main/webapp/WEB-INF/spring/root-context.xml, file:src/main/webapp/WEB-INF/spring/appServlet/servlet-context.xml}', classes = '{}', contextInitializerClasses = '[]', activeProfiles = '{}', propertySourceLocations = '{}', propertySourceProperties = '{}', contextCustomizers = set[[empty]], resourceBasePath = 'src/main/webapp', contextLoader = 'org.springframework.test.context.web.WebDelegatingSmartContextLoader', parent = [null]]]
[2022-07-01 12:22:52.012] DEBUG DefaultContextCache.logStatistics(DefaultContextCache.java:290) - Spring test ApplicationContext cache statistics: [DefaultContextCache@57540fd0 size = 1, maxSize = 32, parentContextCount = 0, hitCount = 6, missCount = 1]
[2022-07-01 12:22:52.013] DEBUG AbstractDirtiesContextTestExecutionListener.beforeOrAfterTestMethod(AbstractDirtiesContextTestExecutionListener.java:108) - After test method: context [DefaultTestContext@31f9b85e testClass = JunitUserControllerTest, testInstance = com.pcwk.ehr.JunitUserControllerTest@1542af63, testMethod = doLogin@JunitUserControllerTest, testException = [null], mergedContextConfiguration = [WebMergedContextConfiguration@424e1977 testClass = JunitUserControllerTest, locations = '{file:src/main/webapp/WEB-INF/spring/root-context.xml, file:src/main/webapp/WEB-INF/spring/appServlet/servlet-context.xml}', classes = '{}', contextInitializerClasses = '[]', activeProfiles = '{}', propertySourceLocations = '{}', propertySourceProperties = '{}', contextCustomizers = set[[empty]], resourceBasePath = 'src/main/webapp', contextLoader = 'org.springframework.test.context.web.WebDelegatingSmartContextLoader', parent = [null]], attributes = map['org.springframework.test.context.web.ServletTestExecutionListener.populatedRequestContextHolder' -> true, 'org.springframework.test.context.web.ServletTestExecutionListener.resetRequestContextHolder' -> true, 'org.springframework.test.context.event.ApplicationEventsTestExecutionListener.recordApplicationEvents' -> false]], class annotated with @DirtiesContext [false] with mode [null], method annotated with @DirtiesContext [false] with mode [null].
[2022-07-01 12:22:52.013] DEBUG ServletTestExecutionListener.afterTestMethod(ServletTestExecutionListener.java:166) - Resetting RequestContextHolder for test context [DefaultTestContext@31f9b85e testClass = JunitUserControllerTest, testInstance = com.pcwk.ehr.JunitUserControllerTest@1542af63, testMethod = doLogin@JunitUserControllerTest, testException = [null], mergedContextConfiguration = [WebMergedContextConfiguration@424e1977 testClass = JunitUserControllerTest, locations = '{file:src/main/webapp/WEB-INF/spring/root-context.xml, file:src/main/webapp/WEB-INF/spring/appServlet/servlet-context.xml}', classes = '{}', contextInitializerClasses = '[]', activeProfiles = '{}', propertySourceLocations = '{}', propertySourceProperties = '{}', contextCustomizers = set[[empty]], resourceBasePath = 'src/main/webapp', contextLoader = 'org.springframework.test.context.web.WebDelegatingSmartContextLoader', parent = [null]], attributes = map['org.springframework.test.context.web.ServletTestExecutionListener.populatedRequestContextHolder' -> true, 'org.springframework.test.context.web.ServletTestExecutionListener.resetRequestContextHolder' -> true, 'org.springframework.test.context.event.ApplicationEventsTestExecutionListener.recordApplicationEvents' -> false]].
[2022-07-01 12:22:52.014] DEBUG DefaultCacheAwareContextLoaderDelegate.loadContext(DefaultCacheAwareContextLoaderDelegate.java:137) - Retrieved ApplicationContext [1442191055] from cache with key [[WebMergedContextConfiguration@424e1977 testClass = JunitUserControllerTest, locations = '{file:src/main/webapp/WEB-INF/spring/root-context.xml, file:src/main/webapp/WEB-INF/spring/appServlet/servlet-context.xml}', classes = '{}', contextInitializerClasses = '[]', activeProfiles = '{}', propertySourceLocations = '{}', propertySourceProperties = '{}', contextCustomizers = set[[empty]], resourceBasePath = 'src/main/webapp', contextLoader = 'org.springframework.test.context.web.WebDelegatingSmartContextLoader', parent = [null]]]
[2022-07-01 12:22:52.014] DEBUG DefaultContextCache.logStatistics(DefaultContextCache.java:290) - Spring test ApplicationContext cache statistics: [DefaultContextCache@57540fd0 size = 1, maxSize = 32, parentContextCount = 0, hitCount = 7, missCount = 1]
[2022-07-01 12:22:52.014] DEBUG AbstractDirtiesContextTestExecutionListener.beforeOrAfterTestClass(AbstractDirtiesContextTestExecutionListener.java:143) - After test class: context [DefaultTestContext@31f9b85e testClass = JunitUserControllerTest, testInstance = [null], testMethod = [null], testException = [null], mergedContextConfiguration = [WebMergedContextConfiguration@424e1977 testClass = JunitUserControllerTest, locations = '{file:src/main/webapp/WEB-INF/spring/root-context.xml, file:src/main/webapp/WEB-INF/spring/appServlet/servlet-context.xml}', classes = '{}', contextInitializerClasses = '[]', activeProfiles = '{}', propertySourceLocations = '{}', propertySourceProperties = '{}', contextCustomizers = set[[empty]], resourceBasePath = 'src/main/webapp', contextLoader = 'org.springframework.test.context.web.WebDelegatingSmartContextLoader', parent = [null]], attributes = map['org.springframework.test.context.event.ApplicationEventsTestExecutionListener.recordApplicationEvents' -> false, 'org.springframework.test.context.support.DependencyInjectionTestExecutionListener.reinjectDependencies' -> true]], class annotated with @DirtiesContext [false] with mode [null].
[2022-07-01 12:22:52.017] INFO  Log4j2SpyLogDelegator.connectionModified(Log4j2SpyLogDelegator.java:365) -  org.apache.commons.dbcp.DelegatingConnection.close(DelegatingConnection.java:247)
2. Connection closed. {executed in 1ms} 
open connections:  none
[2022-07-01 12:22:52.018] INFO  Log4j2SpyLogDelegator.methodReturned(Log4j2SpyLogDelegator.java:197) -  org.apache.commons.dbcp.DelegatingConnection.close(DelegatingConnection.java:247)
2. Connection.close() returned 
